{"date":"Thu Apr 03 2025 23:15:20 GMT+0500 (Pakistan Standard Time)","error":{"diagnosticCodes":[7016]},"exception":true,"level":"error","message":"uncaughtException: ⨯ Unable to compile TypeScript:\n\u001b[96msrc/middleware/validation.middleware.ts\u001b[0m:\u001b[93m4\u001b[0m:\u001b[93m26\u001b[0m - \u001b[91merror\u001b[0m\u001b[90m TS7016: \u001b[0mCould not find a declaration file for module 'sanitize-html'. 'D:/upwork orders/Tudva/abdullah-latest/backend/node_modules/.pnpm/sanitize-html@2.14.0/node_modules/sanitize-html/index.js' implicitly has an 'any' type.\r\n  Try `npm i --save-dev @types/sanitize-html` if it exists or add a new declaration (.d.ts) file containing `declare module 'sanitize-html';`\r\n\r\n\u001b[7m4\u001b[0m import sanitizeHtml from 'sanitize-html';\r\n\u001b[7m \u001b[0m \u001b[91m                         ~~~~~~~~~~~~~~~\u001b[0m\r\n\nTSError: ⨯ Unable to compile TypeScript:\n\u001b[96msrc/middleware/validation.middleware.ts\u001b[0m:\u001b[93m4\u001b[0m:\u001b[93m26\u001b[0m - \u001b[91merror\u001b[0m\u001b[90m TS7016: \u001b[0mCould not find a declaration file for module 'sanitize-html'. 'D:/upwork orders/Tudva/abdullah-latest/backend/node_modules/.pnpm/sanitize-html@2.14.0/node_modules/sanitize-html/index.js' implicitly has an 'any' type.\r\n  Try `npm i --save-dev @types/sanitize-html` if it exists or add a new declaration (.d.ts) file containing `declare module 'sanitize-html';`\r\n\r\n\u001b[7m4\u001b[0m import sanitizeHtml from 'sanitize-html';\r\n\u001b[7m \u001b[0m \u001b[91m                         ~~~~~~~~~~~~~~~\u001b[0m\r\n\n    at createTSError (D:\\upwork orders\\Tudva\\abdullah-latest\\backend\\node_modules\\.pnpm\\ts-node@10.9.2_@types+node@22.13.8_typescript@5.8.2\\node_modules\\ts-node\\src\\index.ts:859:12)\n    at reportTSError (D:\\upwork orders\\Tudva\\abdullah-latest\\backend\\node_modules\\.pnpm\\ts-node@10.9.2_@types+node@22.13.8_typescript@5.8.2\\node_modules\\ts-node\\src\\index.ts:863:19)\n    at getOutput (D:\\upwork orders\\Tudva\\abdullah-latest\\backend\\node_modules\\.pnpm\\ts-node@10.9.2_@types+node@22.13.8_typescript@5.8.2\\node_modules\\ts-node\\src\\index.ts:1077:36)\n    at Object.compile (D:\\upwork orders\\Tudva\\abdullah-latest\\backend\\node_modules\\.pnpm\\ts-node@10.9.2_@types+node@22.13.8_typescript@5.8.2\\node_modules\\ts-node\\src\\index.ts:1433:41)\n    at Module.m._compile (D:\\upwork orders\\Tudva\\abdullah-latest\\backend\\node_modules\\.pnpm\\ts-node@10.9.2_@types+node@22.13.8_typescript@5.8.2\\node_modules\\ts-node\\src\\index.ts:1617:30)\n    at Module._extensions..js (node:internal/modules/cjs/loader:1416:10)\n    at Object.require.extensions.<computed> [as .ts] (D:\\upwork orders\\Tudva\\abdullah-latest\\backend\\node_modules\\.pnpm\\ts-node@10.9.2_@types+node@22.13.8_typescript@5.8.2\\node_modules\\ts-node\\src\\index.ts:1621:12)\n    at Module.load (node:internal/modules/cjs/loader:1208:32)\n    at Function.Module._load (node:internal/modules/cjs/loader:1024:12)\n    at Module.require (node:internal/modules/cjs/loader:1233:19)","os":{"loadavg":[0,0,0],"uptime":862342.109},"process":{"argv":["D:\\upwork orders\\Tudva\\abdullah-latest\\backend\\node_modules\\ts-node\\dist\\bin.js","D:\\upwork orders\\Tudva\\abdullah-latest\\backend\\src\\server.ts"],"cwd":"D:\\upwork orders\\Tudva\\abdullah-latest\\backend","execPath":"C:\\Program Files\\nodejs\\node.exe","gid":null,"memoryUsage":{"arrayBuffers":2468315,"external":6364346,"heapTotal":249118720,"heapUsed":217682984,"rss":293429248},"pid":18416,"uid":null,"version":"v20.15.1"},"stack":"TSError: ⨯ Unable to compile TypeScript:\n\u001b[96msrc/middleware/validation.middleware.ts\u001b[0m:\u001b[93m4\u001b[0m:\u001b[93m26\u001b[0m - \u001b[91merror\u001b[0m\u001b[90m TS7016: \u001b[0mCould not find a declaration file for module 'sanitize-html'. 'D:/upwork orders/Tudva/abdullah-latest/backend/node_modules/.pnpm/sanitize-html@2.14.0/node_modules/sanitize-html/index.js' implicitly has an 'any' type.\r\n  Try `npm i --save-dev @types/sanitize-html` if it exists or add a new declaration (.d.ts) file containing `declare module 'sanitize-html';`\r\n\r\n\u001b[7m4\u001b[0m import sanitizeHtml from 'sanitize-html';\r\n\u001b[7m \u001b[0m \u001b[91m                         ~~~~~~~~~~~~~~~\u001b[0m\r\n\n    at createTSError (D:\\upwork orders\\Tudva\\abdullah-latest\\backend\\node_modules\\.pnpm\\ts-node@10.9.2_@types+node@22.13.8_typescript@5.8.2\\node_modules\\ts-node\\src\\index.ts:859:12)\n    at reportTSError (D:\\upwork orders\\Tudva\\abdullah-latest\\backend\\node_modules\\.pnpm\\ts-node@10.9.2_@types+node@22.13.8_typescript@5.8.2\\node_modules\\ts-node\\src\\index.ts:863:19)\n    at getOutput (D:\\upwork orders\\Tudva\\abdullah-latest\\backend\\node_modules\\.pnpm\\ts-node@10.9.2_@types+node@22.13.8_typescript@5.8.2\\node_modules\\ts-node\\src\\index.ts:1077:36)\n    at Object.compile (D:\\upwork orders\\Tudva\\abdullah-latest\\backend\\node_modules\\.pnpm\\ts-node@10.9.2_@types+node@22.13.8_typescript@5.8.2\\node_modules\\ts-node\\src\\index.ts:1433:41)\n    at Module.m._compile (D:\\upwork orders\\Tudva\\abdullah-latest\\backend\\node_modules\\.pnpm\\ts-node@10.9.2_@types+node@22.13.8_typescript@5.8.2\\node_modules\\ts-node\\src\\index.ts:1617:30)\n    at Module._extensions..js (node:internal/modules/cjs/loader:1416:10)\n    at Object.require.extensions.<computed> [as .ts] (D:\\upwork orders\\Tudva\\abdullah-latest\\backend\\node_modules\\.pnpm\\ts-node@10.9.2_@types+node@22.13.8_typescript@5.8.2\\node_modules\\ts-node\\src\\index.ts:1621:12)\n    at Module.load (node:internal/modules/cjs/loader:1208:32)\n    at Function.Module._load (node:internal/modules/cjs/loader:1024:12)\n    at Module.require (node:internal/modules/cjs/loader:1233:19)","timestamp":"2025-04-03 23:15:20","trace":[{"column":12,"file":"D:\\upwork orders\\Tudva\\abdullah-latest\\backend\\node_modules\\.pnpm\\ts-node@10.9.2_@types+node@22.13.8_typescript@5.8.2\\node_modules\\ts-node\\src\\index.ts","function":"createTSError","line":859,"method":null,"native":false},{"column":19,"file":"D:\\upwork orders\\Tudva\\abdullah-latest\\backend\\node_modules\\.pnpm\\ts-node@10.9.2_@types+node@22.13.8_typescript@5.8.2\\node_modules\\ts-node\\src\\index.ts","function":"reportTSError","line":863,"method":null,"native":false},{"column":36,"file":"D:\\upwork orders\\Tudva\\abdullah-latest\\backend\\node_modules\\.pnpm\\ts-node@10.9.2_@types+node@22.13.8_typescript@5.8.2\\node_modules\\ts-node\\src\\index.ts","function":"getOutput","line":1077,"method":null,"native":false},{"column":41,"file":"D:\\upwork orders\\Tudva\\abdullah-latest\\backend\\node_modules\\.pnpm\\ts-node@10.9.2_@types+node@22.13.8_typescript@5.8.2\\node_modules\\ts-node\\src\\index.ts","function":"Object.compile","line":1433,"method":"compile","native":false},{"column":30,"file":"D:\\upwork orders\\Tudva\\abdullah-latest\\backend\\node_modules\\.pnpm\\ts-node@10.9.2_@types+node@22.13.8_typescript@5.8.2\\node_modules\\ts-node\\src\\index.ts","function":"Module.m._compile","line":1617,"method":"_compile","native":false},{"column":10,"file":"node:internal/modules/cjs/loader","function":"Module._extensions..js","line":1416,"method":".js","native":false},{"column":12,"file":"D:\\upwork orders\\Tudva\\abdullah-latest\\backend\\node_modules\\.pnpm\\ts-node@10.9.2_@types+node@22.13.8_typescript@5.8.2\\node_modules\\ts-node\\src\\index.ts","function":"Object.require.extensions.<computed> [as .ts]","line":1621,"method":"ts]","native":false},{"column":32,"file":"node:internal/modules/cjs/loader","function":"Module.load","line":1208,"method":"load","native":false},{"column":12,"file":"node:internal/modules/cjs/loader","function":"Module._load","line":1024,"method":"_load","native":false},{"column":19,"file":"node:internal/modules/cjs/loader","function":"Module.require","line":1233,"method":"require","native":false}]}
{"date":"Thu Apr 03 2025 23:18:00 GMT+0500 (Pakistan Standard Time)","error":{"address":"::","code":"EADDRINUSE","errno":-4091,"port":3001,"syscall":"listen"},"exception":true,"level":"error","message":"uncaughtException: listen EADDRINUSE: address already in use :::3001\nError: listen EADDRINUSE: address already in use :::3001\n    at Server.setupListenHandle [as _listen2] (node:net:1898:16)\n    at listenInCluster (node:net:1946:12)\n    at Server.listen (node:net:2044:7)\n    at D:\\upwork orders\\Tudva\\abdullah-latest\\backend\\src\\server.ts:28:16\n    at processTicksAndRejections (node:internal/process/task_queues:95:5)","os":{"loadavg":[0,0,0],"uptime":862502.062},"process":{"argv":["D:\\upwork orders\\Tudva\\abdullah-latest\\backend\\node_modules\\ts-node\\dist\\bin.js","D:\\upwork orders\\Tudva\\abdullah-latest\\backend\\src\\server.ts"],"cwd":"D:\\upwork orders\\Tudva\\abdullah-latest\\backend","execPath":"C:\\Program Files\\nodejs\\node.exe","gid":null,"memoryUsage":{"arrayBuffers":4795587,"external":8879227,"heapTotal":277954560,"heapUsed":247256248,"rss":322760704},"pid":13612,"uid":null,"version":"v20.15.1"},"stack":"Error: listen EADDRINUSE: address already in use :::3001\n    at Server.setupListenHandle [as _listen2] (node:net:1898:16)\n    at listenInCluster (node:net:1946:12)\n    at Server.listen (node:net:2044:7)\n    at D:\\upwork orders\\Tudva\\abdullah-latest\\backend\\src\\server.ts:28:16\n    at processTicksAndRejections (node:internal/process/task_queues:95:5)","timestamp":"2025-04-03 23:18:00","trace":[{"column":16,"file":"node:net","function":"Server.setupListenHandle [as _listen2]","line":1898,"method":"setupListenHandle [as _listen2]","native":false},{"column":12,"file":"node:net","function":"listenInCluster","line":1946,"method":null,"native":false},{"column":7,"file":"node:net","function":"Server.listen","line":2044,"method":"listen","native":false},{"column":16,"file":"D:\\upwork orders\\Tudva\\abdullah-latest\\backend\\src\\server.ts","function":null,"line":28,"method":null,"native":false},{"column":5,"file":"node:internal/process/task_queues","function":"processTicksAndRejections","line":95,"method":null,"native":false}]}
{"date":"Thu Apr 03 2025 23:18:18 GMT+0500 (Pakistan Standard Time)","error":{"address":"::","code":"EADDRINUSE","errno":-4091,"port":3001,"syscall":"listen"},"exception":true,"level":"error","message":"uncaughtException: listen EADDRINUSE: address already in use :::3001\nError: listen EADDRINUSE: address already in use :::3001\n    at Server.setupListenHandle [as _listen2] (node:net:1898:16)\n    at listenInCluster (node:net:1946:12)\n    at Server.listen (node:net:2044:7)\n    at D:\\upwork orders\\Tudva\\abdullah-latest\\backend\\src\\server.ts:28:16\n    at processTicksAndRejections (node:internal/process/task_queues:95:5)","os":{"loadavg":[0,0,0],"uptime":862519.968},"process":{"argv":["D:\\upwork orders\\Tudva\\abdullah-latest\\backend\\node_modules\\ts-node\\dist\\bin.js","D:\\upwork orders\\Tudva\\abdullah-latest\\backend\\src\\server.ts"],"cwd":"D:\\upwork orders\\Tudva\\abdullah-latest\\backend","execPath":"C:\\Program Files\\nodejs\\node.exe","gid":null,"memoryUsage":{"arrayBuffers":4787395,"external":8871035,"heapTotal":276905984,"heapUsed":248605456,"rss":327503872},"pid":23732,"uid":null,"version":"v20.15.1"},"stack":"Error: listen EADDRINUSE: address already in use :::3001\n    at Server.setupListenHandle [as _listen2] (node:net:1898:16)\n    at listenInCluster (node:net:1946:12)\n    at Server.listen (node:net:2044:7)\n    at D:\\upwork orders\\Tudva\\abdullah-latest\\backend\\src\\server.ts:28:16\n    at processTicksAndRejections (node:internal/process/task_queues:95:5)","timestamp":"2025-04-03 23:18:18","trace":[{"column":16,"file":"node:net","function":"Server.setupListenHandle [as _listen2]","line":1898,"method":"setupListenHandle [as _listen2]","native":false},{"column":12,"file":"node:net","function":"listenInCluster","line":1946,"method":null,"native":false},{"column":7,"file":"node:net","function":"Server.listen","line":2044,"method":"listen","native":false},{"column":16,"file":"D:\\upwork orders\\Tudva\\abdullah-latest\\backend\\src\\server.ts","function":null,"line":28,"method":null,"native":false},{"column":5,"file":"node:internal/process/task_queues","function":"processTicksAndRejections","line":95,"method":null,"native":false}]}
{"date":"Thu Apr 03 2025 23:18:35 GMT+0500 (Pakistan Standard Time)","error":{"address":"::","code":"EADDRINUSE","errno":-4091,"port":3001,"syscall":"listen"},"exception":true,"level":"error","message":"uncaughtException: listen EADDRINUSE: address already in use :::3001\nError: listen EADDRINUSE: address already in use :::3001\n    at Server.setupListenHandle [as _listen2] (node:net:1898:16)\n    at listenInCluster (node:net:1946:12)\n    at Server.listen (node:net:2044:7)\n    at D:\\upwork orders\\Tudva\\abdullah-latest\\backend\\src\\server.ts:28:16\n    at processTicksAndRejections (node:internal/process/task_queues:95:5)","os":{"loadavg":[0,0,0],"uptime":862537.578},"process":{"argv":["D:\\upwork orders\\Tudva\\abdullah-latest\\backend\\node_modules\\ts-node\\dist\\bin.js","D:\\upwork orders\\Tudva\\abdullah-latest\\backend\\src\\server.ts"],"cwd":"D:\\upwork orders\\Tudva\\abdullah-latest\\backend","execPath":"C:\\Program Files\\nodejs\\node.exe","gid":null,"memoryUsage":{"arrayBuffers":4795643,"external":8879283,"heapTotal":277430272,"heapUsed":247101144,"rss":323129344},"pid":32340,"uid":null,"version":"v20.15.1"},"stack":"Error: listen EADDRINUSE: address already in use :::3001\n    at Server.setupListenHandle [as _listen2] (node:net:1898:16)\n    at listenInCluster (node:net:1946:12)\n    at Server.listen (node:net:2044:7)\n    at D:\\upwork orders\\Tudva\\abdullah-latest\\backend\\src\\server.ts:28:16\n    at processTicksAndRejections (node:internal/process/task_queues:95:5)","timestamp":"2025-04-03 23:18:35","trace":[{"column":16,"file":"node:net","function":"Server.setupListenHandle [as _listen2]","line":1898,"method":"setupListenHandle [as _listen2]","native":false},{"column":12,"file":"node:net","function":"listenInCluster","line":1946,"method":null,"native":false},{"column":7,"file":"node:net","function":"Server.listen","line":2044,"method":"listen","native":false},{"column":16,"file":"D:\\upwork orders\\Tudva\\abdullah-latest\\backend\\src\\server.ts","function":null,"line":28,"method":null,"native":false},{"column":5,"file":"node:internal/process/task_queues","function":"processTicksAndRejections","line":95,"method":null,"native":false}]}
{"date":"Thu Apr 03 2025 23:18:54 GMT+0500 (Pakistan Standard Time)","error":{"address":"::","code":"EADDRINUSE","errno":-4091,"port":3001,"syscall":"listen"},"exception":true,"level":"error","message":"uncaughtException: listen EADDRINUSE: address already in use :::3001\nError: listen EADDRINUSE: address already in use :::3001\n    at Server.setupListenHandle [as _listen2] (node:net:1898:16)\n    at listenInCluster (node:net:1946:12)\n    at Server.listen (node:net:2044:7)\n    at D:\\upwork orders\\Tudva\\abdullah-latest\\backend\\src\\server.ts:28:16\n    at processTicksAndRejections (node:internal/process/task_queues:95:5)","os":{"loadavg":[0,0,0],"uptime":862556.093},"process":{"argv":["D:\\upwork orders\\Tudva\\abdullah-latest\\backend\\node_modules\\ts-node\\dist\\bin.js","D:\\upwork orders\\Tudva\\abdullah-latest\\backend\\src\\server.ts"],"cwd":"D:\\upwork orders\\Tudva\\abdullah-latest\\backend","execPath":"C:\\Program Files\\nodejs\\node.exe","gid":null,"memoryUsage":{"arrayBuffers":4795643,"external":8879283,"heapTotal":275333120,"heapUsed":247572848,"rss":325111808},"pid":19380,"uid":null,"version":"v20.15.1"},"stack":"Error: listen EADDRINUSE: address already in use :::3001\n    at Server.setupListenHandle [as _listen2] (node:net:1898:16)\n    at listenInCluster (node:net:1946:12)\n    at Server.listen (node:net:2044:7)\n    at D:\\upwork orders\\Tudva\\abdullah-latest\\backend\\src\\server.ts:28:16\n    at processTicksAndRejections (node:internal/process/task_queues:95:5)","timestamp":"2025-04-03 23:18:54","trace":[{"column":16,"file":"node:net","function":"Server.setupListenHandle [as _listen2]","line":1898,"method":"setupListenHandle [as _listen2]","native":false},{"column":12,"file":"node:net","function":"listenInCluster","line":1946,"method":null,"native":false},{"column":7,"file":"node:net","function":"Server.listen","line":2044,"method":"listen","native":false},{"column":16,"file":"D:\\upwork orders\\Tudva\\abdullah-latest\\backend\\src\\server.ts","function":null,"line":28,"method":null,"native":false},{"column":5,"file":"node:internal/process/task_queues","function":"processTicksAndRejections","line":95,"method":null,"native":false}]}
{"date":"Thu Apr 03 2025 23:28:16 GMT+0500 (Pakistan Standard Time)","error":{"address":"::","code":"EADDRINUSE","errno":-4091,"port":3001,"syscall":"listen"},"exception":true,"level":"error","message":"uncaughtException: listen EADDRINUSE: address already in use :::3001\nError: listen EADDRINUSE: address already in use :::3001\n    at Server.setupListenHandle [as _listen2] (node:net:1898:16)\n    at listenInCluster (node:net:1946:12)\n    at Server.listen (node:net:2044:7)\n    at D:\\upwork orders\\Tudva\\abdullah-latest\\backend\\src\\server.ts:28:16\n    at processTicksAndRejections (node:internal/process/task_queues:95:5)","os":{"loadavg":[0,0,0],"uptime":863118.781},"process":{"argv":["D:\\upwork orders\\Tudva\\abdullah-latest\\backend\\node_modules\\ts-node\\dist\\bin.js","D:\\upwork orders\\Tudva\\abdullah-latest\\backend\\src\\server.ts"],"cwd":"D:\\upwork orders\\Tudva\\abdullah-latest\\backend","execPath":"C:\\Program Files\\nodejs\\node.exe","gid":null,"memoryUsage":{"arrayBuffers":4787419,"external":8871059,"heapTotal":272973824,"heapUsed":244161280,"rss":319979520},"pid":15640,"uid":null,"version":"v20.15.1"},"stack":"Error: listen EADDRINUSE: address already in use :::3001\n    at Server.setupListenHandle [as _listen2] (node:net:1898:16)\n    at listenInCluster (node:net:1946:12)\n    at Server.listen (node:net:2044:7)\n    at D:\\upwork orders\\Tudva\\abdullah-latest\\backend\\src\\server.ts:28:16\n    at processTicksAndRejections (node:internal/process/task_queues:95:5)","timestamp":"2025-04-03 23:28:16","trace":[{"column":16,"file":"node:net","function":"Server.setupListenHandle [as _listen2]","line":1898,"method":"setupListenHandle [as _listen2]","native":false},{"column":12,"file":"node:net","function":"listenInCluster","line":1946,"method":null,"native":false},{"column":7,"file":"node:net","function":"Server.listen","line":2044,"method":"listen","native":false},{"column":16,"file":"D:\\upwork orders\\Tudva\\abdullah-latest\\backend\\src\\server.ts","function":null,"line":28,"method":null,"native":false},{"column":5,"file":"node:internal/process/task_queues","function":"processTicksAndRejections","line":95,"method":null,"native":false}]}
{"date":"Thu Apr 03 2025 23:28:38 GMT+0500 (Pakistan Standard Time)","error":{"diagnosticCodes":[7016]},"exception":true,"level":"error","message":"uncaughtException: ⨯ Unable to compile TypeScript:\n\u001b[96msrc/middleware/validation.middleware.ts\u001b[0m:\u001b[93m4\u001b[0m:\u001b[93m26\u001b[0m - \u001b[91merror\u001b[0m\u001b[90m TS7016: \u001b[0mCould not find a declaration file for module 'sanitize-html'. 'D:/upwork orders/Tudva/abdullah-latest/backend/node_modules/.pnpm/sanitize-html@2.14.0/node_modules/sanitize-html/index.js' implicitly has an 'any' type.\r\n  Try `npm i --save-dev @types/sanitize-html` if it exists or add a new declaration (.d.ts) file containing `declare module 'sanitize-html';`\r\n\r\n\u001b[7m4\u001b[0m import sanitizeHtml from 'sanitize-html';\r\n\u001b[7m \u001b[0m \u001b[91m                         ~~~~~~~~~~~~~~~\u001b[0m\r\n\nTSError: ⨯ Unable to compile TypeScript:\n\u001b[96msrc/middleware/validation.middleware.ts\u001b[0m:\u001b[93m4\u001b[0m:\u001b[93m26\u001b[0m - \u001b[91merror\u001b[0m\u001b[90m TS7016: \u001b[0mCould not find a declaration file for module 'sanitize-html'. 'D:/upwork orders/Tudva/abdullah-latest/backend/node_modules/.pnpm/sanitize-html@2.14.0/node_modules/sanitize-html/index.js' implicitly has an 'any' type.\r\n  Try `npm i --save-dev @types/sanitize-html` if it exists or add a new declaration (.d.ts) file containing `declare module 'sanitize-html';`\r\n\r\n\u001b[7m4\u001b[0m import sanitizeHtml from 'sanitize-html';\r\n\u001b[7m \u001b[0m \u001b[91m                         ~~~~~~~~~~~~~~~\u001b[0m\r\n\n    at createTSError (D:\\upwork orders\\Tudva\\abdullah-latest\\backend\\node_modules\\.pnpm\\ts-node@10.9.2_@types+node@22.13.8_typescript@5.8.2\\node_modules\\ts-node\\src\\index.ts:859:12)\n    at reportTSError (D:\\upwork orders\\Tudva\\abdullah-latest\\backend\\node_modules\\.pnpm\\ts-node@10.9.2_@types+node@22.13.8_typescript@5.8.2\\node_modules\\ts-node\\src\\index.ts:863:19)\n    at getOutput (D:\\upwork orders\\Tudva\\abdullah-latest\\backend\\node_modules\\.pnpm\\ts-node@10.9.2_@types+node@22.13.8_typescript@5.8.2\\node_modules\\ts-node\\src\\index.ts:1077:36)\n    at Object.compile (D:\\upwork orders\\Tudva\\abdullah-latest\\backend\\node_modules\\.pnpm\\ts-node@10.9.2_@types+node@22.13.8_typescript@5.8.2\\node_modules\\ts-node\\src\\index.ts:1433:41)\n    at Module.m._compile (D:\\upwork orders\\Tudva\\abdullah-latest\\backend\\node_modules\\.pnpm\\ts-node@10.9.2_@types+node@22.13.8_typescript@5.8.2\\node_modules\\ts-node\\src\\index.ts:1617:30)\n    at Module._extensions..js (node:internal/modules/cjs/loader:1416:10)\n    at Object.require.extensions.<computed> [as .ts] (D:\\upwork orders\\Tudva\\abdullah-latest\\backend\\node_modules\\.pnpm\\ts-node@10.9.2_@types+node@22.13.8_typescript@5.8.2\\node_modules\\ts-node\\src\\index.ts:1621:12)\n    at Module.load (node:internal/modules/cjs/loader:1208:32)\n    at Function.Module._load (node:internal/modules/cjs/loader:1024:12)\n    at Module.require (node:internal/modules/cjs/loader:1233:19)","os":{"loadavg":[0,0,0],"uptime":863140.937},"process":{"argv":["D:\\upwork orders\\Tudva\\abdullah-latest\\backend\\node_modules\\ts-node\\dist\\bin.js","D:\\upwork orders\\Tudva\\abdullah-latest\\backend\\src\\server.ts"],"cwd":"D:\\upwork orders\\Tudva\\abdullah-latest\\backend","execPath":"C:\\Program Files\\nodejs\\node.exe","gid":null,"memoryUsage":{"arrayBuffers":4788498,"external":8684529,"heapTotal":248332288,"heapUsed":223588768,"rss":294699008},"pid":12552,"uid":null,"version":"v20.15.1"},"stack":"TSError: ⨯ Unable to compile TypeScript:\n\u001b[96msrc/middleware/validation.middleware.ts\u001b[0m:\u001b[93m4\u001b[0m:\u001b[93m26\u001b[0m - \u001b[91merror\u001b[0m\u001b[90m TS7016: \u001b[0mCould not find a declaration file for module 'sanitize-html'. 'D:/upwork orders/Tudva/abdullah-latest/backend/node_modules/.pnpm/sanitize-html@2.14.0/node_modules/sanitize-html/index.js' implicitly has an 'any' type.\r\n  Try `npm i --save-dev @types/sanitize-html` if it exists or add a new declaration (.d.ts) file containing `declare module 'sanitize-html';`\r\n\r\n\u001b[7m4\u001b[0m import sanitizeHtml from 'sanitize-html';\r\n\u001b[7m \u001b[0m \u001b[91m                         ~~~~~~~~~~~~~~~\u001b[0m\r\n\n    at createTSError (D:\\upwork orders\\Tudva\\abdullah-latest\\backend\\node_modules\\.pnpm\\ts-node@10.9.2_@types+node@22.13.8_typescript@5.8.2\\node_modules\\ts-node\\src\\index.ts:859:12)\n    at reportTSError (D:\\upwork orders\\Tudva\\abdullah-latest\\backend\\node_modules\\.pnpm\\ts-node@10.9.2_@types+node@22.13.8_typescript@5.8.2\\node_modules\\ts-node\\src\\index.ts:863:19)\n    at getOutput (D:\\upwork orders\\Tudva\\abdullah-latest\\backend\\node_modules\\.pnpm\\ts-node@10.9.2_@types+node@22.13.8_typescript@5.8.2\\node_modules\\ts-node\\src\\index.ts:1077:36)\n    at Object.compile (D:\\upwork orders\\Tudva\\abdullah-latest\\backend\\node_modules\\.pnpm\\ts-node@10.9.2_@types+node@22.13.8_typescript@5.8.2\\node_modules\\ts-node\\src\\index.ts:1433:41)\n    at Module.m._compile (D:\\upwork orders\\Tudva\\abdullah-latest\\backend\\node_modules\\.pnpm\\ts-node@10.9.2_@types+node@22.13.8_typescript@5.8.2\\node_modules\\ts-node\\src\\index.ts:1617:30)\n    at Module._extensions..js (node:internal/modules/cjs/loader:1416:10)\n    at Object.require.extensions.<computed> [as .ts] (D:\\upwork orders\\Tudva\\abdullah-latest\\backend\\node_modules\\.pnpm\\ts-node@10.9.2_@types+node@22.13.8_typescript@5.8.2\\node_modules\\ts-node\\src\\index.ts:1621:12)\n    at Module.load (node:internal/modules/cjs/loader:1208:32)\n    at Function.Module._load (node:internal/modules/cjs/loader:1024:12)\n    at Module.require (node:internal/modules/cjs/loader:1233:19)","timestamp":"2025-04-03 23:28:38","trace":[{"column":12,"file":"D:\\upwork orders\\Tudva\\abdullah-latest\\backend\\node_modules\\.pnpm\\ts-node@10.9.2_@types+node@22.13.8_typescript@5.8.2\\node_modules\\ts-node\\src\\index.ts","function":"createTSError","line":859,"method":null,"native":false},{"column":19,"file":"D:\\upwork orders\\Tudva\\abdullah-latest\\backend\\node_modules\\.pnpm\\ts-node@10.9.2_@types+node@22.13.8_typescript@5.8.2\\node_modules\\ts-node\\src\\index.ts","function":"reportTSError","line":863,"method":null,"native":false},{"column":36,"file":"D:\\upwork orders\\Tudva\\abdullah-latest\\backend\\node_modules\\.pnpm\\ts-node@10.9.2_@types+node@22.13.8_typescript@5.8.2\\node_modules\\ts-node\\src\\index.ts","function":"getOutput","line":1077,"method":null,"native":false},{"column":41,"file":"D:\\upwork orders\\Tudva\\abdullah-latest\\backend\\node_modules\\.pnpm\\ts-node@10.9.2_@types+node@22.13.8_typescript@5.8.2\\node_modules\\ts-node\\src\\index.ts","function":"Object.compile","line":1433,"method":"compile","native":false},{"column":30,"file":"D:\\upwork orders\\Tudva\\abdullah-latest\\backend\\node_modules\\.pnpm\\ts-node@10.9.2_@types+node@22.13.8_typescript@5.8.2\\node_modules\\ts-node\\src\\index.ts","function":"Module.m._compile","line":1617,"method":"_compile","native":false},{"column":10,"file":"node:internal/modules/cjs/loader","function":"Module._extensions..js","line":1416,"method":".js","native":false},{"column":12,"file":"D:\\upwork orders\\Tudva\\abdullah-latest\\backend\\node_modules\\.pnpm\\ts-node@10.9.2_@types+node@22.13.8_typescript@5.8.2\\node_modules\\ts-node\\src\\index.ts","function":"Object.require.extensions.<computed> [as .ts]","line":1621,"method":"ts]","native":false},{"column":32,"file":"node:internal/modules/cjs/loader","function":"Module.load","line":1208,"method":"load","native":false},{"column":12,"file":"node:internal/modules/cjs/loader","function":"Module._load","line":1024,"method":"_load","native":false},{"column":19,"file":"node:internal/modules/cjs/loader","function":"Module.require","line":1233,"method":"require","native":false}]}
{"date":"Thu Apr 03 2025 23:29:07 GMT+0500 (Pakistan Standard Time)","error":{"address":"::","code":"EADDRINUSE","errno":-4091,"port":3001,"syscall":"listen"},"exception":true,"level":"error","message":"uncaughtException: listen EADDRINUSE: address already in use :::3001\nError: listen EADDRINUSE: address already in use :::3001\n    at Server.setupListenHandle [as _listen2] (node:net:1898:16)\n    at listenInCluster (node:net:1946:12)\n    at Server.listen (node:net:2044:7)\n    at D:\\upwork orders\\Tudva\\abdullah-latest\\backend\\src\\server.ts:28:16\n    at processTicksAndRejections (node:internal/process/task_queues:95:5)","os":{"loadavg":[0,0,0],"uptime":863169.156},"process":{"argv":["D:\\upwork orders\\Tudva\\abdullah-latest\\backend\\node_modules\\ts-node\\dist\\bin.js","D:\\upwork orders\\Tudva\\abdullah-latest\\backend\\src\\server.ts"],"cwd":"D:\\upwork orders\\Tudva\\abdullah-latest\\backend","execPath":"C:\\Program Files\\nodejs\\node.exe","gid":null,"memoryUsage":{"arrayBuffers":4787315,"external":8870955,"heapTotal":277430272,"heapUsed":248851152,"rss":320126976},"pid":32760,"uid":null,"version":"v20.15.1"},"stack":"Error: listen EADDRINUSE: address already in use :::3001\n    at Server.setupListenHandle [as _listen2] (node:net:1898:16)\n    at listenInCluster (node:net:1946:12)\n    at Server.listen (node:net:2044:7)\n    at D:\\upwork orders\\Tudva\\abdullah-latest\\backend\\src\\server.ts:28:16\n    at processTicksAndRejections (node:internal/process/task_queues:95:5)","timestamp":"2025-04-03 23:29:07","trace":[{"column":16,"file":"node:net","function":"Server.setupListenHandle [as _listen2]","line":1898,"method":"setupListenHandle [as _listen2]","native":false},{"column":12,"file":"node:net","function":"listenInCluster","line":1946,"method":null,"native":false},{"column":7,"file":"node:net","function":"Server.listen","line":2044,"method":"listen","native":false},{"column":16,"file":"D:\\upwork orders\\Tudva\\abdullah-latest\\backend\\src\\server.ts","function":null,"line":28,"method":null,"native":false},{"column":5,"file":"node:internal/process/task_queues","function":"processTicksAndRejections","line":95,"method":null,"native":false}]}
{"date":"Thu Apr 03 2025 23:29:31 GMT+0500 (Pakistan Standard Time)","error":{"address":"::","code":"EADDRINUSE","errno":-4091,"port":3001,"syscall":"listen"},"exception":true,"level":"error","message":"uncaughtException: listen EADDRINUSE: address already in use :::3001\nError: listen EADDRINUSE: address already in use :::3001\n    at Server.setupListenHandle [as _listen2] (node:net:1898:16)\n    at listenInCluster (node:net:1946:12)\n    at Server.listen (node:net:2044:7)\n    at D:\\upwork orders\\Tudva\\abdullah-latest\\backend\\src\\server.ts:28:16\n    at processTicksAndRejections (node:internal/process/task_queues:95:5)","os":{"loadavg":[0,0,0],"uptime":863193.578},"process":{"argv":["D:\\upwork orders\\Tudva\\abdullah-latest\\backend\\node_modules\\ts-node\\dist\\bin.js","D:\\upwork orders\\Tudva\\abdullah-latest\\backend\\src\\server.ts"],"cwd":"D:\\upwork orders\\Tudva\\abdullah-latest\\backend","execPath":"C:\\Program Files\\nodejs\\node.exe","gid":null,"memoryUsage":{"arrayBuffers":4787347,"external":8870987,"heapTotal":277954560,"heapUsed":246359224,"rss":324907008},"pid":9760,"uid":null,"version":"v20.15.1"},"stack":"Error: listen EADDRINUSE: address already in use :::3001\n    at Server.setupListenHandle [as _listen2] (node:net:1898:16)\n    at listenInCluster (node:net:1946:12)\n    at Server.listen (node:net:2044:7)\n    at D:\\upwork orders\\Tudva\\abdullah-latest\\backend\\src\\server.ts:28:16\n    at processTicksAndRejections (node:internal/process/task_queues:95:5)","timestamp":"2025-04-03 23:29:31","trace":[{"column":16,"file":"node:net","function":"Server.setupListenHandle [as _listen2]","line":1898,"method":"setupListenHandle [as _listen2]","native":false},{"column":12,"file":"node:net","function":"listenInCluster","line":1946,"method":null,"native":false},{"column":7,"file":"node:net","function":"Server.listen","line":2044,"method":"listen","native":false},{"column":16,"file":"D:\\upwork orders\\Tudva\\abdullah-latest\\backend\\src\\server.ts","function":null,"line":28,"method":null,"native":false},{"column":5,"file":"node:internal/process/task_queues","function":"processTicksAndRejections","line":95,"method":null,"native":false}]}
{"date":"Thu Apr 03 2025 23:30:03 GMT+0500 (Pakistan Standard Time)","error":{"address":"::","code":"EADDRINUSE","errno":-4091,"port":3001,"syscall":"listen"},"exception":true,"level":"error","message":"uncaughtException: listen EADDRINUSE: address already in use :::3001\nError: listen EADDRINUSE: address already in use :::3001\n    at Server.setupListenHandle [as _listen2] (node:net:1898:16)\n    at listenInCluster (node:net:1946:12)\n    at Server.listen (node:net:2044:7)\n    at D:\\upwork orders\\Tudva\\abdullah-latest\\backend\\src\\server.ts:28:16\n    at processTicksAndRejections (node:internal/process/task_queues:95:5)","os":{"loadavg":[0,0,0],"uptime":863225.625},"process":{"argv":["D:\\upwork orders\\Tudva\\abdullah-latest\\backend\\node_modules\\ts-node\\dist\\bin.js","D:\\upwork orders\\Tudva\\abdullah-latest\\backend\\src\\server.ts"],"cwd":"D:\\upwork orders\\Tudva\\abdullah-latest\\backend","execPath":"C:\\Program Files\\nodejs\\node.exe","gid":null,"memoryUsage":{"arrayBuffers":4787323,"external":8870963,"heapTotal":278740992,"heapUsed":242068888,"rss":325226496},"pid":23712,"uid":null,"version":"v20.15.1"},"stack":"Error: listen EADDRINUSE: address already in use :::3001\n    at Server.setupListenHandle [as _listen2] (node:net:1898:16)\n    at listenInCluster (node:net:1946:12)\n    at Server.listen (node:net:2044:7)\n    at D:\\upwork orders\\Tudva\\abdullah-latest\\backend\\src\\server.ts:28:16\n    at processTicksAndRejections (node:internal/process/task_queues:95:5)","timestamp":"2025-04-03 23:30:03","trace":[{"column":16,"file":"node:net","function":"Server.setupListenHandle [as _listen2]","line":1898,"method":"setupListenHandle [as _listen2]","native":false},{"column":12,"file":"node:net","function":"listenInCluster","line":1946,"method":null,"native":false},{"column":7,"file":"node:net","function":"Server.listen","line":2044,"method":"listen","native":false},{"column":16,"file":"D:\\upwork orders\\Tudva\\abdullah-latest\\backend\\src\\server.ts","function":null,"line":28,"method":null,"native":false},{"column":5,"file":"node:internal/process/task_queues","function":"processTicksAndRejections","line":95,"method":null,"native":false}]}
{"date":"Thu Apr 03 2025 23:30:15 GMT+0500 (Pakistan Standard Time)","error":{"address":"::","code":"EADDRINUSE","errno":-4091,"port":3001,"syscall":"listen"},"exception":true,"level":"error","message":"uncaughtException: listen EADDRINUSE: address already in use :::3001\nError: listen EADDRINUSE: address already in use :::3001\n    at Server.setupListenHandle [as _listen2] (node:net:1898:16)\n    at listenInCluster (node:net:1946:12)\n    at Server.listen (node:net:2044:7)\n    at D:\\upwork orders\\Tudva\\abdullah-latest\\backend\\src\\server.ts:28:16\n    at processTicksAndRejections (node:internal/process/task_queues:95:5)","os":{"loadavg":[0,0,0],"uptime":863237.593},"process":{"argv":["D:\\upwork orders\\Tudva\\abdullah-latest\\backend\\node_modules\\ts-node\\dist\\bin.js","D:\\upwork orders\\Tudva\\abdullah-latest\\backend\\src\\server.ts"],"cwd":"D:\\upwork orders\\Tudva\\abdullah-latest\\backend","execPath":"C:\\Program Files\\nodejs\\node.exe","gid":null,"memoryUsage":{"arrayBuffers":4787403,"external":8871043,"heapTotal":277168128,"heapUsed":243566888,"rss":323891200},"pid":29084,"uid":null,"version":"v20.15.1"},"stack":"Error: listen EADDRINUSE: address already in use :::3001\n    at Server.setupListenHandle [as _listen2] (node:net:1898:16)\n    at listenInCluster (node:net:1946:12)\n    at Server.listen (node:net:2044:7)\n    at D:\\upwork orders\\Tudva\\abdullah-latest\\backend\\src\\server.ts:28:16\n    at processTicksAndRejections (node:internal/process/task_queues:95:5)","timestamp":"2025-04-03 23:30:15","trace":[{"column":16,"file":"node:net","function":"Server.setupListenHandle [as _listen2]","line":1898,"method":"setupListenHandle [as _listen2]","native":false},{"column":12,"file":"node:net","function":"listenInCluster","line":1946,"method":null,"native":false},{"column":7,"file":"node:net","function":"Server.listen","line":2044,"method":"listen","native":false},{"column":16,"file":"D:\\upwork orders\\Tudva\\abdullah-latest\\backend\\src\\server.ts","function":null,"line":28,"method":null,"native":false},{"column":5,"file":"node:internal/process/task_queues","function":"processTicksAndRejections","line":95,"method":null,"native":false}]}
{"date":"Thu Apr 03 2025 23:30:40 GMT+0500 (Pakistan Standard Time)","error":{"address":"::","code":"EADDRINUSE","errno":-4091,"port":3001,"syscall":"listen"},"exception":true,"level":"error","message":"uncaughtException: listen EADDRINUSE: address already in use :::3001\nError: listen EADDRINUSE: address already in use :::3001\n    at Server.setupListenHandle [as _listen2] (node:net:1898:16)\n    at listenInCluster (node:net:1946:12)\n    at Server.listen (node:net:2044:7)\n    at D:\\upwork orders\\Tudva\\abdullah-latest\\backend\\src\\server.ts:31:16\n    at processTicksAndRejections (node:internal/process/task_queues:95:5)","os":{"loadavg":[0,0,0],"uptime":863262.64},"process":{"argv":["D:\\upwork orders\\Tudva\\abdullah-latest\\backend\\node_modules\\ts-node\\dist\\bin.js","D:\\upwork orders\\Tudva\\abdullah-latest\\backend\\src\\server.ts"],"cwd":"D:\\upwork orders\\Tudva\\abdullah-latest\\backend","execPath":"C:\\Program Files\\nodejs\\node.exe","gid":null,"memoryUsage":{"arrayBuffers":4787491,"external":8871131,"heapTotal":276119552,"heapUsed":246169920,"rss":324005888},"pid":18824,"uid":null,"version":"v20.15.1"},"stack":"Error: listen EADDRINUSE: address already in use :::3001\n    at Server.setupListenHandle [as _listen2] (node:net:1898:16)\n    at listenInCluster (node:net:1946:12)\n    at Server.listen (node:net:2044:7)\n    at D:\\upwork orders\\Tudva\\abdullah-latest\\backend\\src\\server.ts:31:16\n    at processTicksAndRejections (node:internal/process/task_queues:95:5)","timestamp":"2025-04-03 23:30:40","trace":[{"column":16,"file":"node:net","function":"Server.setupListenHandle [as _listen2]","line":1898,"method":"setupListenHandle [as _listen2]","native":false},{"column":12,"file":"node:net","function":"listenInCluster","line":1946,"method":null,"native":false},{"column":7,"file":"node:net","function":"Server.listen","line":2044,"method":"listen","native":false},{"column":16,"file":"D:\\upwork orders\\Tudva\\abdullah-latest\\backend\\src\\server.ts","function":null,"line":31,"method":null,"native":false},{"column":5,"file":"node:internal/process/task_queues","function":"processTicksAndRejections","line":95,"method":null,"native":false}]}
{"date":"Thu Apr 03 2025 23:31:36 GMT+0500 (Pakistan Standard Time)","error":{"address":"::","code":"EADDRINUSE","errno":-4091,"port":3001,"syscall":"listen"},"exception":true,"level":"error","message":"uncaughtException: listen EADDRINUSE: address already in use :::3001\nError: listen EADDRINUSE: address already in use :::3001\n    at Server.setupListenHandle [as _listen2] (node:net:1898:16)\n    at listenInCluster (node:net:1946:12)\n    at Server.listen (node:net:2044:7)\n    at D:\\upwork orders\\Tudva\\abdullah-latest\\backend\\src\\server.ts:31:16\n    at processTicksAndRejections (node:internal/process/task_queues:95:5)","os":{"loadavg":[0,0,0],"uptime":863318.437},"process":{"argv":["D:\\upwork orders\\Tudva\\abdullah-latest\\backend\\node_modules\\ts-node\\dist\\bin.js","D:\\upwork orders\\Tudva\\abdullah-latest\\backend\\src\\server.ts"],"cwd":"D:\\upwork orders\\Tudva\\abdullah-latest\\backend","execPath":"C:\\Program Files\\nodejs\\node.exe","gid":null,"memoryUsage":{"arrayBuffers":4787307,"external":8870947,"heapTotal":258293760,"heapUsed":230506552,"rss":305553408},"pid":18796,"uid":null,"version":"v20.15.1"},"stack":"Error: listen EADDRINUSE: address already in use :::3001\n    at Server.setupListenHandle [as _listen2] (node:net:1898:16)\n    at listenInCluster (node:net:1946:12)\n    at Server.listen (node:net:2044:7)\n    at D:\\upwork orders\\Tudva\\abdullah-latest\\backend\\src\\server.ts:31:16\n    at processTicksAndRejections (node:internal/process/task_queues:95:5)","timestamp":"2025-04-03 23:31:36","trace":[{"column":16,"file":"node:net","function":"Server.setupListenHandle [as _listen2]","line":1898,"method":"setupListenHandle [as _listen2]","native":false},{"column":12,"file":"node:net","function":"listenInCluster","line":1946,"method":null,"native":false},{"column":7,"file":"node:net","function":"Server.listen","line":2044,"method":"listen","native":false},{"column":16,"file":"D:\\upwork orders\\Tudva\\abdullah-latest\\backend\\src\\server.ts","function":null,"line":31,"method":null,"native":false},{"column":5,"file":"node:internal/process/task_queues","function":"processTicksAndRejections","line":95,"method":null,"native":false}]}
{"date":"Thu Apr 03 2025 23:31:44 GMT+0500 (Pakistan Standard Time)","error":{"address":"::","code":"EADDRINUSE","errno":-4091,"port":3001,"syscall":"listen"},"exception":true,"level":"error","message":"uncaughtException: listen EADDRINUSE: address already in use :::3001\nError: listen EADDRINUSE: address already in use :::3001\n    at Server.setupListenHandle [as _listen2] (node:net:1898:16)\n    at listenInCluster (node:net:1946:12)\n    at Server.listen (node:net:2044:7)\n    at D:\\upwork orders\\Tudva\\abdullah-latest\\backend\\src\\server.ts:27:16\n    at processTicksAndRejections (node:internal/process/task_queues:95:5)","os":{"loadavg":[0,0,0],"uptime":863326.062},"process":{"argv":["D:\\upwork orders\\Tudva\\abdullah-latest\\backend\\node_modules\\ts-node\\dist\\bin.js","D:\\upwork orders\\Tudva\\abdullah-latest\\backend\\src\\server.ts"],"cwd":"D:\\upwork orders\\Tudva\\abdullah-latest\\backend","execPath":"C:\\Program Files\\nodejs\\node.exe","gid":null,"memoryUsage":{"arrayBuffers":4795491,"external":8879055,"heapTotal":253935616,"heapUsed":222064984,"rss":301629440},"pid":9024,"uid":null,"version":"v20.15.1"},"stack":"Error: listen EADDRINUSE: address already in use :::3001\n    at Server.setupListenHandle [as _listen2] (node:net:1898:16)\n    at listenInCluster (node:net:1946:12)\n    at Server.listen (node:net:2044:7)\n    at D:\\upwork orders\\Tudva\\abdullah-latest\\backend\\src\\server.ts:27:16\n    at processTicksAndRejections (node:internal/process/task_queues:95:5)","timestamp":"2025-04-03 23:31:44","trace":[{"column":16,"file":"node:net","function":"Server.setupListenHandle [as _listen2]","line":1898,"method":"setupListenHandle [as _listen2]","native":false},{"column":12,"file":"node:net","function":"listenInCluster","line":1946,"method":null,"native":false},{"column":7,"file":"node:net","function":"Server.listen","line":2044,"method":"listen","native":false},{"column":16,"file":"D:\\upwork orders\\Tudva\\abdullah-latest\\backend\\src\\server.ts","function":null,"line":27,"method":null,"native":false},{"column":5,"file":"node:internal/process/task_queues","function":"processTicksAndRejections","line":95,"method":null,"native":false}]}
{"date":"Thu Apr 03 2025 23:34:26 GMT+0500 (Pakistan Standard Time)","error":{"diagnosticCodes":[7016]},"exception":true,"level":"error","message":"uncaughtException: ⨯ Unable to compile TypeScript:\n\u001b[96msrc/middleware/validation.middleware.ts\u001b[0m:\u001b[93m4\u001b[0m:\u001b[93m26\u001b[0m - \u001b[91merror\u001b[0m\u001b[90m TS7016: \u001b[0mCould not find a declaration file for module 'sanitize-html'. 'D:/upwork orders/Tudva/abdullah-latest/backend/node_modules/.pnpm/sanitize-html@2.14.0/node_modules/sanitize-html/index.js' implicitly has an 'any' type.\r\n  Try `npm i --save-dev @types/sanitize-html` if it exists or add a new declaration (.d.ts) file containing `declare module 'sanitize-html';`\r\n\r\n\u001b[7m4\u001b[0m import sanitizeHtml from 'sanitize-html';\r\n\u001b[7m \u001b[0m \u001b[91m                         ~~~~~~~~~~~~~~~\u001b[0m\r\n\nTSError: ⨯ Unable to compile TypeScript:\n\u001b[96msrc/middleware/validation.middleware.ts\u001b[0m:\u001b[93m4\u001b[0m:\u001b[93m26\u001b[0m - \u001b[91merror\u001b[0m\u001b[90m TS7016: \u001b[0mCould not find a declaration file for module 'sanitize-html'. 'D:/upwork orders/Tudva/abdullah-latest/backend/node_modules/.pnpm/sanitize-html@2.14.0/node_modules/sanitize-html/index.js' implicitly has an 'any' type.\r\n  Try `npm i --save-dev @types/sanitize-html` if it exists or add a new declaration (.d.ts) file containing `declare module 'sanitize-html';`\r\n\r\n\u001b[7m4\u001b[0m import sanitizeHtml from 'sanitize-html';\r\n\u001b[7m \u001b[0m \u001b[91m                         ~~~~~~~~~~~~~~~\u001b[0m\r\n\n    at createTSError (D:\\upwork orders\\Tudva\\abdullah-latest\\backend\\node_modules\\.pnpm\\ts-node@10.9.2_@types+node@22.13.8_typescript@5.8.2\\node_modules\\ts-node\\src\\index.ts:859:12)\n    at reportTSError (D:\\upwork orders\\Tudva\\abdullah-latest\\backend\\node_modules\\.pnpm\\ts-node@10.9.2_@types+node@22.13.8_typescript@5.8.2\\node_modules\\ts-node\\src\\index.ts:863:19)\n    at getOutput (D:\\upwork orders\\Tudva\\abdullah-latest\\backend\\node_modules\\.pnpm\\ts-node@10.9.2_@types+node@22.13.8_typescript@5.8.2\\node_modules\\ts-node\\src\\index.ts:1077:36)\n    at Object.compile (D:\\upwork orders\\Tudva\\abdullah-latest\\backend\\node_modules\\.pnpm\\ts-node@10.9.2_@types+node@22.13.8_typescript@5.8.2\\node_modules\\ts-node\\src\\index.ts:1433:41)\n    at Module.m._compile (D:\\upwork orders\\Tudva\\abdullah-latest\\backend\\node_modules\\.pnpm\\ts-node@10.9.2_@types+node@22.13.8_typescript@5.8.2\\node_modules\\ts-node\\src\\index.ts:1617:30)\n    at Module._extensions..js (node:internal/modules/cjs/loader:1416:10)\n    at Object.require.extensions.<computed> [as .ts] (D:\\upwork orders\\Tudva\\abdullah-latest\\backend\\node_modules\\.pnpm\\ts-node@10.9.2_@types+node@22.13.8_typescript@5.8.2\\node_modules\\ts-node\\src\\index.ts:1621:12)\n    at Module.load (node:internal/modules/cjs/loader:1208:32)\n    at Function.Module._load (node:internal/modules/cjs/loader:1024:12)\n    at Module.require (node:internal/modules/cjs/loader:1233:19)","os":{"loadavg":[0,0,0],"uptime":863488.25},"process":{"argv":["D:\\upwork orders\\Tudva\\abdullah-latest\\backend\\node_modules\\ts-node\\dist\\bin.js","D:\\upwork orders\\Tudva\\abdullah-latest\\backend\\src\\server.ts"],"cwd":"D:\\upwork orders\\Tudva\\abdullah-latest\\backend","execPath":"C:\\Program Files\\nodejs\\node.exe","gid":null,"memoryUsage":{"arrayBuffers":4784083,"external":8680038,"heapTotal":246333440,"heapUsed":208695016,"rss":292503552},"pid":15668,"uid":null,"version":"v20.15.1"},"stack":"TSError: ⨯ Unable to compile TypeScript:\n\u001b[96msrc/middleware/validation.middleware.ts\u001b[0m:\u001b[93m4\u001b[0m:\u001b[93m26\u001b[0m - \u001b[91merror\u001b[0m\u001b[90m TS7016: \u001b[0mCould not find a declaration file for module 'sanitize-html'. 'D:/upwork orders/Tudva/abdullah-latest/backend/node_modules/.pnpm/sanitize-html@2.14.0/node_modules/sanitize-html/index.js' implicitly has an 'any' type.\r\n  Try `npm i --save-dev @types/sanitize-html` if it exists or add a new declaration (.d.ts) file containing `declare module 'sanitize-html';`\r\n\r\n\u001b[7m4\u001b[0m import sanitizeHtml from 'sanitize-html';\r\n\u001b[7m \u001b[0m \u001b[91m                         ~~~~~~~~~~~~~~~\u001b[0m\r\n\n    at createTSError (D:\\upwork orders\\Tudva\\abdullah-latest\\backend\\node_modules\\.pnpm\\ts-node@10.9.2_@types+node@22.13.8_typescript@5.8.2\\node_modules\\ts-node\\src\\index.ts:859:12)\n    at reportTSError (D:\\upwork orders\\Tudva\\abdullah-latest\\backend\\node_modules\\.pnpm\\ts-node@10.9.2_@types+node@22.13.8_typescript@5.8.2\\node_modules\\ts-node\\src\\index.ts:863:19)\n    at getOutput (D:\\upwork orders\\Tudva\\abdullah-latest\\backend\\node_modules\\.pnpm\\ts-node@10.9.2_@types+node@22.13.8_typescript@5.8.2\\node_modules\\ts-node\\src\\index.ts:1077:36)\n    at Object.compile (D:\\upwork orders\\Tudva\\abdullah-latest\\backend\\node_modules\\.pnpm\\ts-node@10.9.2_@types+node@22.13.8_typescript@5.8.2\\node_modules\\ts-node\\src\\index.ts:1433:41)\n    at Module.m._compile (D:\\upwork orders\\Tudva\\abdullah-latest\\backend\\node_modules\\.pnpm\\ts-node@10.9.2_@types+node@22.13.8_typescript@5.8.2\\node_modules\\ts-node\\src\\index.ts:1617:30)\n    at Module._extensions..js (node:internal/modules/cjs/loader:1416:10)\n    at Object.require.extensions.<computed> [as .ts] (D:\\upwork orders\\Tudva\\abdullah-latest\\backend\\node_modules\\.pnpm\\ts-node@10.9.2_@types+node@22.13.8_typescript@5.8.2\\node_modules\\ts-node\\src\\index.ts:1621:12)\n    at Module.load (node:internal/modules/cjs/loader:1208:32)\n    at Function.Module._load (node:internal/modules/cjs/loader:1024:12)\n    at Module.require (node:internal/modules/cjs/loader:1233:19)","timestamp":"2025-04-03 23:34:26","trace":[{"column":12,"file":"D:\\upwork orders\\Tudva\\abdullah-latest\\backend\\node_modules\\.pnpm\\ts-node@10.9.2_@types+node@22.13.8_typescript@5.8.2\\node_modules\\ts-node\\src\\index.ts","function":"createTSError","line":859,"method":null,"native":false},{"column":19,"file":"D:\\upwork orders\\Tudva\\abdullah-latest\\backend\\node_modules\\.pnpm\\ts-node@10.9.2_@types+node@22.13.8_typescript@5.8.2\\node_modules\\ts-node\\src\\index.ts","function":"reportTSError","line":863,"method":null,"native":false},{"column":36,"file":"D:\\upwork orders\\Tudva\\abdullah-latest\\backend\\node_modules\\.pnpm\\ts-node@10.9.2_@types+node@22.13.8_typescript@5.8.2\\node_modules\\ts-node\\src\\index.ts","function":"getOutput","line":1077,"method":null,"native":false},{"column":41,"file":"D:\\upwork orders\\Tudva\\abdullah-latest\\backend\\node_modules\\.pnpm\\ts-node@10.9.2_@types+node@22.13.8_typescript@5.8.2\\node_modules\\ts-node\\src\\index.ts","function":"Object.compile","line":1433,"method":"compile","native":false},{"column":30,"file":"D:\\upwork orders\\Tudva\\abdullah-latest\\backend\\node_modules\\.pnpm\\ts-node@10.9.2_@types+node@22.13.8_typescript@5.8.2\\node_modules\\ts-node\\src\\index.ts","function":"Module.m._compile","line":1617,"method":"_compile","native":false},{"column":10,"file":"node:internal/modules/cjs/loader","function":"Module._extensions..js","line":1416,"method":".js","native":false},{"column":12,"file":"D:\\upwork orders\\Tudva\\abdullah-latest\\backend\\node_modules\\.pnpm\\ts-node@10.9.2_@types+node@22.13.8_typescript@5.8.2\\node_modules\\ts-node\\src\\index.ts","function":"Object.require.extensions.<computed> [as .ts]","line":1621,"method":"ts]","native":false},{"column":32,"file":"node:internal/modules/cjs/loader","function":"Module.load","line":1208,"method":"load","native":false},{"column":12,"file":"node:internal/modules/cjs/loader","function":"Module._load","line":1024,"method":"_load","native":false},{"column":19,"file":"node:internal/modules/cjs/loader","function":"Module.require","line":1233,"method":"require","native":false}]}
{"date":"Thu Apr 03 2025 23:34:40 GMT+0500 (Pakistan Standard Time)","error":{"diagnosticCodes":[7016]},"exception":true,"level":"error","message":"uncaughtException: ⨯ Unable to compile TypeScript:\n\u001b[96msrc/middleware/validation.middleware.ts\u001b[0m:\u001b[93m4\u001b[0m:\u001b[93m26\u001b[0m - \u001b[91merror\u001b[0m\u001b[90m TS7016: \u001b[0mCould not find a declaration file for module 'sanitize-html'. 'D:/upwork orders/Tudva/abdullah-latest/backend/node_modules/.pnpm/sanitize-html@2.14.0/node_modules/sanitize-html/index.js' implicitly has an 'any' type.\r\n  Try `npm i --save-dev @types/sanitize-html` if it exists or add a new declaration (.d.ts) file containing `declare module 'sanitize-html';`\r\n\r\n\u001b[7m4\u001b[0m import sanitizeHtml from 'sanitize-html';\r\n\u001b[7m \u001b[0m \u001b[91m                         ~~~~~~~~~~~~~~~\u001b[0m\r\n\nTSError: ⨯ Unable to compile TypeScript:\n\u001b[96msrc/middleware/validation.middleware.ts\u001b[0m:\u001b[93m4\u001b[0m:\u001b[93m26\u001b[0m - \u001b[91merror\u001b[0m\u001b[90m TS7016: \u001b[0mCould not find a declaration file for module 'sanitize-html'. 'D:/upwork orders/Tudva/abdullah-latest/backend/node_modules/.pnpm/sanitize-html@2.14.0/node_modules/sanitize-html/index.js' implicitly has an 'any' type.\r\n  Try `npm i --save-dev @types/sanitize-html` if it exists or add a new declaration (.d.ts) file containing `declare module 'sanitize-html';`\r\n\r\n\u001b[7m4\u001b[0m import sanitizeHtml from 'sanitize-html';\r\n\u001b[7m \u001b[0m \u001b[91m                         ~~~~~~~~~~~~~~~\u001b[0m\r\n\n    at createTSError (D:\\upwork orders\\Tudva\\abdullah-latest\\backend\\node_modules\\.pnpm\\ts-node@10.9.2_@types+node@22.13.8_typescript@5.8.2\\node_modules\\ts-node\\src\\index.ts:859:12)\n    at reportTSError (D:\\upwork orders\\Tudva\\abdullah-latest\\backend\\node_modules\\.pnpm\\ts-node@10.9.2_@types+node@22.13.8_typescript@5.8.2\\node_modules\\ts-node\\src\\index.ts:863:19)\n    at getOutput (D:\\upwork orders\\Tudva\\abdullah-latest\\backend\\node_modules\\.pnpm\\ts-node@10.9.2_@types+node@22.13.8_typescript@5.8.2\\node_modules\\ts-node\\src\\index.ts:1077:36)\n    at Object.compile (D:\\upwork orders\\Tudva\\abdullah-latest\\backend\\node_modules\\.pnpm\\ts-node@10.9.2_@types+node@22.13.8_typescript@5.8.2\\node_modules\\ts-node\\src\\index.ts:1433:41)\n    at Module.m._compile (D:\\upwork orders\\Tudva\\abdullah-latest\\backend\\node_modules\\.pnpm\\ts-node@10.9.2_@types+node@22.13.8_typescript@5.8.2\\node_modules\\ts-node\\src\\index.ts:1617:30)\n    at Module._extensions..js (node:internal/modules/cjs/loader:1416:10)\n    at Object.require.extensions.<computed> [as .ts] (D:\\upwork orders\\Tudva\\abdullah-latest\\backend\\node_modules\\.pnpm\\ts-node@10.9.2_@types+node@22.13.8_typescript@5.8.2\\node_modules\\ts-node\\src\\index.ts:1621:12)\n    at Module.load (node:internal/modules/cjs/loader:1208:32)\n    at Function.Module._load (node:internal/modules/cjs/loader:1024:12)\n    at Module.require (node:internal/modules/cjs/loader:1233:19)","os":{"loadavg":[0,0,0],"uptime":863502.343},"process":{"argv":["D:\\upwork orders\\Tudva\\abdullah-latest\\backend\\node_modules\\ts-node\\dist\\bin.js","D:\\upwork orders\\Tudva\\abdullah-latest\\backend\\src\\server.ts"],"cwd":"D:\\upwork orders\\Tudva\\abdullah-latest\\backend","execPath":"C:\\Program Files\\nodejs\\node.exe","gid":null,"memoryUsage":{"arrayBuffers":4775795,"external":8671826,"heapTotal":248332288,"heapUsed":213524024,"rss":296300544},"pid":6748,"uid":null,"version":"v20.15.1"},"stack":"TSError: ⨯ Unable to compile TypeScript:\n\u001b[96msrc/middleware/validation.middleware.ts\u001b[0m:\u001b[93m4\u001b[0m:\u001b[93m26\u001b[0m - \u001b[91merror\u001b[0m\u001b[90m TS7016: \u001b[0mCould not find a declaration file for module 'sanitize-html'. 'D:/upwork orders/Tudva/abdullah-latest/backend/node_modules/.pnpm/sanitize-html@2.14.0/node_modules/sanitize-html/index.js' implicitly has an 'any' type.\r\n  Try `npm i --save-dev @types/sanitize-html` if it exists or add a new declaration (.d.ts) file containing `declare module 'sanitize-html';`\r\n\r\n\u001b[7m4\u001b[0m import sanitizeHtml from 'sanitize-html';\r\n\u001b[7m \u001b[0m \u001b[91m                         ~~~~~~~~~~~~~~~\u001b[0m\r\n\n    at createTSError (D:\\upwork orders\\Tudva\\abdullah-latest\\backend\\node_modules\\.pnpm\\ts-node@10.9.2_@types+node@22.13.8_typescript@5.8.2\\node_modules\\ts-node\\src\\index.ts:859:12)\n    at reportTSError (D:\\upwork orders\\Tudva\\abdullah-latest\\backend\\node_modules\\.pnpm\\ts-node@10.9.2_@types+node@22.13.8_typescript@5.8.2\\node_modules\\ts-node\\src\\index.ts:863:19)\n    at getOutput (D:\\upwork orders\\Tudva\\abdullah-latest\\backend\\node_modules\\.pnpm\\ts-node@10.9.2_@types+node@22.13.8_typescript@5.8.2\\node_modules\\ts-node\\src\\index.ts:1077:36)\n    at Object.compile (D:\\upwork orders\\Tudva\\abdullah-latest\\backend\\node_modules\\.pnpm\\ts-node@10.9.2_@types+node@22.13.8_typescript@5.8.2\\node_modules\\ts-node\\src\\index.ts:1433:41)\n    at Module.m._compile (D:\\upwork orders\\Tudva\\abdullah-latest\\backend\\node_modules\\.pnpm\\ts-node@10.9.2_@types+node@22.13.8_typescript@5.8.2\\node_modules\\ts-node\\src\\index.ts:1617:30)\n    at Module._extensions..js (node:internal/modules/cjs/loader:1416:10)\n    at Object.require.extensions.<computed> [as .ts] (D:\\upwork orders\\Tudva\\abdullah-latest\\backend\\node_modules\\.pnpm\\ts-node@10.9.2_@types+node@22.13.8_typescript@5.8.2\\node_modules\\ts-node\\src\\index.ts:1621:12)\n    at Module.load (node:internal/modules/cjs/loader:1208:32)\n    at Function.Module._load (node:internal/modules/cjs/loader:1024:12)\n    at Module.require (node:internal/modules/cjs/loader:1233:19)","timestamp":"2025-04-03 23:34:40","trace":[{"column":12,"file":"D:\\upwork orders\\Tudva\\abdullah-latest\\backend\\node_modules\\.pnpm\\ts-node@10.9.2_@types+node@22.13.8_typescript@5.8.2\\node_modules\\ts-node\\src\\index.ts","function":"createTSError","line":859,"method":null,"native":false},{"column":19,"file":"D:\\upwork orders\\Tudva\\abdullah-latest\\backend\\node_modules\\.pnpm\\ts-node@10.9.2_@types+node@22.13.8_typescript@5.8.2\\node_modules\\ts-node\\src\\index.ts","function":"reportTSError","line":863,"method":null,"native":false},{"column":36,"file":"D:\\upwork orders\\Tudva\\abdullah-latest\\backend\\node_modules\\.pnpm\\ts-node@10.9.2_@types+node@22.13.8_typescript@5.8.2\\node_modules\\ts-node\\src\\index.ts","function":"getOutput","line":1077,"method":null,"native":false},{"column":41,"file":"D:\\upwork orders\\Tudva\\abdullah-latest\\backend\\node_modules\\.pnpm\\ts-node@10.9.2_@types+node@22.13.8_typescript@5.8.2\\node_modules\\ts-node\\src\\index.ts","function":"Object.compile","line":1433,"method":"compile","native":false},{"column":30,"file":"D:\\upwork orders\\Tudva\\abdullah-latest\\backend\\node_modules\\.pnpm\\ts-node@10.9.2_@types+node@22.13.8_typescript@5.8.2\\node_modules\\ts-node\\src\\index.ts","function":"Module.m._compile","line":1617,"method":"_compile","native":false},{"column":10,"file":"node:internal/modules/cjs/loader","function":"Module._extensions..js","line":1416,"method":".js","native":false},{"column":12,"file":"D:\\upwork orders\\Tudva\\abdullah-latest\\backend\\node_modules\\.pnpm\\ts-node@10.9.2_@types+node@22.13.8_typescript@5.8.2\\node_modules\\ts-node\\src\\index.ts","function":"Object.require.extensions.<computed> [as .ts]","line":1621,"method":"ts]","native":false},{"column":32,"file":"node:internal/modules/cjs/loader","function":"Module.load","line":1208,"method":"load","native":false},{"column":12,"file":"node:internal/modules/cjs/loader","function":"Module._load","line":1024,"method":"_load","native":false},{"column":19,"file":"node:internal/modules/cjs/loader","function":"Module.require","line":1233,"method":"require","native":false}]}
{"date":"Thu Apr 03 2025 23:34:53 GMT+0500 (Pakistan Standard Time)","error":{"diagnosticCodes":[7016]},"exception":true,"level":"error","message":"uncaughtException: ⨯ Unable to compile TypeScript:\n\u001b[96msrc/middleware/validation.middleware.ts\u001b[0m:\u001b[93m4\u001b[0m:\u001b[93m26\u001b[0m - \u001b[91merror\u001b[0m\u001b[90m TS7016: \u001b[0mCould not find a declaration file for module 'sanitize-html'. 'D:/upwork orders/Tudva/abdullah-latest/backend/node_modules/.pnpm/sanitize-html@2.14.0/node_modules/sanitize-html/index.js' implicitly has an 'any' type.\r\n  Try `npm i --save-dev @types/sanitize-html` if it exists or add a new declaration (.d.ts) file containing `declare module 'sanitize-html';`\r\n\r\n\u001b[7m4\u001b[0m import sanitizeHtml from 'sanitize-html';\r\n\u001b[7m \u001b[0m \u001b[91m                         ~~~~~~~~~~~~~~~\u001b[0m\r\n\nTSError: ⨯ Unable to compile TypeScript:\n\u001b[96msrc/middleware/validation.middleware.ts\u001b[0m:\u001b[93m4\u001b[0m:\u001b[93m26\u001b[0m - \u001b[91merror\u001b[0m\u001b[90m TS7016: \u001b[0mCould not find a declaration file for module 'sanitize-html'. 'D:/upwork orders/Tudva/abdullah-latest/backend/node_modules/.pnpm/sanitize-html@2.14.0/node_modules/sanitize-html/index.js' implicitly has an 'any' type.\r\n  Try `npm i --save-dev @types/sanitize-html` if it exists or add a new declaration (.d.ts) file containing `declare module 'sanitize-html';`\r\n\r\n\u001b[7m4\u001b[0m import sanitizeHtml from 'sanitize-html';\r\n\u001b[7m \u001b[0m \u001b[91m                         ~~~~~~~~~~~~~~~\u001b[0m\r\n\n    at createTSError (D:\\upwork orders\\Tudva\\abdullah-latest\\backend\\node_modules\\.pnpm\\ts-node@10.9.2_@types+node@22.13.8_typescript@5.8.2\\node_modules\\ts-node\\src\\index.ts:859:12)\n    at reportTSError (D:\\upwork orders\\Tudva\\abdullah-latest\\backend\\node_modules\\.pnpm\\ts-node@10.9.2_@types+node@22.13.8_typescript@5.8.2\\node_modules\\ts-node\\src\\index.ts:863:19)\n    at getOutput (D:\\upwork orders\\Tudva\\abdullah-latest\\backend\\node_modules\\.pnpm\\ts-node@10.9.2_@types+node@22.13.8_typescript@5.8.2\\node_modules\\ts-node\\src\\index.ts:1077:36)\n    at Object.compile (D:\\upwork orders\\Tudva\\abdullah-latest\\backend\\node_modules\\.pnpm\\ts-node@10.9.2_@types+node@22.13.8_typescript@5.8.2\\node_modules\\ts-node\\src\\index.ts:1433:41)\n    at Module.m._compile (D:\\upwork orders\\Tudva\\abdullah-latest\\backend\\node_modules\\.pnpm\\ts-node@10.9.2_@types+node@22.13.8_typescript@5.8.2\\node_modules\\ts-node\\src\\index.ts:1617:30)\n    at Module._extensions..js (node:internal/modules/cjs/loader:1416:10)\n    at Object.require.extensions.<computed> [as .ts] (D:\\upwork orders\\Tudva\\abdullah-latest\\backend\\node_modules\\.pnpm\\ts-node@10.9.2_@types+node@22.13.8_typescript@5.8.2\\node_modules\\ts-node\\src\\index.ts:1621:12)\n    at Module.load (node:internal/modules/cjs/loader:1208:32)\n    at Function.Module._load (node:internal/modules/cjs/loader:1024:12)\n    at Module.require (node:internal/modules/cjs/loader:1233:19)","os":{"loadavg":[0,0,0],"uptime":863515.156},"process":{"argv":["D:\\upwork orders\\Tudva\\abdullah-latest\\backend\\node_modules\\ts-node\\dist\\bin.js","D:\\upwork orders\\Tudva\\abdullah-latest\\backend\\src\\server.ts"],"cwd":"D:\\upwork orders\\Tudva\\abdullah-latest\\backend","execPath":"C:\\Program Files\\nodejs\\node.exe","gid":null,"memoryUsage":{"arrayBuffers":4775803,"external":8671834,"heapTotal":242565120,"heapUsed":217017344,"rss":288776192},"pid":25056,"uid":null,"version":"v20.15.1"},"stack":"TSError: ⨯ Unable to compile TypeScript:\n\u001b[96msrc/middleware/validation.middleware.ts\u001b[0m:\u001b[93m4\u001b[0m:\u001b[93m26\u001b[0m - \u001b[91merror\u001b[0m\u001b[90m TS7016: \u001b[0mCould not find a declaration file for module 'sanitize-html'. 'D:/upwork orders/Tudva/abdullah-latest/backend/node_modules/.pnpm/sanitize-html@2.14.0/node_modules/sanitize-html/index.js' implicitly has an 'any' type.\r\n  Try `npm i --save-dev @types/sanitize-html` if it exists or add a new declaration (.d.ts) file containing `declare module 'sanitize-html';`\r\n\r\n\u001b[7m4\u001b[0m import sanitizeHtml from 'sanitize-html';\r\n\u001b[7m \u001b[0m \u001b[91m                         ~~~~~~~~~~~~~~~\u001b[0m\r\n\n    at createTSError (D:\\upwork orders\\Tudva\\abdullah-latest\\backend\\node_modules\\.pnpm\\ts-node@10.9.2_@types+node@22.13.8_typescript@5.8.2\\node_modules\\ts-node\\src\\index.ts:859:12)\n    at reportTSError (D:\\upwork orders\\Tudva\\abdullah-latest\\backend\\node_modules\\.pnpm\\ts-node@10.9.2_@types+node@22.13.8_typescript@5.8.2\\node_modules\\ts-node\\src\\index.ts:863:19)\n    at getOutput (D:\\upwork orders\\Tudva\\abdullah-latest\\backend\\node_modules\\.pnpm\\ts-node@10.9.2_@types+node@22.13.8_typescript@5.8.2\\node_modules\\ts-node\\src\\index.ts:1077:36)\n    at Object.compile (D:\\upwork orders\\Tudva\\abdullah-latest\\backend\\node_modules\\.pnpm\\ts-node@10.9.2_@types+node@22.13.8_typescript@5.8.2\\node_modules\\ts-node\\src\\index.ts:1433:41)\n    at Module.m._compile (D:\\upwork orders\\Tudva\\abdullah-latest\\backend\\node_modules\\.pnpm\\ts-node@10.9.2_@types+node@22.13.8_typescript@5.8.2\\node_modules\\ts-node\\src\\index.ts:1617:30)\n    at Module._extensions..js (node:internal/modules/cjs/loader:1416:10)\n    at Object.require.extensions.<computed> [as .ts] (D:\\upwork orders\\Tudva\\abdullah-latest\\backend\\node_modules\\.pnpm\\ts-node@10.9.2_@types+node@22.13.8_typescript@5.8.2\\node_modules\\ts-node\\src\\index.ts:1621:12)\n    at Module.load (node:internal/modules/cjs/loader:1208:32)\n    at Function.Module._load (node:internal/modules/cjs/loader:1024:12)\n    at Module.require (node:internal/modules/cjs/loader:1233:19)","timestamp":"2025-04-03 23:34:53","trace":[{"column":12,"file":"D:\\upwork orders\\Tudva\\abdullah-latest\\backend\\node_modules\\.pnpm\\ts-node@10.9.2_@types+node@22.13.8_typescript@5.8.2\\node_modules\\ts-node\\src\\index.ts","function":"createTSError","line":859,"method":null,"native":false},{"column":19,"file":"D:\\upwork orders\\Tudva\\abdullah-latest\\backend\\node_modules\\.pnpm\\ts-node@10.9.2_@types+node@22.13.8_typescript@5.8.2\\node_modules\\ts-node\\src\\index.ts","function":"reportTSError","line":863,"method":null,"native":false},{"column":36,"file":"D:\\upwork orders\\Tudva\\abdullah-latest\\backend\\node_modules\\.pnpm\\ts-node@10.9.2_@types+node@22.13.8_typescript@5.8.2\\node_modules\\ts-node\\src\\index.ts","function":"getOutput","line":1077,"method":null,"native":false},{"column":41,"file":"D:\\upwork orders\\Tudva\\abdullah-latest\\backend\\node_modules\\.pnpm\\ts-node@10.9.2_@types+node@22.13.8_typescript@5.8.2\\node_modules\\ts-node\\src\\index.ts","function":"Object.compile","line":1433,"method":"compile","native":false},{"column":30,"file":"D:\\upwork orders\\Tudva\\abdullah-latest\\backend\\node_modules\\.pnpm\\ts-node@10.9.2_@types+node@22.13.8_typescript@5.8.2\\node_modules\\ts-node\\src\\index.ts","function":"Module.m._compile","line":1617,"method":"_compile","native":false},{"column":10,"file":"node:internal/modules/cjs/loader","function":"Module._extensions..js","line":1416,"method":".js","native":false},{"column":12,"file":"D:\\upwork orders\\Tudva\\abdullah-latest\\backend\\node_modules\\.pnpm\\ts-node@10.9.2_@types+node@22.13.8_typescript@5.8.2\\node_modules\\ts-node\\src\\index.ts","function":"Object.require.extensions.<computed> [as .ts]","line":1621,"method":"ts]","native":false},{"column":32,"file":"node:internal/modules/cjs/loader","function":"Module.load","line":1208,"method":"load","native":false},{"column":12,"file":"node:internal/modules/cjs/loader","function":"Module._load","line":1024,"method":"_load","native":false},{"column":19,"file":"node:internal/modules/cjs/loader","function":"Module.require","line":1233,"method":"require","native":false}]}
{"date":"Thu Apr 03 2025 23:35:05 GMT+0500 (Pakistan Standard Time)","error":{"diagnosticCodes":[7016]},"exception":true,"level":"error","message":"uncaughtException: ⨯ Unable to compile TypeScript:\n\u001b[96msrc/middleware/validation.middleware.ts\u001b[0m:\u001b[93m4\u001b[0m:\u001b[93m26\u001b[0m - \u001b[91merror\u001b[0m\u001b[90m TS7016: \u001b[0mCould not find a declaration file for module 'sanitize-html'. 'D:/upwork orders/Tudva/abdullah-latest/backend/node_modules/.pnpm/sanitize-html@2.14.0/node_modules/sanitize-html/index.js' implicitly has an 'any' type.\r\n  Try `npm i --save-dev @types/sanitize-html` if it exists or add a new declaration (.d.ts) file containing `declare module 'sanitize-html';`\r\n\r\n\u001b[7m4\u001b[0m import sanitizeHtml from 'sanitize-html';\r\n\u001b[7m \u001b[0m \u001b[91m                         ~~~~~~~~~~~~~~~\u001b[0m\r\n\nTSError: ⨯ Unable to compile TypeScript:\n\u001b[96msrc/middleware/validation.middleware.ts\u001b[0m:\u001b[93m4\u001b[0m:\u001b[93m26\u001b[0m - \u001b[91merror\u001b[0m\u001b[90m TS7016: \u001b[0mCould not find a declaration file for module 'sanitize-html'. 'D:/upwork orders/Tudva/abdullah-latest/backend/node_modules/.pnpm/sanitize-html@2.14.0/node_modules/sanitize-html/index.js' implicitly has an 'any' type.\r\n  Try `npm i --save-dev @types/sanitize-html` if it exists or add a new declaration (.d.ts) file containing `declare module 'sanitize-html';`\r\n\r\n\u001b[7m4\u001b[0m import sanitizeHtml from 'sanitize-html';\r\n\u001b[7m \u001b[0m \u001b[91m                         ~~~~~~~~~~~~~~~\u001b[0m\r\n\n    at createTSError (D:\\upwork orders\\Tudva\\abdullah-latest\\backend\\node_modules\\.pnpm\\ts-node@10.9.2_@types+node@22.13.8_typescript@5.8.2\\node_modules\\ts-node\\src\\index.ts:859:12)\n    at reportTSError (D:\\upwork orders\\Tudva\\abdullah-latest\\backend\\node_modules\\.pnpm\\ts-node@10.9.2_@types+node@22.13.8_typescript@5.8.2\\node_modules\\ts-node\\src\\index.ts:863:19)\n    at getOutput (D:\\upwork orders\\Tudva\\abdullah-latest\\backend\\node_modules\\.pnpm\\ts-node@10.9.2_@types+node@22.13.8_typescript@5.8.2\\node_modules\\ts-node\\src\\index.ts:1077:36)\n    at Object.compile (D:\\upwork orders\\Tudva\\abdullah-latest\\backend\\node_modules\\.pnpm\\ts-node@10.9.2_@types+node@22.13.8_typescript@5.8.2\\node_modules\\ts-node\\src\\index.ts:1433:41)\n    at Module.m._compile (D:\\upwork orders\\Tudva\\abdullah-latest\\backend\\node_modules\\.pnpm\\ts-node@10.9.2_@types+node@22.13.8_typescript@5.8.2\\node_modules\\ts-node\\src\\index.ts:1617:30)\n    at Module._extensions..js (node:internal/modules/cjs/loader:1416:10)\n    at Object.require.extensions.<computed> [as .ts] (D:\\upwork orders\\Tudva\\abdullah-latest\\backend\\node_modules\\.pnpm\\ts-node@10.9.2_@types+node@22.13.8_typescript@5.8.2\\node_modules\\ts-node\\src\\index.ts:1621:12)\n    at Module.load (node:internal/modules/cjs/loader:1208:32)\n    at Function.Module._load (node:internal/modules/cjs/loader:1024:12)\n    at Module.require (node:internal/modules/cjs/loader:1233:19)","os":{"loadavg":[0,0,0],"uptime":863527},"process":{"argv":["D:\\upwork orders\\Tudva\\abdullah-latest\\backend\\node_modules\\ts-node\\dist\\bin.js","D:\\upwork orders\\Tudva\\abdullah-latest\\backend\\src\\server.ts"],"cwd":"D:\\upwork orders\\Tudva\\abdullah-latest\\backend","execPath":"C:\\Program Files\\nodejs\\node.exe","gid":null,"memoryUsage":{"arrayBuffers":4783979,"external":8680010,"heapTotal":235225088,"heapUsed":209896872,"rss":281964544},"pid":8056,"uid":null,"version":"v20.15.1"},"stack":"TSError: ⨯ Unable to compile TypeScript:\n\u001b[96msrc/middleware/validation.middleware.ts\u001b[0m:\u001b[93m4\u001b[0m:\u001b[93m26\u001b[0m - \u001b[91merror\u001b[0m\u001b[90m TS7016: \u001b[0mCould not find a declaration file for module 'sanitize-html'. 'D:/upwork orders/Tudva/abdullah-latest/backend/node_modules/.pnpm/sanitize-html@2.14.0/node_modules/sanitize-html/index.js' implicitly has an 'any' type.\r\n  Try `npm i --save-dev @types/sanitize-html` if it exists or add a new declaration (.d.ts) file containing `declare module 'sanitize-html';`\r\n\r\n\u001b[7m4\u001b[0m import sanitizeHtml from 'sanitize-html';\r\n\u001b[7m \u001b[0m \u001b[91m                         ~~~~~~~~~~~~~~~\u001b[0m\r\n\n    at createTSError (D:\\upwork orders\\Tudva\\abdullah-latest\\backend\\node_modules\\.pnpm\\ts-node@10.9.2_@types+node@22.13.8_typescript@5.8.2\\node_modules\\ts-node\\src\\index.ts:859:12)\n    at reportTSError (D:\\upwork orders\\Tudva\\abdullah-latest\\backend\\node_modules\\.pnpm\\ts-node@10.9.2_@types+node@22.13.8_typescript@5.8.2\\node_modules\\ts-node\\src\\index.ts:863:19)\n    at getOutput (D:\\upwork orders\\Tudva\\abdullah-latest\\backend\\node_modules\\.pnpm\\ts-node@10.9.2_@types+node@22.13.8_typescript@5.8.2\\node_modules\\ts-node\\src\\index.ts:1077:36)\n    at Object.compile (D:\\upwork orders\\Tudva\\abdullah-latest\\backend\\node_modules\\.pnpm\\ts-node@10.9.2_@types+node@22.13.8_typescript@5.8.2\\node_modules\\ts-node\\src\\index.ts:1433:41)\n    at Module.m._compile (D:\\upwork orders\\Tudva\\abdullah-latest\\backend\\node_modules\\.pnpm\\ts-node@10.9.2_@types+node@22.13.8_typescript@5.8.2\\node_modules\\ts-node\\src\\index.ts:1617:30)\n    at Module._extensions..js (node:internal/modules/cjs/loader:1416:10)\n    at Object.require.extensions.<computed> [as .ts] (D:\\upwork orders\\Tudva\\abdullah-latest\\backend\\node_modules\\.pnpm\\ts-node@10.9.2_@types+node@22.13.8_typescript@5.8.2\\node_modules\\ts-node\\src\\index.ts:1621:12)\n    at Module.load (node:internal/modules/cjs/loader:1208:32)\n    at Function.Module._load (node:internal/modules/cjs/loader:1024:12)\n    at Module.require (node:internal/modules/cjs/loader:1233:19)","timestamp":"2025-04-03 23:35:05","trace":[{"column":12,"file":"D:\\upwork orders\\Tudva\\abdullah-latest\\backend\\node_modules\\.pnpm\\ts-node@10.9.2_@types+node@22.13.8_typescript@5.8.2\\node_modules\\ts-node\\src\\index.ts","function":"createTSError","line":859,"method":null,"native":false},{"column":19,"file":"D:\\upwork orders\\Tudva\\abdullah-latest\\backend\\node_modules\\.pnpm\\ts-node@10.9.2_@types+node@22.13.8_typescript@5.8.2\\node_modules\\ts-node\\src\\index.ts","function":"reportTSError","line":863,"method":null,"native":false},{"column":36,"file":"D:\\upwork orders\\Tudva\\abdullah-latest\\backend\\node_modules\\.pnpm\\ts-node@10.9.2_@types+node@22.13.8_typescript@5.8.2\\node_modules\\ts-node\\src\\index.ts","function":"getOutput","line":1077,"method":null,"native":false},{"column":41,"file":"D:\\upwork orders\\Tudva\\abdullah-latest\\backend\\node_modules\\.pnpm\\ts-node@10.9.2_@types+node@22.13.8_typescript@5.8.2\\node_modules\\ts-node\\src\\index.ts","function":"Object.compile","line":1433,"method":"compile","native":false},{"column":30,"file":"D:\\upwork orders\\Tudva\\abdullah-latest\\backend\\node_modules\\.pnpm\\ts-node@10.9.2_@types+node@22.13.8_typescript@5.8.2\\node_modules\\ts-node\\src\\index.ts","function":"Module.m._compile","line":1617,"method":"_compile","native":false},{"column":10,"file":"node:internal/modules/cjs/loader","function":"Module._extensions..js","line":1416,"method":".js","native":false},{"column":12,"file":"D:\\upwork orders\\Tudva\\abdullah-latest\\backend\\node_modules\\.pnpm\\ts-node@10.9.2_@types+node@22.13.8_typescript@5.8.2\\node_modules\\ts-node\\src\\index.ts","function":"Object.require.extensions.<computed> [as .ts]","line":1621,"method":"ts]","native":false},{"column":32,"file":"node:internal/modules/cjs/loader","function":"Module.load","line":1208,"method":"load","native":false},{"column":12,"file":"node:internal/modules/cjs/loader","function":"Module._load","line":1024,"method":"_load","native":false},{"column":19,"file":"node:internal/modules/cjs/loader","function":"Module.require","line":1233,"method":"require","native":false}]}
{"date":"Thu Apr 03 2025 23:35:54 GMT+0500 (Pakistan Standard Time)","error":{"diagnosticCodes":[7016]},"exception":true,"level":"error","message":"uncaughtException: ⨯ Unable to compile TypeScript:\n\u001b[96msrc/middleware/validation.middleware.ts\u001b[0m:\u001b[93m4\u001b[0m:\u001b[93m26\u001b[0m - \u001b[91merror\u001b[0m\u001b[90m TS7016: \u001b[0mCould not find a declaration file for module 'sanitize-html'. 'D:/upwork orders/Tudva/abdullah-latest/backend/node_modules/.pnpm/sanitize-html@2.14.0/node_modules/sanitize-html/index.js' implicitly has an 'any' type.\r\n  Try `npm i --save-dev @types/sanitize-html` if it exists or add a new declaration (.d.ts) file containing `declare module 'sanitize-html';`\r\n\r\n\u001b[7m4\u001b[0m import sanitizeHtml from 'sanitize-html';\r\n\u001b[7m \u001b[0m \u001b[91m                         ~~~~~~~~~~~~~~~\u001b[0m\r\n\nTSError: ⨯ Unable to compile TypeScript:\n\u001b[96msrc/middleware/validation.middleware.ts\u001b[0m:\u001b[93m4\u001b[0m:\u001b[93m26\u001b[0m - \u001b[91merror\u001b[0m\u001b[90m TS7016: \u001b[0mCould not find a declaration file for module 'sanitize-html'. 'D:/upwork orders/Tudva/abdullah-latest/backend/node_modules/.pnpm/sanitize-html@2.14.0/node_modules/sanitize-html/index.js' implicitly has an 'any' type.\r\n  Try `npm i --save-dev @types/sanitize-html` if it exists or add a new declaration (.d.ts) file containing `declare module 'sanitize-html';`\r\n\r\n\u001b[7m4\u001b[0m import sanitizeHtml from 'sanitize-html';\r\n\u001b[7m \u001b[0m \u001b[91m                         ~~~~~~~~~~~~~~~\u001b[0m\r\n\n    at createTSError (D:\\upwork orders\\Tudva\\abdullah-latest\\backend\\node_modules\\.pnpm\\ts-node@10.9.2_@types+node@22.13.8_typescript@5.8.2\\node_modules\\ts-node\\src\\index.ts:859:12)\n    at reportTSError (D:\\upwork orders\\Tudva\\abdullah-latest\\backend\\node_modules\\.pnpm\\ts-node@10.9.2_@types+node@22.13.8_typescript@5.8.2\\node_modules\\ts-node\\src\\index.ts:863:19)\n    at getOutput (D:\\upwork orders\\Tudva\\abdullah-latest\\backend\\node_modules\\.pnpm\\ts-node@10.9.2_@types+node@22.13.8_typescript@5.8.2\\node_modules\\ts-node\\src\\index.ts:1077:36)\n    at Object.compile (D:\\upwork orders\\Tudva\\abdullah-latest\\backend\\node_modules\\.pnpm\\ts-node@10.9.2_@types+node@22.13.8_typescript@5.8.2\\node_modules\\ts-node\\src\\index.ts:1433:41)\n    at Module.m._compile (D:\\upwork orders\\Tudva\\abdullah-latest\\backend\\node_modules\\.pnpm\\ts-node@10.9.2_@types+node@22.13.8_typescript@5.8.2\\node_modules\\ts-node\\src\\index.ts:1617:30)\n    at Module._extensions..js (node:internal/modules/cjs/loader:1416:10)\n    at Object.require.extensions.<computed> [as .ts] (D:\\upwork orders\\Tudva\\abdullah-latest\\backend\\node_modules\\.pnpm\\ts-node@10.9.2_@types+node@22.13.8_typescript@5.8.2\\node_modules\\ts-node\\src\\index.ts:1621:12)\n    at Module.load (node:internal/modules/cjs/loader:1208:32)\n    at Function.Module._load (node:internal/modules/cjs/loader:1024:12)\n    at Module.require (node:internal/modules/cjs/loader:1233:19)","os":{"loadavg":[0,0,0],"uptime":863576.687},"process":{"argv":["D:\\upwork orders\\Tudva\\abdullah-latest\\backend\\node_modules\\ts-node\\dist\\bin.js","D:\\upwork orders\\Tudva\\abdullah-latest\\backend\\src\\server.ts"],"cwd":"D:\\upwork orders\\Tudva\\abdullah-latest\\backend","execPath":"C:\\Program Files\\nodejs\\node.exe","gid":null,"memoryUsage":{"arrayBuffers":4788522,"external":8684553,"heapTotal":233390080,"heapUsed":209661480,"rss":280723456},"pid":7412,"uid":null,"version":"v20.15.1"},"stack":"TSError: ⨯ Unable to compile TypeScript:\n\u001b[96msrc/middleware/validation.middleware.ts\u001b[0m:\u001b[93m4\u001b[0m:\u001b[93m26\u001b[0m - \u001b[91merror\u001b[0m\u001b[90m TS7016: \u001b[0mCould not find a declaration file for module 'sanitize-html'. 'D:/upwork orders/Tudva/abdullah-latest/backend/node_modules/.pnpm/sanitize-html@2.14.0/node_modules/sanitize-html/index.js' implicitly has an 'any' type.\r\n  Try `npm i --save-dev @types/sanitize-html` if it exists or add a new declaration (.d.ts) file containing `declare module 'sanitize-html';`\r\n\r\n\u001b[7m4\u001b[0m import sanitizeHtml from 'sanitize-html';\r\n\u001b[7m \u001b[0m \u001b[91m                         ~~~~~~~~~~~~~~~\u001b[0m\r\n\n    at createTSError (D:\\upwork orders\\Tudva\\abdullah-latest\\backend\\node_modules\\.pnpm\\ts-node@10.9.2_@types+node@22.13.8_typescript@5.8.2\\node_modules\\ts-node\\src\\index.ts:859:12)\n    at reportTSError (D:\\upwork orders\\Tudva\\abdullah-latest\\backend\\node_modules\\.pnpm\\ts-node@10.9.2_@types+node@22.13.8_typescript@5.8.2\\node_modules\\ts-node\\src\\index.ts:863:19)\n    at getOutput (D:\\upwork orders\\Tudva\\abdullah-latest\\backend\\node_modules\\.pnpm\\ts-node@10.9.2_@types+node@22.13.8_typescript@5.8.2\\node_modules\\ts-node\\src\\index.ts:1077:36)\n    at Object.compile (D:\\upwork orders\\Tudva\\abdullah-latest\\backend\\node_modules\\.pnpm\\ts-node@10.9.2_@types+node@22.13.8_typescript@5.8.2\\node_modules\\ts-node\\src\\index.ts:1433:41)\n    at Module.m._compile (D:\\upwork orders\\Tudva\\abdullah-latest\\backend\\node_modules\\.pnpm\\ts-node@10.9.2_@types+node@22.13.8_typescript@5.8.2\\node_modules\\ts-node\\src\\index.ts:1617:30)\n    at Module._extensions..js (node:internal/modules/cjs/loader:1416:10)\n    at Object.require.extensions.<computed> [as .ts] (D:\\upwork orders\\Tudva\\abdullah-latest\\backend\\node_modules\\.pnpm\\ts-node@10.9.2_@types+node@22.13.8_typescript@5.8.2\\node_modules\\ts-node\\src\\index.ts:1621:12)\n    at Module.load (node:internal/modules/cjs/loader:1208:32)\n    at Function.Module._load (node:internal/modules/cjs/loader:1024:12)\n    at Module.require (node:internal/modules/cjs/loader:1233:19)","timestamp":"2025-04-03 23:35:54","trace":[{"column":12,"file":"D:\\upwork orders\\Tudva\\abdullah-latest\\backend\\node_modules\\.pnpm\\ts-node@10.9.2_@types+node@22.13.8_typescript@5.8.2\\node_modules\\ts-node\\src\\index.ts","function":"createTSError","line":859,"method":null,"native":false},{"column":19,"file":"D:\\upwork orders\\Tudva\\abdullah-latest\\backend\\node_modules\\.pnpm\\ts-node@10.9.2_@types+node@22.13.8_typescript@5.8.2\\node_modules\\ts-node\\src\\index.ts","function":"reportTSError","line":863,"method":null,"native":false},{"column":36,"file":"D:\\upwork orders\\Tudva\\abdullah-latest\\backend\\node_modules\\.pnpm\\ts-node@10.9.2_@types+node@22.13.8_typescript@5.8.2\\node_modules\\ts-node\\src\\index.ts","function":"getOutput","line":1077,"method":null,"native":false},{"column":41,"file":"D:\\upwork orders\\Tudva\\abdullah-latest\\backend\\node_modules\\.pnpm\\ts-node@10.9.2_@types+node@22.13.8_typescript@5.8.2\\node_modules\\ts-node\\src\\index.ts","function":"Object.compile","line":1433,"method":"compile","native":false},{"column":30,"file":"D:\\upwork orders\\Tudva\\abdullah-latest\\backend\\node_modules\\.pnpm\\ts-node@10.9.2_@types+node@22.13.8_typescript@5.8.2\\node_modules\\ts-node\\src\\index.ts","function":"Module.m._compile","line":1617,"method":"_compile","native":false},{"column":10,"file":"node:internal/modules/cjs/loader","function":"Module._extensions..js","line":1416,"method":".js","native":false},{"column":12,"file":"D:\\upwork orders\\Tudva\\abdullah-latest\\backend\\node_modules\\.pnpm\\ts-node@10.9.2_@types+node@22.13.8_typescript@5.8.2\\node_modules\\ts-node\\src\\index.ts","function":"Object.require.extensions.<computed> [as .ts]","line":1621,"method":"ts]","native":false},{"column":32,"file":"node:internal/modules/cjs/loader","function":"Module.load","line":1208,"method":"load","native":false},{"column":12,"file":"node:internal/modules/cjs/loader","function":"Module._load","line":1024,"method":"_load","native":false},{"column":19,"file":"node:internal/modules/cjs/loader","function":"Module.require","line":1233,"method":"require","native":false}]}
{"date":"Thu Apr 03 2025 23:36:09 GMT+0500 (Pakistan Standard Time)","error":{"diagnosticCodes":[7016]},"exception":true,"level":"error","message":"uncaughtException: ⨯ Unable to compile TypeScript:\n\u001b[96msrc/middleware/validation.middleware.ts\u001b[0m:\u001b[93m4\u001b[0m:\u001b[93m26\u001b[0m - \u001b[91merror\u001b[0m\u001b[90m TS7016: \u001b[0mCould not find a declaration file for module 'sanitize-html'. 'D:/upwork orders/Tudva/abdullah-latest/backend/node_modules/.pnpm/sanitize-html@2.14.0/node_modules/sanitize-html/index.js' implicitly has an 'any' type.\r\n  Try `npm i --save-dev @types/sanitize-html` if it exists or add a new declaration (.d.ts) file containing `declare module 'sanitize-html';`\r\n\r\n\u001b[7m4\u001b[0m import sanitizeHtml from 'sanitize-html';\r\n\u001b[7m \u001b[0m \u001b[91m                         ~~~~~~~~~~~~~~~\u001b[0m\r\n\nTSError: ⨯ Unable to compile TypeScript:\n\u001b[96msrc/middleware/validation.middleware.ts\u001b[0m:\u001b[93m4\u001b[0m:\u001b[93m26\u001b[0m - \u001b[91merror\u001b[0m\u001b[90m TS7016: \u001b[0mCould not find a declaration file for module 'sanitize-html'. 'D:/upwork orders/Tudva/abdullah-latest/backend/node_modules/.pnpm/sanitize-html@2.14.0/node_modules/sanitize-html/index.js' implicitly has an 'any' type.\r\n  Try `npm i --save-dev @types/sanitize-html` if it exists or add a new declaration (.d.ts) file containing `declare module 'sanitize-html';`\r\n\r\n\u001b[7m4\u001b[0m import sanitizeHtml from 'sanitize-html';\r\n\u001b[7m \u001b[0m \u001b[91m                         ~~~~~~~~~~~~~~~\u001b[0m\r\n\n    at createTSError (D:\\upwork orders\\Tudva\\abdullah-latest\\backend\\node_modules\\.pnpm\\ts-node@10.9.2_@types+node@22.13.8_typescript@5.8.2\\node_modules\\ts-node\\src\\index.ts:859:12)\n    at reportTSError (D:\\upwork orders\\Tudva\\abdullah-latest\\backend\\node_modules\\.pnpm\\ts-node@10.9.2_@types+node@22.13.8_typescript@5.8.2\\node_modules\\ts-node\\src\\index.ts:863:19)\n    at getOutput (D:\\upwork orders\\Tudva\\abdullah-latest\\backend\\node_modules\\.pnpm\\ts-node@10.9.2_@types+node@22.13.8_typescript@5.8.2\\node_modules\\ts-node\\src\\index.ts:1077:36)\n    at Object.compile (D:\\upwork orders\\Tudva\\abdullah-latest\\backend\\node_modules\\.pnpm\\ts-node@10.9.2_@types+node@22.13.8_typescript@5.8.2\\node_modules\\ts-node\\src\\index.ts:1433:41)\n    at Module.m._compile (D:\\upwork orders\\Tudva\\abdullah-latest\\backend\\node_modules\\.pnpm\\ts-node@10.9.2_@types+node@22.13.8_typescript@5.8.2\\node_modules\\ts-node\\src\\index.ts:1617:30)\n    at Module._extensions..js (node:internal/modules/cjs/loader:1416:10)\n    at Object.require.extensions.<computed> [as .ts] (D:\\upwork orders\\Tudva\\abdullah-latest\\backend\\node_modules\\.pnpm\\ts-node@10.9.2_@types+node@22.13.8_typescript@5.8.2\\node_modules\\ts-node\\src\\index.ts:1621:12)\n    at Module.load (node:internal/modules/cjs/loader:1208:32)\n    at Function.Module._load (node:internal/modules/cjs/loader:1024:12)\n    at Module.require (node:internal/modules/cjs/loader:1233:19)","os":{"loadavg":[0,0,0],"uptime":863590.953},"process":{"argv":["D:\\upwork orders\\Tudva\\abdullah-latest\\backend\\node_modules\\ts-node\\dist\\bin.js","D:\\upwork orders\\Tudva\\abdullah-latest\\backend\\src\\server.ts"],"cwd":"D:\\upwork orders\\Tudva\\abdullah-latest\\backend","execPath":"C:\\Program Files\\nodejs\\node.exe","gid":null,"memoryUsage":{"arrayBuffers":4783899,"external":8679930,"heapTotal":232079360,"heapUsed":203761504,"rss":278917120},"pid":20468,"uid":null,"version":"v20.15.1"},"stack":"TSError: ⨯ Unable to compile TypeScript:\n\u001b[96msrc/middleware/validation.middleware.ts\u001b[0m:\u001b[93m4\u001b[0m:\u001b[93m26\u001b[0m - \u001b[91merror\u001b[0m\u001b[90m TS7016: \u001b[0mCould not find a declaration file for module 'sanitize-html'. 'D:/upwork orders/Tudva/abdullah-latest/backend/node_modules/.pnpm/sanitize-html@2.14.0/node_modules/sanitize-html/index.js' implicitly has an 'any' type.\r\n  Try `npm i --save-dev @types/sanitize-html` if it exists or add a new declaration (.d.ts) file containing `declare module 'sanitize-html';`\r\n\r\n\u001b[7m4\u001b[0m import sanitizeHtml from 'sanitize-html';\r\n\u001b[7m \u001b[0m \u001b[91m                         ~~~~~~~~~~~~~~~\u001b[0m\r\n\n    at createTSError (D:\\upwork orders\\Tudva\\abdullah-latest\\backend\\node_modules\\.pnpm\\ts-node@10.9.2_@types+node@22.13.8_typescript@5.8.2\\node_modules\\ts-node\\src\\index.ts:859:12)\n    at reportTSError (D:\\upwork orders\\Tudva\\abdullah-latest\\backend\\node_modules\\.pnpm\\ts-node@10.9.2_@types+node@22.13.8_typescript@5.8.2\\node_modules\\ts-node\\src\\index.ts:863:19)\n    at getOutput (D:\\upwork orders\\Tudva\\abdullah-latest\\backend\\node_modules\\.pnpm\\ts-node@10.9.2_@types+node@22.13.8_typescript@5.8.2\\node_modules\\ts-node\\src\\index.ts:1077:36)\n    at Object.compile (D:\\upwork orders\\Tudva\\abdullah-latest\\backend\\node_modules\\.pnpm\\ts-node@10.9.2_@types+node@22.13.8_typescript@5.8.2\\node_modules\\ts-node\\src\\index.ts:1433:41)\n    at Module.m._compile (D:\\upwork orders\\Tudva\\abdullah-latest\\backend\\node_modules\\.pnpm\\ts-node@10.9.2_@types+node@22.13.8_typescript@5.8.2\\node_modules\\ts-node\\src\\index.ts:1617:30)\n    at Module._extensions..js (node:internal/modules/cjs/loader:1416:10)\n    at Object.require.extensions.<computed> [as .ts] (D:\\upwork orders\\Tudva\\abdullah-latest\\backend\\node_modules\\.pnpm\\ts-node@10.9.2_@types+node@22.13.8_typescript@5.8.2\\node_modules\\ts-node\\src\\index.ts:1621:12)\n    at Module.load (node:internal/modules/cjs/loader:1208:32)\n    at Function.Module._load (node:internal/modules/cjs/loader:1024:12)\n    at Module.require (node:internal/modules/cjs/loader:1233:19)","timestamp":"2025-04-03 23:36:09","trace":[{"column":12,"file":"D:\\upwork orders\\Tudva\\abdullah-latest\\backend\\node_modules\\.pnpm\\ts-node@10.9.2_@types+node@22.13.8_typescript@5.8.2\\node_modules\\ts-node\\src\\index.ts","function":"createTSError","line":859,"method":null,"native":false},{"column":19,"file":"D:\\upwork orders\\Tudva\\abdullah-latest\\backend\\node_modules\\.pnpm\\ts-node@10.9.2_@types+node@22.13.8_typescript@5.8.2\\node_modules\\ts-node\\src\\index.ts","function":"reportTSError","line":863,"method":null,"native":false},{"column":36,"file":"D:\\upwork orders\\Tudva\\abdullah-latest\\backend\\node_modules\\.pnpm\\ts-node@10.9.2_@types+node@22.13.8_typescript@5.8.2\\node_modules\\ts-node\\src\\index.ts","function":"getOutput","line":1077,"method":null,"native":false},{"column":41,"file":"D:\\upwork orders\\Tudva\\abdullah-latest\\backend\\node_modules\\.pnpm\\ts-node@10.9.2_@types+node@22.13.8_typescript@5.8.2\\node_modules\\ts-node\\src\\index.ts","function":"Object.compile","line":1433,"method":"compile","native":false},{"column":30,"file":"D:\\upwork orders\\Tudva\\abdullah-latest\\backend\\node_modules\\.pnpm\\ts-node@10.9.2_@types+node@22.13.8_typescript@5.8.2\\node_modules\\ts-node\\src\\index.ts","function":"Module.m._compile","line":1617,"method":"_compile","native":false},{"column":10,"file":"node:internal/modules/cjs/loader","function":"Module._extensions..js","line":1416,"method":".js","native":false},{"column":12,"file":"D:\\upwork orders\\Tudva\\abdullah-latest\\backend\\node_modules\\.pnpm\\ts-node@10.9.2_@types+node@22.13.8_typescript@5.8.2\\node_modules\\ts-node\\src\\index.ts","function":"Object.require.extensions.<computed> [as .ts]","line":1621,"method":"ts]","native":false},{"column":32,"file":"node:internal/modules/cjs/loader","function":"Module.load","line":1208,"method":"load","native":false},{"column":12,"file":"node:internal/modules/cjs/loader","function":"Module._load","line":1024,"method":"_load","native":false},{"column":19,"file":"node:internal/modules/cjs/loader","function":"Module.require","line":1233,"method":"require","native":false}]}
{"date":"Thu Apr 03 2025 23:36:21 GMT+0500 (Pakistan Standard Time)","error":{"diagnosticCodes":[7016]},"exception":true,"level":"error","message":"uncaughtException: ⨯ Unable to compile TypeScript:\n\u001b[96msrc/middleware/validation.middleware.ts\u001b[0m:\u001b[93m4\u001b[0m:\u001b[93m26\u001b[0m - \u001b[91merror\u001b[0m\u001b[90m TS7016: \u001b[0mCould not find a declaration file for module 'sanitize-html'. 'D:/upwork orders/Tudva/abdullah-latest/backend/node_modules/.pnpm/sanitize-html@2.14.0/node_modules/sanitize-html/index.js' implicitly has an 'any' type.\r\n  Try `npm i --save-dev @types/sanitize-html` if it exists or add a new declaration (.d.ts) file containing `declare module 'sanitize-html';`\r\n\r\n\u001b[7m4\u001b[0m import sanitizeHtml from 'sanitize-html';\r\n\u001b[7m \u001b[0m \u001b[91m                         ~~~~~~~~~~~~~~~\u001b[0m\r\n\nTSError: ⨯ Unable to compile TypeScript:\n\u001b[96msrc/middleware/validation.middleware.ts\u001b[0m:\u001b[93m4\u001b[0m:\u001b[93m26\u001b[0m - \u001b[91merror\u001b[0m\u001b[90m TS7016: \u001b[0mCould not find a declaration file for module 'sanitize-html'. 'D:/upwork orders/Tudva/abdullah-latest/backend/node_modules/.pnpm/sanitize-html@2.14.0/node_modules/sanitize-html/index.js' implicitly has an 'any' type.\r\n  Try `npm i --save-dev @types/sanitize-html` if it exists or add a new declaration (.d.ts) file containing `declare module 'sanitize-html';`\r\n\r\n\u001b[7m4\u001b[0m import sanitizeHtml from 'sanitize-html';\r\n\u001b[7m \u001b[0m \u001b[91m                         ~~~~~~~~~~~~~~~\u001b[0m\r\n\n    at createTSError (D:\\upwork orders\\Tudva\\abdullah-latest\\backend\\node_modules\\.pnpm\\ts-node@10.9.2_@types+node@22.13.8_typescript@5.8.2\\node_modules\\ts-node\\src\\index.ts:859:12)\n    at reportTSError (D:\\upwork orders\\Tudva\\abdullah-latest\\backend\\node_modules\\.pnpm\\ts-node@10.9.2_@types+node@22.13.8_typescript@5.8.2\\node_modules\\ts-node\\src\\index.ts:863:19)\n    at getOutput (D:\\upwork orders\\Tudva\\abdullah-latest\\backend\\node_modules\\.pnpm\\ts-node@10.9.2_@types+node@22.13.8_typescript@5.8.2\\node_modules\\ts-node\\src\\index.ts:1077:36)\n    at Object.compile (D:\\upwork orders\\Tudva\\abdullah-latest\\backend\\node_modules\\.pnpm\\ts-node@10.9.2_@types+node@22.13.8_typescript@5.8.2\\node_modules\\ts-node\\src\\index.ts:1433:41)\n    at Module.m._compile (D:\\upwork orders\\Tudva\\abdullah-latest\\backend\\node_modules\\.pnpm\\ts-node@10.9.2_@types+node@22.13.8_typescript@5.8.2\\node_modules\\ts-node\\src\\index.ts:1617:30)\n    at Module._extensions..js (node:internal/modules/cjs/loader:1416:10)\n    at Object.require.extensions.<computed> [as .ts] (D:\\upwork orders\\Tudva\\abdullah-latest\\backend\\node_modules\\.pnpm\\ts-node@10.9.2_@types+node@22.13.8_typescript@5.8.2\\node_modules\\ts-node\\src\\index.ts:1621:12)\n    at Module.load (node:internal/modules/cjs/loader:1208:32)\n    at Function.Module._load (node:internal/modules/cjs/loader:1024:12)\n    at Module.require (node:internal/modules/cjs/loader:1233:19)","os":{"loadavg":[0,0,0],"uptime":863603.75},"process":{"argv":["D:\\upwork orders\\Tudva\\abdullah-latest\\backend\\node_modules\\ts-node\\dist\\bin.js","D:\\upwork orders\\Tudva\\abdullah-latest\\backend\\src\\server.ts"],"cwd":"D:\\upwork orders\\Tudva\\abdullah-latest\\backend","execPath":"C:\\Program Files\\nodejs\\node.exe","gid":null,"memoryUsage":{"arrayBuffers":4788370,"external":8684401,"heapTotal":231292928,"heapUsed":207243088,"rss":276664320},"pid":7388,"uid":null,"version":"v20.15.1"},"stack":"TSError: ⨯ Unable to compile TypeScript:\n\u001b[96msrc/middleware/validation.middleware.ts\u001b[0m:\u001b[93m4\u001b[0m:\u001b[93m26\u001b[0m - \u001b[91merror\u001b[0m\u001b[90m TS7016: \u001b[0mCould not find a declaration file for module 'sanitize-html'. 'D:/upwork orders/Tudva/abdullah-latest/backend/node_modules/.pnpm/sanitize-html@2.14.0/node_modules/sanitize-html/index.js' implicitly has an 'any' type.\r\n  Try `npm i --save-dev @types/sanitize-html` if it exists or add a new declaration (.d.ts) file containing `declare module 'sanitize-html';`\r\n\r\n\u001b[7m4\u001b[0m import sanitizeHtml from 'sanitize-html';\r\n\u001b[7m \u001b[0m \u001b[91m                         ~~~~~~~~~~~~~~~\u001b[0m\r\n\n    at createTSError (D:\\upwork orders\\Tudva\\abdullah-latest\\backend\\node_modules\\.pnpm\\ts-node@10.9.2_@types+node@22.13.8_typescript@5.8.2\\node_modules\\ts-node\\src\\index.ts:859:12)\n    at reportTSError (D:\\upwork orders\\Tudva\\abdullah-latest\\backend\\node_modules\\.pnpm\\ts-node@10.9.2_@types+node@22.13.8_typescript@5.8.2\\node_modules\\ts-node\\src\\index.ts:863:19)\n    at getOutput (D:\\upwork orders\\Tudva\\abdullah-latest\\backend\\node_modules\\.pnpm\\ts-node@10.9.2_@types+node@22.13.8_typescript@5.8.2\\node_modules\\ts-node\\src\\index.ts:1077:36)\n    at Object.compile (D:\\upwork orders\\Tudva\\abdullah-latest\\backend\\node_modules\\.pnpm\\ts-node@10.9.2_@types+node@22.13.8_typescript@5.8.2\\node_modules\\ts-node\\src\\index.ts:1433:41)\n    at Module.m._compile (D:\\upwork orders\\Tudva\\abdullah-latest\\backend\\node_modules\\.pnpm\\ts-node@10.9.2_@types+node@22.13.8_typescript@5.8.2\\node_modules\\ts-node\\src\\index.ts:1617:30)\n    at Module._extensions..js (node:internal/modules/cjs/loader:1416:10)\n    at Object.require.extensions.<computed> [as .ts] (D:\\upwork orders\\Tudva\\abdullah-latest\\backend\\node_modules\\.pnpm\\ts-node@10.9.2_@types+node@22.13.8_typescript@5.8.2\\node_modules\\ts-node\\src\\index.ts:1621:12)\n    at Module.load (node:internal/modules/cjs/loader:1208:32)\n    at Function.Module._load (node:internal/modules/cjs/loader:1024:12)\n    at Module.require (node:internal/modules/cjs/loader:1233:19)","timestamp":"2025-04-03 23:36:21","trace":[{"column":12,"file":"D:\\upwork orders\\Tudva\\abdullah-latest\\backend\\node_modules\\.pnpm\\ts-node@10.9.2_@types+node@22.13.8_typescript@5.8.2\\node_modules\\ts-node\\src\\index.ts","function":"createTSError","line":859,"method":null,"native":false},{"column":19,"file":"D:\\upwork orders\\Tudva\\abdullah-latest\\backend\\node_modules\\.pnpm\\ts-node@10.9.2_@types+node@22.13.8_typescript@5.8.2\\node_modules\\ts-node\\src\\index.ts","function":"reportTSError","line":863,"method":null,"native":false},{"column":36,"file":"D:\\upwork orders\\Tudva\\abdullah-latest\\backend\\node_modules\\.pnpm\\ts-node@10.9.2_@types+node@22.13.8_typescript@5.8.2\\node_modules\\ts-node\\src\\index.ts","function":"getOutput","line":1077,"method":null,"native":false},{"column":41,"file":"D:\\upwork orders\\Tudva\\abdullah-latest\\backend\\node_modules\\.pnpm\\ts-node@10.9.2_@types+node@22.13.8_typescript@5.8.2\\node_modules\\ts-node\\src\\index.ts","function":"Object.compile","line":1433,"method":"compile","native":false},{"column":30,"file":"D:\\upwork orders\\Tudva\\abdullah-latest\\backend\\node_modules\\.pnpm\\ts-node@10.9.2_@types+node@22.13.8_typescript@5.8.2\\node_modules\\ts-node\\src\\index.ts","function":"Module.m._compile","line":1617,"method":"_compile","native":false},{"column":10,"file":"node:internal/modules/cjs/loader","function":"Module._extensions..js","line":1416,"method":".js","native":false},{"column":12,"file":"D:\\upwork orders\\Tudva\\abdullah-latest\\backend\\node_modules\\.pnpm\\ts-node@10.9.2_@types+node@22.13.8_typescript@5.8.2\\node_modules\\ts-node\\src\\index.ts","function":"Object.require.extensions.<computed> [as .ts]","line":1621,"method":"ts]","native":false},{"column":32,"file":"node:internal/modules/cjs/loader","function":"Module.load","line":1208,"method":"load","native":false},{"column":12,"file":"node:internal/modules/cjs/loader","function":"Module._load","line":1024,"method":"_load","native":false},{"column":19,"file":"node:internal/modules/cjs/loader","function":"Module.require","line":1233,"method":"require","native":false}]}
{"date":"Thu Apr 03 2025 23:36:42 GMT+0500 (Pakistan Standard Time)","error":{"diagnosticCodes":[7016]},"exception":true,"level":"error","message":"uncaughtException: ⨯ Unable to compile TypeScript:\n\u001b[96msrc/middleware/validation.middleware.ts\u001b[0m:\u001b[93m4\u001b[0m:\u001b[93m26\u001b[0m - \u001b[91merror\u001b[0m\u001b[90m TS7016: \u001b[0mCould not find a declaration file for module 'sanitize-html'. 'D:/upwork orders/Tudva/abdullah-latest/backend/node_modules/.pnpm/sanitize-html@2.14.0/node_modules/sanitize-html/index.js' implicitly has an 'any' type.\r\n  Try `npm i --save-dev @types/sanitize-html` if it exists or add a new declaration (.d.ts) file containing `declare module 'sanitize-html';`\r\n\r\n\u001b[7m4\u001b[0m import sanitizeHtml from 'sanitize-html';\r\n\u001b[7m \u001b[0m \u001b[91m                         ~~~~~~~~~~~~~~~\u001b[0m\r\n\nTSError: ⨯ Unable to compile TypeScript:\n\u001b[96msrc/middleware/validation.middleware.ts\u001b[0m:\u001b[93m4\u001b[0m:\u001b[93m26\u001b[0m - \u001b[91merror\u001b[0m\u001b[90m TS7016: \u001b[0mCould not find a declaration file for module 'sanitize-html'. 'D:/upwork orders/Tudva/abdullah-latest/backend/node_modules/.pnpm/sanitize-html@2.14.0/node_modules/sanitize-html/index.js' implicitly has an 'any' type.\r\n  Try `npm i --save-dev @types/sanitize-html` if it exists or add a new declaration (.d.ts) file containing `declare module 'sanitize-html';`\r\n\r\n\u001b[7m4\u001b[0m import sanitizeHtml from 'sanitize-html';\r\n\u001b[7m \u001b[0m \u001b[91m                         ~~~~~~~~~~~~~~~\u001b[0m\r\n\n    at createTSError (D:\\upwork orders\\Tudva\\abdullah-latest\\backend\\node_modules\\.pnpm\\ts-node@10.9.2_@types+node@22.13.8_typescript@5.8.2\\node_modules\\ts-node\\src\\index.ts:859:12)\n    at reportTSError (D:\\upwork orders\\Tudva\\abdullah-latest\\backend\\node_modules\\.pnpm\\ts-node@10.9.2_@types+node@22.13.8_typescript@5.8.2\\node_modules\\ts-node\\src\\index.ts:863:19)\n    at getOutput (D:\\upwork orders\\Tudva\\abdullah-latest\\backend\\node_modules\\.pnpm\\ts-node@10.9.2_@types+node@22.13.8_typescript@5.8.2\\node_modules\\ts-node\\src\\index.ts:1077:36)\n    at Object.compile (D:\\upwork orders\\Tudva\\abdullah-latest\\backend\\node_modules\\.pnpm\\ts-node@10.9.2_@types+node@22.13.8_typescript@5.8.2\\node_modules\\ts-node\\src\\index.ts:1433:41)\n    at Module.m._compile (D:\\upwork orders\\Tudva\\abdullah-latest\\backend\\node_modules\\.pnpm\\ts-node@10.9.2_@types+node@22.13.8_typescript@5.8.2\\node_modules\\ts-node\\src\\index.ts:1617:30)\n    at Module._extensions..js (node:internal/modules/cjs/loader:1416:10)\n    at Object.require.extensions.<computed> [as .ts] (D:\\upwork orders\\Tudva\\abdullah-latest\\backend\\node_modules\\.pnpm\\ts-node@10.9.2_@types+node@22.13.8_typescript@5.8.2\\node_modules\\ts-node\\src\\index.ts:1621:12)\n    at Module.load (node:internal/modules/cjs/loader:1208:32)\n    at Function.Module._load (node:internal/modules/cjs/loader:1024:12)\n    at Module.require (node:internal/modules/cjs/loader:1233:19)","os":{"loadavg":[0,0,0],"uptime":863624.89},"process":{"argv":["D:\\upwork orders\\Tudva\\abdullah-latest\\backend\\node_modules\\ts-node\\dist\\bin.js","D:\\upwork orders\\Tudva\\abdullah-latest\\backend\\src\\server.ts"],"cwd":"D:\\upwork orders\\Tudva\\abdullah-latest\\backend","execPath":"C:\\Program Files\\nodejs\\node.exe","gid":null,"memoryUsage":{"arrayBuffers":4784027,"external":8680058,"heapTotal":232603648,"heapUsed":203964360,"rss":280227840},"pid":21976,"uid":null,"version":"v20.15.1"},"stack":"TSError: ⨯ Unable to compile TypeScript:\n\u001b[96msrc/middleware/validation.middleware.ts\u001b[0m:\u001b[93m4\u001b[0m:\u001b[93m26\u001b[0m - \u001b[91merror\u001b[0m\u001b[90m TS7016: \u001b[0mCould not find a declaration file for module 'sanitize-html'. 'D:/upwork orders/Tudva/abdullah-latest/backend/node_modules/.pnpm/sanitize-html@2.14.0/node_modules/sanitize-html/index.js' implicitly has an 'any' type.\r\n  Try `npm i --save-dev @types/sanitize-html` if it exists or add a new declaration (.d.ts) file containing `declare module 'sanitize-html';`\r\n\r\n\u001b[7m4\u001b[0m import sanitizeHtml from 'sanitize-html';\r\n\u001b[7m \u001b[0m \u001b[91m                         ~~~~~~~~~~~~~~~\u001b[0m\r\n\n    at createTSError (D:\\upwork orders\\Tudva\\abdullah-latest\\backend\\node_modules\\.pnpm\\ts-node@10.9.2_@types+node@22.13.8_typescript@5.8.2\\node_modules\\ts-node\\src\\index.ts:859:12)\n    at reportTSError (D:\\upwork orders\\Tudva\\abdullah-latest\\backend\\node_modules\\.pnpm\\ts-node@10.9.2_@types+node@22.13.8_typescript@5.8.2\\node_modules\\ts-node\\src\\index.ts:863:19)\n    at getOutput (D:\\upwork orders\\Tudva\\abdullah-latest\\backend\\node_modules\\.pnpm\\ts-node@10.9.2_@types+node@22.13.8_typescript@5.8.2\\node_modules\\ts-node\\src\\index.ts:1077:36)\n    at Object.compile (D:\\upwork orders\\Tudva\\abdullah-latest\\backend\\node_modules\\.pnpm\\ts-node@10.9.2_@types+node@22.13.8_typescript@5.8.2\\node_modules\\ts-node\\src\\index.ts:1433:41)\n    at Module.m._compile (D:\\upwork orders\\Tudva\\abdullah-latest\\backend\\node_modules\\.pnpm\\ts-node@10.9.2_@types+node@22.13.8_typescript@5.8.2\\node_modules\\ts-node\\src\\index.ts:1617:30)\n    at Module._extensions..js (node:internal/modules/cjs/loader:1416:10)\n    at Object.require.extensions.<computed> [as .ts] (D:\\upwork orders\\Tudva\\abdullah-latest\\backend\\node_modules\\.pnpm\\ts-node@10.9.2_@types+node@22.13.8_typescript@5.8.2\\node_modules\\ts-node\\src\\index.ts:1621:12)\n    at Module.load (node:internal/modules/cjs/loader:1208:32)\n    at Function.Module._load (node:internal/modules/cjs/loader:1024:12)\n    at Module.require (node:internal/modules/cjs/loader:1233:19)","timestamp":"2025-04-03 23:36:42","trace":[{"column":12,"file":"D:\\upwork orders\\Tudva\\abdullah-latest\\backend\\node_modules\\.pnpm\\ts-node@10.9.2_@types+node@22.13.8_typescript@5.8.2\\node_modules\\ts-node\\src\\index.ts","function":"createTSError","line":859,"method":null,"native":false},{"column":19,"file":"D:\\upwork orders\\Tudva\\abdullah-latest\\backend\\node_modules\\.pnpm\\ts-node@10.9.2_@types+node@22.13.8_typescript@5.8.2\\node_modules\\ts-node\\src\\index.ts","function":"reportTSError","line":863,"method":null,"native":false},{"column":36,"file":"D:\\upwork orders\\Tudva\\abdullah-latest\\backend\\node_modules\\.pnpm\\ts-node@10.9.2_@types+node@22.13.8_typescript@5.8.2\\node_modules\\ts-node\\src\\index.ts","function":"getOutput","line":1077,"method":null,"native":false},{"column":41,"file":"D:\\upwork orders\\Tudva\\abdullah-latest\\backend\\node_modules\\.pnpm\\ts-node@10.9.2_@types+node@22.13.8_typescript@5.8.2\\node_modules\\ts-node\\src\\index.ts","function":"Object.compile","line":1433,"method":"compile","native":false},{"column":30,"file":"D:\\upwork orders\\Tudva\\abdullah-latest\\backend\\node_modules\\.pnpm\\ts-node@10.9.2_@types+node@22.13.8_typescript@5.8.2\\node_modules\\ts-node\\src\\index.ts","function":"Module.m._compile","line":1617,"method":"_compile","native":false},{"column":10,"file":"node:internal/modules/cjs/loader","function":"Module._extensions..js","line":1416,"method":".js","native":false},{"column":12,"file":"D:\\upwork orders\\Tudva\\abdullah-latest\\backend\\node_modules\\.pnpm\\ts-node@10.9.2_@types+node@22.13.8_typescript@5.8.2\\node_modules\\ts-node\\src\\index.ts","function":"Object.require.extensions.<computed> [as .ts]","line":1621,"method":"ts]","native":false},{"column":32,"file":"node:internal/modules/cjs/loader","function":"Module.load","line":1208,"method":"load","native":false},{"column":12,"file":"node:internal/modules/cjs/loader","function":"Module._load","line":1024,"method":"_load","native":false},{"column":19,"file":"node:internal/modules/cjs/loader","function":"Module.require","line":1233,"method":"require","native":false}]}
{"date":"Thu Apr 03 2025 23:37:35 GMT+0500 (Pakistan Standard Time)","error":{"diagnosticCodes":[7016]},"exception":true,"level":"error","message":"uncaughtException: ⨯ Unable to compile TypeScript:\n\u001b[96msrc/middleware/validation.middleware.ts\u001b[0m:\u001b[93m4\u001b[0m:\u001b[93m26\u001b[0m - \u001b[91merror\u001b[0m\u001b[90m TS7016: \u001b[0mCould not find a declaration file for module 'sanitize-html'. 'D:/upwork orders/Tudva/abdullah-latest/backend/node_modules/.pnpm/sanitize-html@2.14.0/node_modules/sanitize-html/index.js' implicitly has an 'any' type.\r\n  Try `npm i --save-dev @types/sanitize-html` if it exists or add a new declaration (.d.ts) file containing `declare module 'sanitize-html';`\r\n\r\n\u001b[7m4\u001b[0m import sanitizeHtml from 'sanitize-html';\r\n\u001b[7m \u001b[0m \u001b[91m                         ~~~~~~~~~~~~~~~\u001b[0m\r\n\nTSError: ⨯ Unable to compile TypeScript:\n\u001b[96msrc/middleware/validation.middleware.ts\u001b[0m:\u001b[93m4\u001b[0m:\u001b[93m26\u001b[0m - \u001b[91merror\u001b[0m\u001b[90m TS7016: \u001b[0mCould not find a declaration file for module 'sanitize-html'. 'D:/upwork orders/Tudva/abdullah-latest/backend/node_modules/.pnpm/sanitize-html@2.14.0/node_modules/sanitize-html/index.js' implicitly has an 'any' type.\r\n  Try `npm i --save-dev @types/sanitize-html` if it exists or add a new declaration (.d.ts) file containing `declare module 'sanitize-html';`\r\n\r\n\u001b[7m4\u001b[0m import sanitizeHtml from 'sanitize-html';\r\n\u001b[7m \u001b[0m \u001b[91m                         ~~~~~~~~~~~~~~~\u001b[0m\r\n\n    at createTSError (D:\\upwork orders\\Tudva\\abdullah-latest\\backend\\node_modules\\.pnpm\\ts-node@10.9.2_@types+node@22.13.8_typescript@5.8.2\\node_modules\\ts-node\\src\\index.ts:859:12)\n    at reportTSError (D:\\upwork orders\\Tudva\\abdullah-latest\\backend\\node_modules\\.pnpm\\ts-node@10.9.2_@types+node@22.13.8_typescript@5.8.2\\node_modules\\ts-node\\src\\index.ts:863:19)\n    at getOutput (D:\\upwork orders\\Tudva\\abdullah-latest\\backend\\node_modules\\.pnpm\\ts-node@10.9.2_@types+node@22.13.8_typescript@5.8.2\\node_modules\\ts-node\\src\\index.ts:1077:36)\n    at Object.compile (D:\\upwork orders\\Tudva\\abdullah-latest\\backend\\node_modules\\.pnpm\\ts-node@10.9.2_@types+node@22.13.8_typescript@5.8.2\\node_modules\\ts-node\\src\\index.ts:1433:41)\n    at Module.m._compile (D:\\upwork orders\\Tudva\\abdullah-latest\\backend\\node_modules\\.pnpm\\ts-node@10.9.2_@types+node@22.13.8_typescript@5.8.2\\node_modules\\ts-node\\src\\index.ts:1617:30)\n    at Module._extensions..js (node:internal/modules/cjs/loader:1416:10)\n    at Object.require.extensions.<computed> [as .ts] (D:\\upwork orders\\Tudva\\abdullah-latest\\backend\\node_modules\\.pnpm\\ts-node@10.9.2_@types+node@22.13.8_typescript@5.8.2\\node_modules\\ts-node\\src\\index.ts:1621:12)\n    at Module.load (node:internal/modules/cjs/loader:1208:32)\n    at Function.Module._load (node:internal/modules/cjs/loader:1024:12)\n    at Module.require (node:internal/modules/cjs/loader:1233:19)","os":{"loadavg":[0,0,0],"uptime":863677.39},"process":{"argv":["D:\\upwork orders\\Tudva\\abdullah-latest\\backend\\node_modules\\ts-node\\dist\\bin.js","D:\\upwork orders\\Tudva\\abdullah-latest\\backend\\src\\server.ts"],"cwd":"D:\\upwork orders\\Tudva\\abdullah-latest\\backend","execPath":"C:\\Program Files\\nodejs\\node.exe","gid":null,"memoryUsage":{"arrayBuffers":4784067,"external":8680098,"heapTotal":236797952,"heapUsed":206471552,"rss":282464256},"pid":25212,"uid":null,"version":"v20.15.1"},"stack":"TSError: ⨯ Unable to compile TypeScript:\n\u001b[96msrc/middleware/validation.middleware.ts\u001b[0m:\u001b[93m4\u001b[0m:\u001b[93m26\u001b[0m - \u001b[91merror\u001b[0m\u001b[90m TS7016: \u001b[0mCould not find a declaration file for module 'sanitize-html'. 'D:/upwork orders/Tudva/abdullah-latest/backend/node_modules/.pnpm/sanitize-html@2.14.0/node_modules/sanitize-html/index.js' implicitly has an 'any' type.\r\n  Try `npm i --save-dev @types/sanitize-html` if it exists or add a new declaration (.d.ts) file containing `declare module 'sanitize-html';`\r\n\r\n\u001b[7m4\u001b[0m import sanitizeHtml from 'sanitize-html';\r\n\u001b[7m \u001b[0m \u001b[91m                         ~~~~~~~~~~~~~~~\u001b[0m\r\n\n    at createTSError (D:\\upwork orders\\Tudva\\abdullah-latest\\backend\\node_modules\\.pnpm\\ts-node@10.9.2_@types+node@22.13.8_typescript@5.8.2\\node_modules\\ts-node\\src\\index.ts:859:12)\n    at reportTSError (D:\\upwork orders\\Tudva\\abdullah-latest\\backend\\node_modules\\.pnpm\\ts-node@10.9.2_@types+node@22.13.8_typescript@5.8.2\\node_modules\\ts-node\\src\\index.ts:863:19)\n    at getOutput (D:\\upwork orders\\Tudva\\abdullah-latest\\backend\\node_modules\\.pnpm\\ts-node@10.9.2_@types+node@22.13.8_typescript@5.8.2\\node_modules\\ts-node\\src\\index.ts:1077:36)\n    at Object.compile (D:\\upwork orders\\Tudva\\abdullah-latest\\backend\\node_modules\\.pnpm\\ts-node@10.9.2_@types+node@22.13.8_typescript@5.8.2\\node_modules\\ts-node\\src\\index.ts:1433:41)\n    at Module.m._compile (D:\\upwork orders\\Tudva\\abdullah-latest\\backend\\node_modules\\.pnpm\\ts-node@10.9.2_@types+node@22.13.8_typescript@5.8.2\\node_modules\\ts-node\\src\\index.ts:1617:30)\n    at Module._extensions..js (node:internal/modules/cjs/loader:1416:10)\n    at Object.require.extensions.<computed> [as .ts] (D:\\upwork orders\\Tudva\\abdullah-latest\\backend\\node_modules\\.pnpm\\ts-node@10.9.2_@types+node@22.13.8_typescript@5.8.2\\node_modules\\ts-node\\src\\index.ts:1621:12)\n    at Module.load (node:internal/modules/cjs/loader:1208:32)\n    at Function.Module._load (node:internal/modules/cjs/loader:1024:12)\n    at Module.require (node:internal/modules/cjs/loader:1233:19)","timestamp":"2025-04-03 23:37:35","trace":[{"column":12,"file":"D:\\upwork orders\\Tudva\\abdullah-latest\\backend\\node_modules\\.pnpm\\ts-node@10.9.2_@types+node@22.13.8_typescript@5.8.2\\node_modules\\ts-node\\src\\index.ts","function":"createTSError","line":859,"method":null,"native":false},{"column":19,"file":"D:\\upwork orders\\Tudva\\abdullah-latest\\backend\\node_modules\\.pnpm\\ts-node@10.9.2_@types+node@22.13.8_typescript@5.8.2\\node_modules\\ts-node\\src\\index.ts","function":"reportTSError","line":863,"method":null,"native":false},{"column":36,"file":"D:\\upwork orders\\Tudva\\abdullah-latest\\backend\\node_modules\\.pnpm\\ts-node@10.9.2_@types+node@22.13.8_typescript@5.8.2\\node_modules\\ts-node\\src\\index.ts","function":"getOutput","line":1077,"method":null,"native":false},{"column":41,"file":"D:\\upwork orders\\Tudva\\abdullah-latest\\backend\\node_modules\\.pnpm\\ts-node@10.9.2_@types+node@22.13.8_typescript@5.8.2\\node_modules\\ts-node\\src\\index.ts","function":"Object.compile","line":1433,"method":"compile","native":false},{"column":30,"file":"D:\\upwork orders\\Tudva\\abdullah-latest\\backend\\node_modules\\.pnpm\\ts-node@10.9.2_@types+node@22.13.8_typescript@5.8.2\\node_modules\\ts-node\\src\\index.ts","function":"Module.m._compile","line":1617,"method":"_compile","native":false},{"column":10,"file":"node:internal/modules/cjs/loader","function":"Module._extensions..js","line":1416,"method":".js","native":false},{"column":12,"file":"D:\\upwork orders\\Tudva\\abdullah-latest\\backend\\node_modules\\.pnpm\\ts-node@10.9.2_@types+node@22.13.8_typescript@5.8.2\\node_modules\\ts-node\\src\\index.ts","function":"Object.require.extensions.<computed> [as .ts]","line":1621,"method":"ts]","native":false},{"column":32,"file":"node:internal/modules/cjs/loader","function":"Module.load","line":1208,"method":"load","native":false},{"column":12,"file":"node:internal/modules/cjs/loader","function":"Module._load","line":1024,"method":"_load","native":false},{"column":19,"file":"node:internal/modules/cjs/loader","function":"Module.require","line":1233,"method":"require","native":false}]}
{"date":"Thu Apr 03 2025 23:37:47 GMT+0500 (Pakistan Standard Time)","error":{"diagnosticCodes":[7016]},"exception":true,"level":"error","message":"uncaughtException: ⨯ Unable to compile TypeScript:\n\u001b[96msrc/middleware/validation.middleware.ts\u001b[0m:\u001b[93m4\u001b[0m:\u001b[93m26\u001b[0m - \u001b[91merror\u001b[0m\u001b[90m TS7016: \u001b[0mCould not find a declaration file for module 'sanitize-html'. 'D:/upwork orders/Tudva/abdullah-latest/backend/node_modules/.pnpm/sanitize-html@2.14.0/node_modules/sanitize-html/index.js' implicitly has an 'any' type.\r\n  Try `npm i --save-dev @types/sanitize-html` if it exists or add a new declaration (.d.ts) file containing `declare module 'sanitize-html';`\r\n\r\n\u001b[7m4\u001b[0m import sanitizeHtml from 'sanitize-html';\r\n\u001b[7m \u001b[0m \u001b[91m                         ~~~~~~~~~~~~~~~\u001b[0m\r\n\nTSError: ⨯ Unable to compile TypeScript:\n\u001b[96msrc/middleware/validation.middleware.ts\u001b[0m:\u001b[93m4\u001b[0m:\u001b[93m26\u001b[0m - \u001b[91merror\u001b[0m\u001b[90m TS7016: \u001b[0mCould not find a declaration file for module 'sanitize-html'. 'D:/upwork orders/Tudva/abdullah-latest/backend/node_modules/.pnpm/sanitize-html@2.14.0/node_modules/sanitize-html/index.js' implicitly has an 'any' type.\r\n  Try `npm i --save-dev @types/sanitize-html` if it exists or add a new declaration (.d.ts) file containing `declare module 'sanitize-html';`\r\n\r\n\u001b[7m4\u001b[0m import sanitizeHtml from 'sanitize-html';\r\n\u001b[7m \u001b[0m \u001b[91m                         ~~~~~~~~~~~~~~~\u001b[0m\r\n\n    at createTSError (D:\\upwork orders\\Tudva\\abdullah-latest\\backend\\node_modules\\.pnpm\\ts-node@10.9.2_@types+node@22.13.8_typescript@5.8.2\\node_modules\\ts-node\\src\\index.ts:859:12)\n    at reportTSError (D:\\upwork orders\\Tudva\\abdullah-latest\\backend\\node_modules\\.pnpm\\ts-node@10.9.2_@types+node@22.13.8_typescript@5.8.2\\node_modules\\ts-node\\src\\index.ts:863:19)\n    at getOutput (D:\\upwork orders\\Tudva\\abdullah-latest\\backend\\node_modules\\.pnpm\\ts-node@10.9.2_@types+node@22.13.8_typescript@5.8.2\\node_modules\\ts-node\\src\\index.ts:1077:36)\n    at Object.compile (D:\\upwork orders\\Tudva\\abdullah-latest\\backend\\node_modules\\.pnpm\\ts-node@10.9.2_@types+node@22.13.8_typescript@5.8.2\\node_modules\\ts-node\\src\\index.ts:1433:41)\n    at Module.m._compile (D:\\upwork orders\\Tudva\\abdullah-latest\\backend\\node_modules\\.pnpm\\ts-node@10.9.2_@types+node@22.13.8_typescript@5.8.2\\node_modules\\ts-node\\src\\index.ts:1617:30)\n    at Module._extensions..js (node:internal/modules/cjs/loader:1416:10)\n    at Object.require.extensions.<computed> [as .ts] (D:\\upwork orders\\Tudva\\abdullah-latest\\backend\\node_modules\\.pnpm\\ts-node@10.9.2_@types+node@22.13.8_typescript@5.8.2\\node_modules\\ts-node\\src\\index.ts:1621:12)\n    at Module.load (node:internal/modules/cjs/loader:1208:32)\n    at Function.Module._load (node:internal/modules/cjs/loader:1024:12)\n    at Module.require (node:internal/modules/cjs/loader:1233:19)","os":{"loadavg":[0,0,0],"uptime":863689.875},"process":{"argv":["D:\\upwork orders\\Tudva\\abdullah-latest\\backend\\node_modules\\ts-node\\dist\\bin.js","D:\\upwork orders\\Tudva\\abdullah-latest\\backend\\src\\server.ts"],"cwd":"D:\\upwork orders\\Tudva\\abdullah-latest\\backend","execPath":"C:\\Program Files\\nodejs\\node.exe","gid":null,"memoryUsage":{"arrayBuffers":4783923,"external":8679954,"heapTotal":237322240,"heapUsed":206221728,"rss":285884416},"pid":12516,"uid":null,"version":"v20.15.1"},"stack":"TSError: ⨯ Unable to compile TypeScript:\n\u001b[96msrc/middleware/validation.middleware.ts\u001b[0m:\u001b[93m4\u001b[0m:\u001b[93m26\u001b[0m - \u001b[91merror\u001b[0m\u001b[90m TS7016: \u001b[0mCould not find a declaration file for module 'sanitize-html'. 'D:/upwork orders/Tudva/abdullah-latest/backend/node_modules/.pnpm/sanitize-html@2.14.0/node_modules/sanitize-html/index.js' implicitly has an 'any' type.\r\n  Try `npm i --save-dev @types/sanitize-html` if it exists or add a new declaration (.d.ts) file containing `declare module 'sanitize-html';`\r\n\r\n\u001b[7m4\u001b[0m import sanitizeHtml from 'sanitize-html';\r\n\u001b[7m \u001b[0m \u001b[91m                         ~~~~~~~~~~~~~~~\u001b[0m\r\n\n    at createTSError (D:\\upwork orders\\Tudva\\abdullah-latest\\backend\\node_modules\\.pnpm\\ts-node@10.9.2_@types+node@22.13.8_typescript@5.8.2\\node_modules\\ts-node\\src\\index.ts:859:12)\n    at reportTSError (D:\\upwork orders\\Tudva\\abdullah-latest\\backend\\node_modules\\.pnpm\\ts-node@10.9.2_@types+node@22.13.8_typescript@5.8.2\\node_modules\\ts-node\\src\\index.ts:863:19)\n    at getOutput (D:\\upwork orders\\Tudva\\abdullah-latest\\backend\\node_modules\\.pnpm\\ts-node@10.9.2_@types+node@22.13.8_typescript@5.8.2\\node_modules\\ts-node\\src\\index.ts:1077:36)\n    at Object.compile (D:\\upwork orders\\Tudva\\abdullah-latest\\backend\\node_modules\\.pnpm\\ts-node@10.9.2_@types+node@22.13.8_typescript@5.8.2\\node_modules\\ts-node\\src\\index.ts:1433:41)\n    at Module.m._compile (D:\\upwork orders\\Tudva\\abdullah-latest\\backend\\node_modules\\.pnpm\\ts-node@10.9.2_@types+node@22.13.8_typescript@5.8.2\\node_modules\\ts-node\\src\\index.ts:1617:30)\n    at Module._extensions..js (node:internal/modules/cjs/loader:1416:10)\n    at Object.require.extensions.<computed> [as .ts] (D:\\upwork orders\\Tudva\\abdullah-latest\\backend\\node_modules\\.pnpm\\ts-node@10.9.2_@types+node@22.13.8_typescript@5.8.2\\node_modules\\ts-node\\src\\index.ts:1621:12)\n    at Module.load (node:internal/modules/cjs/loader:1208:32)\n    at Function.Module._load (node:internal/modules/cjs/loader:1024:12)\n    at Module.require (node:internal/modules/cjs/loader:1233:19)","timestamp":"2025-04-03 23:37:47","trace":[{"column":12,"file":"D:\\upwork orders\\Tudva\\abdullah-latest\\backend\\node_modules\\.pnpm\\ts-node@10.9.2_@types+node@22.13.8_typescript@5.8.2\\node_modules\\ts-node\\src\\index.ts","function":"createTSError","line":859,"method":null,"native":false},{"column":19,"file":"D:\\upwork orders\\Tudva\\abdullah-latest\\backend\\node_modules\\.pnpm\\ts-node@10.9.2_@types+node@22.13.8_typescript@5.8.2\\node_modules\\ts-node\\src\\index.ts","function":"reportTSError","line":863,"method":null,"native":false},{"column":36,"file":"D:\\upwork orders\\Tudva\\abdullah-latest\\backend\\node_modules\\.pnpm\\ts-node@10.9.2_@types+node@22.13.8_typescript@5.8.2\\node_modules\\ts-node\\src\\index.ts","function":"getOutput","line":1077,"method":null,"native":false},{"column":41,"file":"D:\\upwork orders\\Tudva\\abdullah-latest\\backend\\node_modules\\.pnpm\\ts-node@10.9.2_@types+node@22.13.8_typescript@5.8.2\\node_modules\\ts-node\\src\\index.ts","function":"Object.compile","line":1433,"method":"compile","native":false},{"column":30,"file":"D:\\upwork orders\\Tudva\\abdullah-latest\\backend\\node_modules\\.pnpm\\ts-node@10.9.2_@types+node@22.13.8_typescript@5.8.2\\node_modules\\ts-node\\src\\index.ts","function":"Module.m._compile","line":1617,"method":"_compile","native":false},{"column":10,"file":"node:internal/modules/cjs/loader","function":"Module._extensions..js","line":1416,"method":".js","native":false},{"column":12,"file":"D:\\upwork orders\\Tudva\\abdullah-latest\\backend\\node_modules\\.pnpm\\ts-node@10.9.2_@types+node@22.13.8_typescript@5.8.2\\node_modules\\ts-node\\src\\index.ts","function":"Object.require.extensions.<computed> [as .ts]","line":1621,"method":"ts]","native":false},{"column":32,"file":"node:internal/modules/cjs/loader","function":"Module.load","line":1208,"method":"load","native":false},{"column":12,"file":"node:internal/modules/cjs/loader","function":"Module._load","line":1024,"method":"_load","native":false},{"column":19,"file":"node:internal/modules/cjs/loader","function":"Module.require","line":1233,"method":"require","native":false}]}
{"date":"Thu Apr 03 2025 23:38:04 GMT+0500 (Pakistan Standard Time)","error":{"diagnosticCodes":[7016]},"exception":true,"level":"error","message":"uncaughtException: ⨯ Unable to compile TypeScript:\n\u001b[96msrc/middleware/validation.middleware.ts\u001b[0m:\u001b[93m4\u001b[0m:\u001b[93m26\u001b[0m - \u001b[91merror\u001b[0m\u001b[90m TS7016: \u001b[0mCould not find a declaration file for module 'sanitize-html'. 'D:/upwork orders/Tudva/abdullah-latest/backend/node_modules/.pnpm/sanitize-html@2.14.0/node_modules/sanitize-html/index.js' implicitly has an 'any' type.\r\n  Try `npm i --save-dev @types/sanitize-html` if it exists or add a new declaration (.d.ts) file containing `declare module 'sanitize-html';`\r\n\r\n\u001b[7m4\u001b[0m import sanitizeHtml from 'sanitize-html';\r\n\u001b[7m \u001b[0m \u001b[91m                         ~~~~~~~~~~~~~~~\u001b[0m\r\n\nTSError: ⨯ Unable to compile TypeScript:\n\u001b[96msrc/middleware/validation.middleware.ts\u001b[0m:\u001b[93m4\u001b[0m:\u001b[93m26\u001b[0m - \u001b[91merror\u001b[0m\u001b[90m TS7016: \u001b[0mCould not find a declaration file for module 'sanitize-html'. 'D:/upwork orders/Tudva/abdullah-latest/backend/node_modules/.pnpm/sanitize-html@2.14.0/node_modules/sanitize-html/index.js' implicitly has an 'any' type.\r\n  Try `npm i --save-dev @types/sanitize-html` if it exists or add a new declaration (.d.ts) file containing `declare module 'sanitize-html';`\r\n\r\n\u001b[7m4\u001b[0m import sanitizeHtml from 'sanitize-html';\r\n\u001b[7m \u001b[0m \u001b[91m                         ~~~~~~~~~~~~~~~\u001b[0m\r\n\n    at createTSError (D:\\upwork orders\\Tudva\\abdullah-latest\\backend\\node_modules\\.pnpm\\ts-node@10.9.2_@types+node@22.13.8_typescript@5.8.2\\node_modules\\ts-node\\src\\index.ts:859:12)\n    at reportTSError (D:\\upwork orders\\Tudva\\abdullah-latest\\backend\\node_modules\\.pnpm\\ts-node@10.9.2_@types+node@22.13.8_typescript@5.8.2\\node_modules\\ts-node\\src\\index.ts:863:19)\n    at getOutput (D:\\upwork orders\\Tudva\\abdullah-latest\\backend\\node_modules\\.pnpm\\ts-node@10.9.2_@types+node@22.13.8_typescript@5.8.2\\node_modules\\ts-node\\src\\index.ts:1077:36)\n    at Object.compile (D:\\upwork orders\\Tudva\\abdullah-latest\\backend\\node_modules\\.pnpm\\ts-node@10.9.2_@types+node@22.13.8_typescript@5.8.2\\node_modules\\ts-node\\src\\index.ts:1433:41)\n    at Module.m._compile (D:\\upwork orders\\Tudva\\abdullah-latest\\backend\\node_modules\\.pnpm\\ts-node@10.9.2_@types+node@22.13.8_typescript@5.8.2\\node_modules\\ts-node\\src\\index.ts:1617:30)\n    at Module._extensions..js (node:internal/modules/cjs/loader:1416:10)\n    at Object.require.extensions.<computed> [as .ts] (D:\\upwork orders\\Tudva\\abdullah-latest\\backend\\node_modules\\.pnpm\\ts-node@10.9.2_@types+node@22.13.8_typescript@5.8.2\\node_modules\\ts-node\\src\\index.ts:1621:12)\n    at Module.load (node:internal/modules/cjs/loader:1208:32)\n    at Function.Module._load (node:internal/modules/cjs/loader:1024:12)\n    at Module.require (node:internal/modules/cjs/loader:1233:19)","os":{"loadavg":[0,0,0],"uptime":863706.125},"process":{"argv":["D:\\upwork orders\\Tudva\\abdullah-latest\\backend\\node_modules\\ts-node\\dist\\bin.js","D:\\upwork orders\\Tudva\\abdullah-latest\\backend\\src\\server.ts"],"cwd":"D:\\upwork orders\\Tudva\\abdullah-latest\\backend","execPath":"C:\\Program Files\\nodejs\\node.exe","gid":null,"memoryUsage":{"arrayBuffers":4784011,"external":8680042,"heapTotal":236797952,"heapUsed":206178728,"rss":284450816},"pid":7536,"uid":null,"version":"v20.15.1"},"stack":"TSError: ⨯ Unable to compile TypeScript:\n\u001b[96msrc/middleware/validation.middleware.ts\u001b[0m:\u001b[93m4\u001b[0m:\u001b[93m26\u001b[0m - \u001b[91merror\u001b[0m\u001b[90m TS7016: \u001b[0mCould not find a declaration file for module 'sanitize-html'. 'D:/upwork orders/Tudva/abdullah-latest/backend/node_modules/.pnpm/sanitize-html@2.14.0/node_modules/sanitize-html/index.js' implicitly has an 'any' type.\r\n  Try `npm i --save-dev @types/sanitize-html` if it exists or add a new declaration (.d.ts) file containing `declare module 'sanitize-html';`\r\n\r\n\u001b[7m4\u001b[0m import sanitizeHtml from 'sanitize-html';\r\n\u001b[7m \u001b[0m \u001b[91m                         ~~~~~~~~~~~~~~~\u001b[0m\r\n\n    at createTSError (D:\\upwork orders\\Tudva\\abdullah-latest\\backend\\node_modules\\.pnpm\\ts-node@10.9.2_@types+node@22.13.8_typescript@5.8.2\\node_modules\\ts-node\\src\\index.ts:859:12)\n    at reportTSError (D:\\upwork orders\\Tudva\\abdullah-latest\\backend\\node_modules\\.pnpm\\ts-node@10.9.2_@types+node@22.13.8_typescript@5.8.2\\node_modules\\ts-node\\src\\index.ts:863:19)\n    at getOutput (D:\\upwork orders\\Tudva\\abdullah-latest\\backend\\node_modules\\.pnpm\\ts-node@10.9.2_@types+node@22.13.8_typescript@5.8.2\\node_modules\\ts-node\\src\\index.ts:1077:36)\n    at Object.compile (D:\\upwork orders\\Tudva\\abdullah-latest\\backend\\node_modules\\.pnpm\\ts-node@10.9.2_@types+node@22.13.8_typescript@5.8.2\\node_modules\\ts-node\\src\\index.ts:1433:41)\n    at Module.m._compile (D:\\upwork orders\\Tudva\\abdullah-latest\\backend\\node_modules\\.pnpm\\ts-node@10.9.2_@types+node@22.13.8_typescript@5.8.2\\node_modules\\ts-node\\src\\index.ts:1617:30)\n    at Module._extensions..js (node:internal/modules/cjs/loader:1416:10)\n    at Object.require.extensions.<computed> [as .ts] (D:\\upwork orders\\Tudva\\abdullah-latest\\backend\\node_modules\\.pnpm\\ts-node@10.9.2_@types+node@22.13.8_typescript@5.8.2\\node_modules\\ts-node\\src\\index.ts:1621:12)\n    at Module.load (node:internal/modules/cjs/loader:1208:32)\n    at Function.Module._load (node:internal/modules/cjs/loader:1024:12)\n    at Module.require (node:internal/modules/cjs/loader:1233:19)","timestamp":"2025-04-03 23:38:04","trace":[{"column":12,"file":"D:\\upwork orders\\Tudva\\abdullah-latest\\backend\\node_modules\\.pnpm\\ts-node@10.9.2_@types+node@22.13.8_typescript@5.8.2\\node_modules\\ts-node\\src\\index.ts","function":"createTSError","line":859,"method":null,"native":false},{"column":19,"file":"D:\\upwork orders\\Tudva\\abdullah-latest\\backend\\node_modules\\.pnpm\\ts-node@10.9.2_@types+node@22.13.8_typescript@5.8.2\\node_modules\\ts-node\\src\\index.ts","function":"reportTSError","line":863,"method":null,"native":false},{"column":36,"file":"D:\\upwork orders\\Tudva\\abdullah-latest\\backend\\node_modules\\.pnpm\\ts-node@10.9.2_@types+node@22.13.8_typescript@5.8.2\\node_modules\\ts-node\\src\\index.ts","function":"getOutput","line":1077,"method":null,"native":false},{"column":41,"file":"D:\\upwork orders\\Tudva\\abdullah-latest\\backend\\node_modules\\.pnpm\\ts-node@10.9.2_@types+node@22.13.8_typescript@5.8.2\\node_modules\\ts-node\\src\\index.ts","function":"Object.compile","line":1433,"method":"compile","native":false},{"column":30,"file":"D:\\upwork orders\\Tudva\\abdullah-latest\\backend\\node_modules\\.pnpm\\ts-node@10.9.2_@types+node@22.13.8_typescript@5.8.2\\node_modules\\ts-node\\src\\index.ts","function":"Module.m._compile","line":1617,"method":"_compile","native":false},{"column":10,"file":"node:internal/modules/cjs/loader","function":"Module._extensions..js","line":1416,"method":".js","native":false},{"column":12,"file":"D:\\upwork orders\\Tudva\\abdullah-latest\\backend\\node_modules\\.pnpm\\ts-node@10.9.2_@types+node@22.13.8_typescript@5.8.2\\node_modules\\ts-node\\src\\index.ts","function":"Object.require.extensions.<computed> [as .ts]","line":1621,"method":"ts]","native":false},{"column":32,"file":"node:internal/modules/cjs/loader","function":"Module.load","line":1208,"method":"load","native":false},{"column":12,"file":"node:internal/modules/cjs/loader","function":"Module._load","line":1024,"method":"_load","native":false},{"column":19,"file":"node:internal/modules/cjs/loader","function":"Module.require","line":1233,"method":"require","native":false}]}
{"date":"Thu Apr 03 2025 23:38:22 GMT+0500 (Pakistan Standard Time)","error":{"diagnosticCodes":[7016]},"exception":true,"level":"error","message":"uncaughtException: ⨯ Unable to compile TypeScript:\n\u001b[96msrc/middleware/validation.middleware.ts\u001b[0m:\u001b[93m4\u001b[0m:\u001b[93m26\u001b[0m - \u001b[91merror\u001b[0m\u001b[90m TS7016: \u001b[0mCould not find a declaration file for module 'sanitize-html'. 'D:/upwork orders/Tudva/abdullah-latest/backend/node_modules/.pnpm/sanitize-html@2.14.0/node_modules/sanitize-html/index.js' implicitly has an 'any' type.\r\n  Try `npm i --save-dev @types/sanitize-html` if it exists or add a new declaration (.d.ts) file containing `declare module 'sanitize-html';`\r\n\r\n\u001b[7m4\u001b[0m import sanitizeHtml from 'sanitize-html';\r\n\u001b[7m \u001b[0m \u001b[91m                         ~~~~~~~~~~~~~~~\u001b[0m\r\n\nTSError: ⨯ Unable to compile TypeScript:\n\u001b[96msrc/middleware/validation.middleware.ts\u001b[0m:\u001b[93m4\u001b[0m:\u001b[93m26\u001b[0m - \u001b[91merror\u001b[0m\u001b[90m TS7016: \u001b[0mCould not find a declaration file for module 'sanitize-html'. 'D:/upwork orders/Tudva/abdullah-latest/backend/node_modules/.pnpm/sanitize-html@2.14.0/node_modules/sanitize-html/index.js' implicitly has an 'any' type.\r\n  Try `npm i --save-dev @types/sanitize-html` if it exists or add a new declaration (.d.ts) file containing `declare module 'sanitize-html';`\r\n\r\n\u001b[7m4\u001b[0m import sanitizeHtml from 'sanitize-html';\r\n\u001b[7m \u001b[0m \u001b[91m                         ~~~~~~~~~~~~~~~\u001b[0m\r\n\n    at createTSError (D:\\upwork orders\\Tudva\\abdullah-latest\\backend\\node_modules\\.pnpm\\ts-node@10.9.2_@types+node@22.13.8_typescript@5.8.2\\node_modules\\ts-node\\src\\index.ts:859:12)\n    at reportTSError (D:\\upwork orders\\Tudva\\abdullah-latest\\backend\\node_modules\\.pnpm\\ts-node@10.9.2_@types+node@22.13.8_typescript@5.8.2\\node_modules\\ts-node\\src\\index.ts:863:19)\n    at getOutput (D:\\upwork orders\\Tudva\\abdullah-latest\\backend\\node_modules\\.pnpm\\ts-node@10.9.2_@types+node@22.13.8_typescript@5.8.2\\node_modules\\ts-node\\src\\index.ts:1077:36)\n    at Object.compile (D:\\upwork orders\\Tudva\\abdullah-latest\\backend\\node_modules\\.pnpm\\ts-node@10.9.2_@types+node@22.13.8_typescript@5.8.2\\node_modules\\ts-node\\src\\index.ts:1433:41)\n    at Module.m._compile (D:\\upwork orders\\Tudva\\abdullah-latest\\backend\\node_modules\\.pnpm\\ts-node@10.9.2_@types+node@22.13.8_typescript@5.8.2\\node_modules\\ts-node\\src\\index.ts:1617:30)\n    at Module._extensions..js (node:internal/modules/cjs/loader:1416:10)\n    at Object.require.extensions.<computed> [as .ts] (D:\\upwork orders\\Tudva\\abdullah-latest\\backend\\node_modules\\.pnpm\\ts-node@10.9.2_@types+node@22.13.8_typescript@5.8.2\\node_modules\\ts-node\\src\\index.ts:1621:12)\n    at Module.load (node:internal/modules/cjs/loader:1208:32)\n    at Function.Module._load (node:internal/modules/cjs/loader:1024:12)\n    at Module.require (node:internal/modules/cjs/loader:1233:19)","os":{"loadavg":[0,0,0],"uptime":863724.343},"process":{"argv":["D:\\upwork orders\\Tudva\\abdullah-latest\\backend\\node_modules\\ts-node\\dist\\bin.js","D:\\upwork orders\\Tudva\\abdullah-latest\\backend\\src\\server.ts"],"cwd":"D:\\upwork orders\\Tudva\\abdullah-latest\\backend","execPath":"C:\\Program Files\\nodejs\\node.exe","gid":null,"memoryUsage":{"arrayBuffers":4784051,"external":8680082,"heapTotal":236011520,"heapUsed":205667624,"rss":282349568},"pid":2160,"uid":null,"version":"v20.15.1"},"stack":"TSError: ⨯ Unable to compile TypeScript:\n\u001b[96msrc/middleware/validation.middleware.ts\u001b[0m:\u001b[93m4\u001b[0m:\u001b[93m26\u001b[0m - \u001b[91merror\u001b[0m\u001b[90m TS7016: \u001b[0mCould not find a declaration file for module 'sanitize-html'. 'D:/upwork orders/Tudva/abdullah-latest/backend/node_modules/.pnpm/sanitize-html@2.14.0/node_modules/sanitize-html/index.js' implicitly has an 'any' type.\r\n  Try `npm i --save-dev @types/sanitize-html` if it exists or add a new declaration (.d.ts) file containing `declare module 'sanitize-html';`\r\n\r\n\u001b[7m4\u001b[0m import sanitizeHtml from 'sanitize-html';\r\n\u001b[7m \u001b[0m \u001b[91m                         ~~~~~~~~~~~~~~~\u001b[0m\r\n\n    at createTSError (D:\\upwork orders\\Tudva\\abdullah-latest\\backend\\node_modules\\.pnpm\\ts-node@10.9.2_@types+node@22.13.8_typescript@5.8.2\\node_modules\\ts-node\\src\\index.ts:859:12)\n    at reportTSError (D:\\upwork orders\\Tudva\\abdullah-latest\\backend\\node_modules\\.pnpm\\ts-node@10.9.2_@types+node@22.13.8_typescript@5.8.2\\node_modules\\ts-node\\src\\index.ts:863:19)\n    at getOutput (D:\\upwork orders\\Tudva\\abdullah-latest\\backend\\node_modules\\.pnpm\\ts-node@10.9.2_@types+node@22.13.8_typescript@5.8.2\\node_modules\\ts-node\\src\\index.ts:1077:36)\n    at Object.compile (D:\\upwork orders\\Tudva\\abdullah-latest\\backend\\node_modules\\.pnpm\\ts-node@10.9.2_@types+node@22.13.8_typescript@5.8.2\\node_modules\\ts-node\\src\\index.ts:1433:41)\n    at Module.m._compile (D:\\upwork orders\\Tudva\\abdullah-latest\\backend\\node_modules\\.pnpm\\ts-node@10.9.2_@types+node@22.13.8_typescript@5.8.2\\node_modules\\ts-node\\src\\index.ts:1617:30)\n    at Module._extensions..js (node:internal/modules/cjs/loader:1416:10)\n    at Object.require.extensions.<computed> [as .ts] (D:\\upwork orders\\Tudva\\abdullah-latest\\backend\\node_modules\\.pnpm\\ts-node@10.9.2_@types+node@22.13.8_typescript@5.8.2\\node_modules\\ts-node\\src\\index.ts:1621:12)\n    at Module.load (node:internal/modules/cjs/loader:1208:32)\n    at Function.Module._load (node:internal/modules/cjs/loader:1024:12)\n    at Module.require (node:internal/modules/cjs/loader:1233:19)","timestamp":"2025-04-03 23:38:22","trace":[{"column":12,"file":"D:\\upwork orders\\Tudva\\abdullah-latest\\backend\\node_modules\\.pnpm\\ts-node@10.9.2_@types+node@22.13.8_typescript@5.8.2\\node_modules\\ts-node\\src\\index.ts","function":"createTSError","line":859,"method":null,"native":false},{"column":19,"file":"D:\\upwork orders\\Tudva\\abdullah-latest\\backend\\node_modules\\.pnpm\\ts-node@10.9.2_@types+node@22.13.8_typescript@5.8.2\\node_modules\\ts-node\\src\\index.ts","function":"reportTSError","line":863,"method":null,"native":false},{"column":36,"file":"D:\\upwork orders\\Tudva\\abdullah-latest\\backend\\node_modules\\.pnpm\\ts-node@10.9.2_@types+node@22.13.8_typescript@5.8.2\\node_modules\\ts-node\\src\\index.ts","function":"getOutput","line":1077,"method":null,"native":false},{"column":41,"file":"D:\\upwork orders\\Tudva\\abdullah-latest\\backend\\node_modules\\.pnpm\\ts-node@10.9.2_@types+node@22.13.8_typescript@5.8.2\\node_modules\\ts-node\\src\\index.ts","function":"Object.compile","line":1433,"method":"compile","native":false},{"column":30,"file":"D:\\upwork orders\\Tudva\\abdullah-latest\\backend\\node_modules\\.pnpm\\ts-node@10.9.2_@types+node@22.13.8_typescript@5.8.2\\node_modules\\ts-node\\src\\index.ts","function":"Module.m._compile","line":1617,"method":"_compile","native":false},{"column":10,"file":"node:internal/modules/cjs/loader","function":"Module._extensions..js","line":1416,"method":".js","native":false},{"column":12,"file":"D:\\upwork orders\\Tudva\\abdullah-latest\\backend\\node_modules\\.pnpm\\ts-node@10.9.2_@types+node@22.13.8_typescript@5.8.2\\node_modules\\ts-node\\src\\index.ts","function":"Object.require.extensions.<computed> [as .ts]","line":1621,"method":"ts]","native":false},{"column":32,"file":"node:internal/modules/cjs/loader","function":"Module.load","line":1208,"method":"load","native":false},{"column":12,"file":"node:internal/modules/cjs/loader","function":"Module._load","line":1024,"method":"_load","native":false},{"column":19,"file":"node:internal/modules/cjs/loader","function":"Module.require","line":1233,"method":"require","native":false}]}
{"date":"Thu Apr 03 2025 23:38:47 GMT+0500 (Pakistan Standard Time)","error":{"diagnosticCodes":[7016]},"exception":true,"level":"error","message":"uncaughtException: ⨯ Unable to compile TypeScript:\n\u001b[96msrc/middleware/validation.middleware.ts\u001b[0m:\u001b[93m4\u001b[0m:\u001b[93m26\u001b[0m - \u001b[91merror\u001b[0m\u001b[90m TS7016: \u001b[0mCould not find a declaration file for module 'sanitize-html'. 'D:/upwork orders/Tudva/abdullah-latest/backend/node_modules/.pnpm/sanitize-html@2.14.0/node_modules/sanitize-html/index.js' implicitly has an 'any' type.\r\n  Try `npm i --save-dev @types/sanitize-html` if it exists or add a new declaration (.d.ts) file containing `declare module 'sanitize-html';`\r\n\r\n\u001b[7m4\u001b[0m import sanitizeHtml from 'sanitize-html';\r\n\u001b[7m \u001b[0m \u001b[91m                         ~~~~~~~~~~~~~~~\u001b[0m\r\n\nTSError: ⨯ Unable to compile TypeScript:\n\u001b[96msrc/middleware/validation.middleware.ts\u001b[0m:\u001b[93m4\u001b[0m:\u001b[93m26\u001b[0m - \u001b[91merror\u001b[0m\u001b[90m TS7016: \u001b[0mCould not find a declaration file for module 'sanitize-html'. 'D:/upwork orders/Tudva/abdullah-latest/backend/node_modules/.pnpm/sanitize-html@2.14.0/node_modules/sanitize-html/index.js' implicitly has an 'any' type.\r\n  Try `npm i --save-dev @types/sanitize-html` if it exists or add a new declaration (.d.ts) file containing `declare module 'sanitize-html';`\r\n\r\n\u001b[7m4\u001b[0m import sanitizeHtml from 'sanitize-html';\r\n\u001b[7m \u001b[0m \u001b[91m                         ~~~~~~~~~~~~~~~\u001b[0m\r\n\n    at createTSError (D:\\upwork orders\\Tudva\\abdullah-latest\\backend\\node_modules\\.pnpm\\ts-node@10.9.2_@types+node@22.13.8_typescript@5.8.2\\node_modules\\ts-node\\src\\index.ts:859:12)\n    at reportTSError (D:\\upwork orders\\Tudva\\abdullah-latest\\backend\\node_modules\\.pnpm\\ts-node@10.9.2_@types+node@22.13.8_typescript@5.8.2\\node_modules\\ts-node\\src\\index.ts:863:19)\n    at getOutput (D:\\upwork orders\\Tudva\\abdullah-latest\\backend\\node_modules\\.pnpm\\ts-node@10.9.2_@types+node@22.13.8_typescript@5.8.2\\node_modules\\ts-node\\src\\index.ts:1077:36)\n    at Object.compile (D:\\upwork orders\\Tudva\\abdullah-latest\\backend\\node_modules\\.pnpm\\ts-node@10.9.2_@types+node@22.13.8_typescript@5.8.2\\node_modules\\ts-node\\src\\index.ts:1433:41)\n    at Module.m._compile (D:\\upwork orders\\Tudva\\abdullah-latest\\backend\\node_modules\\.pnpm\\ts-node@10.9.2_@types+node@22.13.8_typescript@5.8.2\\node_modules\\ts-node\\src\\index.ts:1617:30)\n    at Module._extensions..js (node:internal/modules/cjs/loader:1416:10)\n    at Object.require.extensions.<computed> [as .ts] (D:\\upwork orders\\Tudva\\abdullah-latest\\backend\\node_modules\\.pnpm\\ts-node@10.9.2_@types+node@22.13.8_typescript@5.8.2\\node_modules\\ts-node\\src\\index.ts:1621:12)\n    at Module.load (node:internal/modules/cjs/loader:1208:32)\n    at Function.Module._load (node:internal/modules/cjs/loader:1024:12)\n    at Module.require (node:internal/modules/cjs/loader:1233:19)","os":{"loadavg":[0,0,0],"uptime":863749.906},"process":{"argv":["D:\\upwork orders\\Tudva\\abdullah-latest\\backend\\node_modules\\ts-node\\dist\\bin.js","D:\\upwork orders\\Tudva\\abdullah-latest\\backend\\src\\server.ts"],"cwd":"D:\\upwork orders\\Tudva\\abdullah-latest\\backend","execPath":"C:\\Program Files\\nodejs\\node.exe","gid":null,"memoryUsage":{"arrayBuffers":4711681,"external":7575209,"heapTotal":228409344,"heapUsed":195054776,"rss":273506304},"pid":2888,"uid":null,"version":"v20.15.1"},"stack":"TSError: ⨯ Unable to compile TypeScript:\n\u001b[96msrc/middleware/validation.middleware.ts\u001b[0m:\u001b[93m4\u001b[0m:\u001b[93m26\u001b[0m - \u001b[91merror\u001b[0m\u001b[90m TS7016: \u001b[0mCould not find a declaration file for module 'sanitize-html'. 'D:/upwork orders/Tudva/abdullah-latest/backend/node_modules/.pnpm/sanitize-html@2.14.0/node_modules/sanitize-html/index.js' implicitly has an 'any' type.\r\n  Try `npm i --save-dev @types/sanitize-html` if it exists or add a new declaration (.d.ts) file containing `declare module 'sanitize-html';`\r\n\r\n\u001b[7m4\u001b[0m import sanitizeHtml from 'sanitize-html';\r\n\u001b[7m \u001b[0m \u001b[91m                         ~~~~~~~~~~~~~~~\u001b[0m\r\n\n    at createTSError (D:\\upwork orders\\Tudva\\abdullah-latest\\backend\\node_modules\\.pnpm\\ts-node@10.9.2_@types+node@22.13.8_typescript@5.8.2\\node_modules\\ts-node\\src\\index.ts:859:12)\n    at reportTSError (D:\\upwork orders\\Tudva\\abdullah-latest\\backend\\node_modules\\.pnpm\\ts-node@10.9.2_@types+node@22.13.8_typescript@5.8.2\\node_modules\\ts-node\\src\\index.ts:863:19)\n    at getOutput (D:\\upwork orders\\Tudva\\abdullah-latest\\backend\\node_modules\\.pnpm\\ts-node@10.9.2_@types+node@22.13.8_typescript@5.8.2\\node_modules\\ts-node\\src\\index.ts:1077:36)\n    at Object.compile (D:\\upwork orders\\Tudva\\abdullah-latest\\backend\\node_modules\\.pnpm\\ts-node@10.9.2_@types+node@22.13.8_typescript@5.8.2\\node_modules\\ts-node\\src\\index.ts:1433:41)\n    at Module.m._compile (D:\\upwork orders\\Tudva\\abdullah-latest\\backend\\node_modules\\.pnpm\\ts-node@10.9.2_@types+node@22.13.8_typescript@5.8.2\\node_modules\\ts-node\\src\\index.ts:1617:30)\n    at Module._extensions..js (node:internal/modules/cjs/loader:1416:10)\n    at Object.require.extensions.<computed> [as .ts] (D:\\upwork orders\\Tudva\\abdullah-latest\\backend\\node_modules\\.pnpm\\ts-node@10.9.2_@types+node@22.13.8_typescript@5.8.2\\node_modules\\ts-node\\src\\index.ts:1621:12)\n    at Module.load (node:internal/modules/cjs/loader:1208:32)\n    at Function.Module._load (node:internal/modules/cjs/loader:1024:12)\n    at Module.require (node:internal/modules/cjs/loader:1233:19)","timestamp":"2025-04-03 23:38:47","trace":[{"column":12,"file":"D:\\upwork orders\\Tudva\\abdullah-latest\\backend\\node_modules\\.pnpm\\ts-node@10.9.2_@types+node@22.13.8_typescript@5.8.2\\node_modules\\ts-node\\src\\index.ts","function":"createTSError","line":859,"method":null,"native":false},{"column":19,"file":"D:\\upwork orders\\Tudva\\abdullah-latest\\backend\\node_modules\\.pnpm\\ts-node@10.9.2_@types+node@22.13.8_typescript@5.8.2\\node_modules\\ts-node\\src\\index.ts","function":"reportTSError","line":863,"method":null,"native":false},{"column":36,"file":"D:\\upwork orders\\Tudva\\abdullah-latest\\backend\\node_modules\\.pnpm\\ts-node@10.9.2_@types+node@22.13.8_typescript@5.8.2\\node_modules\\ts-node\\src\\index.ts","function":"getOutput","line":1077,"method":null,"native":false},{"column":41,"file":"D:\\upwork orders\\Tudva\\abdullah-latest\\backend\\node_modules\\.pnpm\\ts-node@10.9.2_@types+node@22.13.8_typescript@5.8.2\\node_modules\\ts-node\\src\\index.ts","function":"Object.compile","line":1433,"method":"compile","native":false},{"column":30,"file":"D:\\upwork orders\\Tudva\\abdullah-latest\\backend\\node_modules\\.pnpm\\ts-node@10.9.2_@types+node@22.13.8_typescript@5.8.2\\node_modules\\ts-node\\src\\index.ts","function":"Module.m._compile","line":1617,"method":"_compile","native":false},{"column":10,"file":"node:internal/modules/cjs/loader","function":"Module._extensions..js","line":1416,"method":".js","native":false},{"column":12,"file":"D:\\upwork orders\\Tudva\\abdullah-latest\\backend\\node_modules\\.pnpm\\ts-node@10.9.2_@types+node@22.13.8_typescript@5.8.2\\node_modules\\ts-node\\src\\index.ts","function":"Object.require.extensions.<computed> [as .ts]","line":1621,"method":"ts]","native":false},{"column":32,"file":"node:internal/modules/cjs/loader","function":"Module.load","line":1208,"method":"load","native":false},{"column":12,"file":"node:internal/modules/cjs/loader","function":"Module._load","line":1024,"method":"_load","native":false},{"column":19,"file":"node:internal/modules/cjs/loader","function":"Module.require","line":1233,"method":"require","native":false}]}
{"date":"Thu Apr 03 2025 23:39:08 GMT+0500 (Pakistan Standard Time)","error":{"diagnosticCodes":[7016]},"exception":true,"level":"error","message":"uncaughtException: ⨯ Unable to compile TypeScript:\n\u001b[96msrc/middleware/validation.middleware.ts\u001b[0m:\u001b[93m4\u001b[0m:\u001b[93m26\u001b[0m - \u001b[91merror\u001b[0m\u001b[90m TS7016: \u001b[0mCould not find a declaration file for module 'sanitize-html'. 'D:/upwork orders/Tudva/abdullah-latest/backend/node_modules/.pnpm/sanitize-html@2.14.0/node_modules/sanitize-html/index.js' implicitly has an 'any' type.\r\n  Try `npm i --save-dev @types/sanitize-html` if it exists or add a new declaration (.d.ts) file containing `declare module 'sanitize-html';`\r\n\r\n\u001b[7m4\u001b[0m import sanitizeHtml from 'sanitize-html';\r\n\u001b[7m \u001b[0m \u001b[91m                         ~~~~~~~~~~~~~~~\u001b[0m\r\n\nTSError: ⨯ Unable to compile TypeScript:\n\u001b[96msrc/middleware/validation.middleware.ts\u001b[0m:\u001b[93m4\u001b[0m:\u001b[93m26\u001b[0m - \u001b[91merror\u001b[0m\u001b[90m TS7016: \u001b[0mCould not find a declaration file for module 'sanitize-html'. 'D:/upwork orders/Tudva/abdullah-latest/backend/node_modules/.pnpm/sanitize-html@2.14.0/node_modules/sanitize-html/index.js' implicitly has an 'any' type.\r\n  Try `npm i --save-dev @types/sanitize-html` if it exists or add a new declaration (.d.ts) file containing `declare module 'sanitize-html';`\r\n\r\n\u001b[7m4\u001b[0m import sanitizeHtml from 'sanitize-html';\r\n\u001b[7m \u001b[0m \u001b[91m                         ~~~~~~~~~~~~~~~\u001b[0m\r\n\n    at createTSError (D:\\upwork orders\\Tudva\\abdullah-latest\\backend\\node_modules\\.pnpm\\ts-node@10.9.2_@types+node@22.13.8_typescript@5.8.2\\node_modules\\ts-node\\src\\index.ts:859:12)\n    at reportTSError (D:\\upwork orders\\Tudva\\abdullah-latest\\backend\\node_modules\\.pnpm\\ts-node@10.9.2_@types+node@22.13.8_typescript@5.8.2\\node_modules\\ts-node\\src\\index.ts:863:19)\n    at getOutput (D:\\upwork orders\\Tudva\\abdullah-latest\\backend\\node_modules\\.pnpm\\ts-node@10.9.2_@types+node@22.13.8_typescript@5.8.2\\node_modules\\ts-node\\src\\index.ts:1077:36)\n    at Object.compile (D:\\upwork orders\\Tudva\\abdullah-latest\\backend\\node_modules\\.pnpm\\ts-node@10.9.2_@types+node@22.13.8_typescript@5.8.2\\node_modules\\ts-node\\src\\index.ts:1433:41)\n    at Module.m._compile (D:\\upwork orders\\Tudva\\abdullah-latest\\backend\\node_modules\\.pnpm\\ts-node@10.9.2_@types+node@22.13.8_typescript@5.8.2\\node_modules\\ts-node\\src\\index.ts:1617:30)\n    at Module._extensions..js (node:internal/modules/cjs/loader:1416:10)\n    at Object.require.extensions.<computed> [as .ts] (D:\\upwork orders\\Tudva\\abdullah-latest\\backend\\node_modules\\.pnpm\\ts-node@10.9.2_@types+node@22.13.8_typescript@5.8.2\\node_modules\\ts-node\\src\\index.ts:1621:12)\n    at Module.load (node:internal/modules/cjs/loader:1208:32)\n    at Function.Module._load (node:internal/modules/cjs/loader:1024:12)\n    at Module.require (node:internal/modules/cjs/loader:1233:19)","os":{"loadavg":[0,0,0],"uptime":863770.296},"process":{"argv":["D:\\upwork orders\\Tudva\\abdullah-latest\\backend\\node_modules\\ts-node\\dist\\bin.js","D:\\upwork orders\\Tudva\\abdullah-latest\\backend\\src\\server.ts"],"cwd":"D:\\upwork orders\\Tudva\\abdullah-latest\\backend","execPath":"C:\\Program Files\\nodejs\\node.exe","gid":null,"memoryUsage":{"arrayBuffers":4711681,"external":7575209,"heapTotal":228409344,"heapUsed":195256888,"rss":271896576},"pid":2532,"uid":null,"version":"v20.15.1"},"stack":"TSError: ⨯ Unable to compile TypeScript:\n\u001b[96msrc/middleware/validation.middleware.ts\u001b[0m:\u001b[93m4\u001b[0m:\u001b[93m26\u001b[0m - \u001b[91merror\u001b[0m\u001b[90m TS7016: \u001b[0mCould not find a declaration file for module 'sanitize-html'. 'D:/upwork orders/Tudva/abdullah-latest/backend/node_modules/.pnpm/sanitize-html@2.14.0/node_modules/sanitize-html/index.js' implicitly has an 'any' type.\r\n  Try `npm i --save-dev @types/sanitize-html` if it exists or add a new declaration (.d.ts) file containing `declare module 'sanitize-html';`\r\n\r\n\u001b[7m4\u001b[0m import sanitizeHtml from 'sanitize-html';\r\n\u001b[7m \u001b[0m \u001b[91m                         ~~~~~~~~~~~~~~~\u001b[0m\r\n\n    at createTSError (D:\\upwork orders\\Tudva\\abdullah-latest\\backend\\node_modules\\.pnpm\\ts-node@10.9.2_@types+node@22.13.8_typescript@5.8.2\\node_modules\\ts-node\\src\\index.ts:859:12)\n    at reportTSError (D:\\upwork orders\\Tudva\\abdullah-latest\\backend\\node_modules\\.pnpm\\ts-node@10.9.2_@types+node@22.13.8_typescript@5.8.2\\node_modules\\ts-node\\src\\index.ts:863:19)\n    at getOutput (D:\\upwork orders\\Tudva\\abdullah-latest\\backend\\node_modules\\.pnpm\\ts-node@10.9.2_@types+node@22.13.8_typescript@5.8.2\\node_modules\\ts-node\\src\\index.ts:1077:36)\n    at Object.compile (D:\\upwork orders\\Tudva\\abdullah-latest\\backend\\node_modules\\.pnpm\\ts-node@10.9.2_@types+node@22.13.8_typescript@5.8.2\\node_modules\\ts-node\\src\\index.ts:1433:41)\n    at Module.m._compile (D:\\upwork orders\\Tudva\\abdullah-latest\\backend\\node_modules\\.pnpm\\ts-node@10.9.2_@types+node@22.13.8_typescript@5.8.2\\node_modules\\ts-node\\src\\index.ts:1617:30)\n    at Module._extensions..js (node:internal/modules/cjs/loader:1416:10)\n    at Object.require.extensions.<computed> [as .ts] (D:\\upwork orders\\Tudva\\abdullah-latest\\backend\\node_modules\\.pnpm\\ts-node@10.9.2_@types+node@22.13.8_typescript@5.8.2\\node_modules\\ts-node\\src\\index.ts:1621:12)\n    at Module.load (node:internal/modules/cjs/loader:1208:32)\n    at Function.Module._load (node:internal/modules/cjs/loader:1024:12)\n    at Module.require (node:internal/modules/cjs/loader:1233:19)","timestamp":"2025-04-03 23:39:08","trace":[{"column":12,"file":"D:\\upwork orders\\Tudva\\abdullah-latest\\backend\\node_modules\\.pnpm\\ts-node@10.9.2_@types+node@22.13.8_typescript@5.8.2\\node_modules\\ts-node\\src\\index.ts","function":"createTSError","line":859,"method":null,"native":false},{"column":19,"file":"D:\\upwork orders\\Tudva\\abdullah-latest\\backend\\node_modules\\.pnpm\\ts-node@10.9.2_@types+node@22.13.8_typescript@5.8.2\\node_modules\\ts-node\\src\\index.ts","function":"reportTSError","line":863,"method":null,"native":false},{"column":36,"file":"D:\\upwork orders\\Tudva\\abdullah-latest\\backend\\node_modules\\.pnpm\\ts-node@10.9.2_@types+node@22.13.8_typescript@5.8.2\\node_modules\\ts-node\\src\\index.ts","function":"getOutput","line":1077,"method":null,"native":false},{"column":41,"file":"D:\\upwork orders\\Tudva\\abdullah-latest\\backend\\node_modules\\.pnpm\\ts-node@10.9.2_@types+node@22.13.8_typescript@5.8.2\\node_modules\\ts-node\\src\\index.ts","function":"Object.compile","line":1433,"method":"compile","native":false},{"column":30,"file":"D:\\upwork orders\\Tudva\\abdullah-latest\\backend\\node_modules\\.pnpm\\ts-node@10.9.2_@types+node@22.13.8_typescript@5.8.2\\node_modules\\ts-node\\src\\index.ts","function":"Module.m._compile","line":1617,"method":"_compile","native":false},{"column":10,"file":"node:internal/modules/cjs/loader","function":"Module._extensions..js","line":1416,"method":".js","native":false},{"column":12,"file":"D:\\upwork orders\\Tudva\\abdullah-latest\\backend\\node_modules\\.pnpm\\ts-node@10.9.2_@types+node@22.13.8_typescript@5.8.2\\node_modules\\ts-node\\src\\index.ts","function":"Object.require.extensions.<computed> [as .ts]","line":1621,"method":"ts]","native":false},{"column":32,"file":"node:internal/modules/cjs/loader","function":"Module.load","line":1208,"method":"load","native":false},{"column":12,"file":"node:internal/modules/cjs/loader","function":"Module._load","line":1024,"method":"_load","native":false},{"column":19,"file":"node:internal/modules/cjs/loader","function":"Module.require","line":1233,"method":"require","native":false}]}
{"date":"Thu Apr 03 2025 23:50:49 GMT+0500 (Pakistan Standard Time)","error":{"diagnosticCodes":[7016]},"exception":true,"level":"error","message":"uncaughtException: ⨯ Unable to compile TypeScript:\n\u001b[96msrc/middleware/validation.middleware.ts\u001b[0m:\u001b[93m4\u001b[0m:\u001b[93m26\u001b[0m - \u001b[91merror\u001b[0m\u001b[90m TS7016: \u001b[0mCould not find a declaration file for module 'sanitize-html'. 'D:/upwork orders/Tudva/abdullah-latest/backend/node_modules/.pnpm/sanitize-html@2.14.0/node_modules/sanitize-html/index.js' implicitly has an 'any' type.\r\n  Try `npm i --save-dev @types/sanitize-html` if it exists or add a new declaration (.d.ts) file containing `declare module 'sanitize-html';`\r\n\r\n\u001b[7m4\u001b[0m import sanitizeHtml from 'sanitize-html';\r\n\u001b[7m \u001b[0m \u001b[91m                         ~~~~~~~~~~~~~~~\u001b[0m\r\n\nTSError: ⨯ Unable to compile TypeScript:\n\u001b[96msrc/middleware/validation.middleware.ts\u001b[0m:\u001b[93m4\u001b[0m:\u001b[93m26\u001b[0m - \u001b[91merror\u001b[0m\u001b[90m TS7016: \u001b[0mCould not find a declaration file for module 'sanitize-html'. 'D:/upwork orders/Tudva/abdullah-latest/backend/node_modules/.pnpm/sanitize-html@2.14.0/node_modules/sanitize-html/index.js' implicitly has an 'any' type.\r\n  Try `npm i --save-dev @types/sanitize-html` if it exists or add a new declaration (.d.ts) file containing `declare module 'sanitize-html';`\r\n\r\n\u001b[7m4\u001b[0m import sanitizeHtml from 'sanitize-html';\r\n\u001b[7m \u001b[0m \u001b[91m                         ~~~~~~~~~~~~~~~\u001b[0m\r\n\n    at createTSError (D:\\upwork orders\\Tudva\\abdullah-latest\\backend\\node_modules\\.pnpm\\ts-node@10.9.2_@types+node@22.13.8_typescript@5.8.2\\node_modules\\ts-node\\src\\index.ts:859:12)\n    at reportTSError (D:\\upwork orders\\Tudva\\abdullah-latest\\backend\\node_modules\\.pnpm\\ts-node@10.9.2_@types+node@22.13.8_typescript@5.8.2\\node_modules\\ts-node\\src\\index.ts:863:19)\n    at getOutput (D:\\upwork orders\\Tudva\\abdullah-latest\\backend\\node_modules\\.pnpm\\ts-node@10.9.2_@types+node@22.13.8_typescript@5.8.2\\node_modules\\ts-node\\src\\index.ts:1077:36)\n    at Object.compile (D:\\upwork orders\\Tudva\\abdullah-latest\\backend\\node_modules\\.pnpm\\ts-node@10.9.2_@types+node@22.13.8_typescript@5.8.2\\node_modules\\ts-node\\src\\index.ts:1433:41)\n    at Module.m._compile (D:\\upwork orders\\Tudva\\abdullah-latest\\backend\\node_modules\\.pnpm\\ts-node@10.9.2_@types+node@22.13.8_typescript@5.8.2\\node_modules\\ts-node\\src\\index.ts:1617:30)\n    at Module._extensions..js (node:internal/modules/cjs/loader:1416:10)\n    at Object.require.extensions.<computed> [as .ts] (D:\\upwork orders\\Tudva\\abdullah-latest\\backend\\node_modules\\.pnpm\\ts-node@10.9.2_@types+node@22.13.8_typescript@5.8.2\\node_modules\\ts-node\\src\\index.ts:1621:12)\n    at Module.load (node:internal/modules/cjs/loader:1208:32)\n    at Function.Module._load (node:internal/modules/cjs/loader:1024:12)\n    at Module.require (node:internal/modules/cjs/loader:1233:19)","os":{"loadavg":[0,0,0],"uptime":864471.078},"process":{"argv":["D:\\upwork orders\\Tudva\\abdullah-latest\\backend\\node_modules\\ts-node\\dist\\bin.js","D:\\upwork orders\\Tudva\\abdullah-latest\\backend\\src\\server.ts"],"cwd":"D:\\upwork orders\\Tudva\\abdullah-latest\\backend","execPath":"C:\\Program Files\\nodejs\\node.exe","gid":null,"memoryUsage":{"arrayBuffers":4711737,"external":7575265,"heapTotal":227622912,"heapUsed":194281424,"rss":270057472},"pid":5140,"uid":null,"version":"v20.15.1"},"stack":"TSError: ⨯ Unable to compile TypeScript:\n\u001b[96msrc/middleware/validation.middleware.ts\u001b[0m:\u001b[93m4\u001b[0m:\u001b[93m26\u001b[0m - \u001b[91merror\u001b[0m\u001b[90m TS7016: \u001b[0mCould not find a declaration file for module 'sanitize-html'. 'D:/upwork orders/Tudva/abdullah-latest/backend/node_modules/.pnpm/sanitize-html@2.14.0/node_modules/sanitize-html/index.js' implicitly has an 'any' type.\r\n  Try `npm i --save-dev @types/sanitize-html` if it exists or add a new declaration (.d.ts) file containing `declare module 'sanitize-html';`\r\n\r\n\u001b[7m4\u001b[0m import sanitizeHtml from 'sanitize-html';\r\n\u001b[7m \u001b[0m \u001b[91m                         ~~~~~~~~~~~~~~~\u001b[0m\r\n\n    at createTSError (D:\\upwork orders\\Tudva\\abdullah-latest\\backend\\node_modules\\.pnpm\\ts-node@10.9.2_@types+node@22.13.8_typescript@5.8.2\\node_modules\\ts-node\\src\\index.ts:859:12)\n    at reportTSError (D:\\upwork orders\\Tudva\\abdullah-latest\\backend\\node_modules\\.pnpm\\ts-node@10.9.2_@types+node@22.13.8_typescript@5.8.2\\node_modules\\ts-node\\src\\index.ts:863:19)\n    at getOutput (D:\\upwork orders\\Tudva\\abdullah-latest\\backend\\node_modules\\.pnpm\\ts-node@10.9.2_@types+node@22.13.8_typescript@5.8.2\\node_modules\\ts-node\\src\\index.ts:1077:36)\n    at Object.compile (D:\\upwork orders\\Tudva\\abdullah-latest\\backend\\node_modules\\.pnpm\\ts-node@10.9.2_@types+node@22.13.8_typescript@5.8.2\\node_modules\\ts-node\\src\\index.ts:1433:41)\n    at Module.m._compile (D:\\upwork orders\\Tudva\\abdullah-latest\\backend\\node_modules\\.pnpm\\ts-node@10.9.2_@types+node@22.13.8_typescript@5.8.2\\node_modules\\ts-node\\src\\index.ts:1617:30)\n    at Module._extensions..js (node:internal/modules/cjs/loader:1416:10)\n    at Object.require.extensions.<computed> [as .ts] (D:\\upwork orders\\Tudva\\abdullah-latest\\backend\\node_modules\\.pnpm\\ts-node@10.9.2_@types+node@22.13.8_typescript@5.8.2\\node_modules\\ts-node\\src\\index.ts:1621:12)\n    at Module.load (node:internal/modules/cjs/loader:1208:32)\n    at Function.Module._load (node:internal/modules/cjs/loader:1024:12)\n    at Module.require (node:internal/modules/cjs/loader:1233:19)","timestamp":"2025-04-03 23:50:49","trace":[{"column":12,"file":"D:\\upwork orders\\Tudva\\abdullah-latest\\backend\\node_modules\\.pnpm\\ts-node@10.9.2_@types+node@22.13.8_typescript@5.8.2\\node_modules\\ts-node\\src\\index.ts","function":"createTSError","line":859,"method":null,"native":false},{"column":19,"file":"D:\\upwork orders\\Tudva\\abdullah-latest\\backend\\node_modules\\.pnpm\\ts-node@10.9.2_@types+node@22.13.8_typescript@5.8.2\\node_modules\\ts-node\\src\\index.ts","function":"reportTSError","line":863,"method":null,"native":false},{"column":36,"file":"D:\\upwork orders\\Tudva\\abdullah-latest\\backend\\node_modules\\.pnpm\\ts-node@10.9.2_@types+node@22.13.8_typescript@5.8.2\\node_modules\\ts-node\\src\\index.ts","function":"getOutput","line":1077,"method":null,"native":false},{"column":41,"file":"D:\\upwork orders\\Tudva\\abdullah-latest\\backend\\node_modules\\.pnpm\\ts-node@10.9.2_@types+node@22.13.8_typescript@5.8.2\\node_modules\\ts-node\\src\\index.ts","function":"Object.compile","line":1433,"method":"compile","native":false},{"column":30,"file":"D:\\upwork orders\\Tudva\\abdullah-latest\\backend\\node_modules\\.pnpm\\ts-node@10.9.2_@types+node@22.13.8_typescript@5.8.2\\node_modules\\ts-node\\src\\index.ts","function":"Module.m._compile","line":1617,"method":"_compile","native":false},{"column":10,"file":"node:internal/modules/cjs/loader","function":"Module._extensions..js","line":1416,"method":".js","native":false},{"column":12,"file":"D:\\upwork orders\\Tudva\\abdullah-latest\\backend\\node_modules\\.pnpm\\ts-node@10.9.2_@types+node@22.13.8_typescript@5.8.2\\node_modules\\ts-node\\src\\index.ts","function":"Object.require.extensions.<computed> [as .ts]","line":1621,"method":"ts]","native":false},{"column":32,"file":"node:internal/modules/cjs/loader","function":"Module.load","line":1208,"method":"load","native":false},{"column":12,"file":"node:internal/modules/cjs/loader","function":"Module._load","line":1024,"method":"_load","native":false},{"column":19,"file":"node:internal/modules/cjs/loader","function":"Module.require","line":1233,"method":"require","native":false}]}
{"date":"Thu Apr 03 2025 23:50:59 GMT+0500 (Pakistan Standard Time)","error":{"diagnosticCodes":[7016]},"exception":true,"level":"error","message":"uncaughtException: ⨯ Unable to compile TypeScript:\n\u001b[96msrc/middleware/validation.middleware.ts\u001b[0m:\u001b[93m4\u001b[0m:\u001b[93m26\u001b[0m - \u001b[91merror\u001b[0m\u001b[90m TS7016: \u001b[0mCould not find a declaration file for module 'sanitize-html'. 'D:/upwork orders/Tudva/abdullah-latest/backend/node_modules/.pnpm/sanitize-html@2.14.0/node_modules/sanitize-html/index.js' implicitly has an 'any' type.\r\n  Try `npm i --save-dev @types/sanitize-html` if it exists or add a new declaration (.d.ts) file containing `declare module 'sanitize-html';`\r\n\r\n\u001b[7m4\u001b[0m import sanitizeHtml from 'sanitize-html';\r\n\u001b[7m \u001b[0m \u001b[91m                         ~~~~~~~~~~~~~~~\u001b[0m\r\n\nTSError: ⨯ Unable to compile TypeScript:\n\u001b[96msrc/middleware/validation.middleware.ts\u001b[0m:\u001b[93m4\u001b[0m:\u001b[93m26\u001b[0m - \u001b[91merror\u001b[0m\u001b[90m TS7016: \u001b[0mCould not find a declaration file for module 'sanitize-html'. 'D:/upwork orders/Tudva/abdullah-latest/backend/node_modules/.pnpm/sanitize-html@2.14.0/node_modules/sanitize-html/index.js' implicitly has an 'any' type.\r\n  Try `npm i --save-dev @types/sanitize-html` if it exists or add a new declaration (.d.ts) file containing `declare module 'sanitize-html';`\r\n\r\n\u001b[7m4\u001b[0m import sanitizeHtml from 'sanitize-html';\r\n\u001b[7m \u001b[0m \u001b[91m                         ~~~~~~~~~~~~~~~\u001b[0m\r\n\n    at createTSError (D:\\upwork orders\\Tudva\\abdullah-latest\\backend\\node_modules\\.pnpm\\ts-node@10.9.2_@types+node@22.13.8_typescript@5.8.2\\node_modules\\ts-node\\src\\index.ts:859:12)\n    at reportTSError (D:\\upwork orders\\Tudva\\abdullah-latest\\backend\\node_modules\\.pnpm\\ts-node@10.9.2_@types+node@22.13.8_typescript@5.8.2\\node_modules\\ts-node\\src\\index.ts:863:19)\n    at getOutput (D:\\upwork orders\\Tudva\\abdullah-latest\\backend\\node_modules\\.pnpm\\ts-node@10.9.2_@types+node@22.13.8_typescript@5.8.2\\node_modules\\ts-node\\src\\index.ts:1077:36)\n    at Object.compile (D:\\upwork orders\\Tudva\\abdullah-latest\\backend\\node_modules\\.pnpm\\ts-node@10.9.2_@types+node@22.13.8_typescript@5.8.2\\node_modules\\ts-node\\src\\index.ts:1433:41)\n    at Module.m._compile (D:\\upwork orders\\Tudva\\abdullah-latest\\backend\\node_modules\\.pnpm\\ts-node@10.9.2_@types+node@22.13.8_typescript@5.8.2\\node_modules\\ts-node\\src\\index.ts:1617:30)\n    at Module._extensions..js (node:internal/modules/cjs/loader:1416:10)\n    at Object.require.extensions.<computed> [as .ts] (D:\\upwork orders\\Tudva\\abdullah-latest\\backend\\node_modules\\.pnpm\\ts-node@10.9.2_@types+node@22.13.8_typescript@5.8.2\\node_modules\\ts-node\\src\\index.ts:1621:12)\n    at Module.load (node:internal/modules/cjs/loader:1208:32)\n    at Function.Module._load (node:internal/modules/cjs/loader:1024:12)\n    at Module.require (node:internal/modules/cjs/loader:1233:19)","os":{"loadavg":[0,0,0],"uptime":864481.625},"process":{"argv":["D:\\upwork orders\\Tudva\\abdullah-latest\\backend\\node_modules\\ts-node\\dist\\bin.js","D:\\upwork orders\\Tudva\\abdullah-latest\\backend\\src\\server.ts"],"cwd":"D:\\upwork orders\\Tudva\\abdullah-latest\\backend","execPath":"C:\\Program Files\\nodejs\\node.exe","gid":null,"memoryUsage":{"arrayBuffers":4711745,"external":7575273,"heapTotal":228409344,"heapUsed":193778528,"rss":271073280},"pid":10996,"uid":null,"version":"v20.15.1"},"stack":"TSError: ⨯ Unable to compile TypeScript:\n\u001b[96msrc/middleware/validation.middleware.ts\u001b[0m:\u001b[93m4\u001b[0m:\u001b[93m26\u001b[0m - \u001b[91merror\u001b[0m\u001b[90m TS7016: \u001b[0mCould not find a declaration file for module 'sanitize-html'. 'D:/upwork orders/Tudva/abdullah-latest/backend/node_modules/.pnpm/sanitize-html@2.14.0/node_modules/sanitize-html/index.js' implicitly has an 'any' type.\r\n  Try `npm i --save-dev @types/sanitize-html` if it exists or add a new declaration (.d.ts) file containing `declare module 'sanitize-html';`\r\n\r\n\u001b[7m4\u001b[0m import sanitizeHtml from 'sanitize-html';\r\n\u001b[7m \u001b[0m \u001b[91m                         ~~~~~~~~~~~~~~~\u001b[0m\r\n\n    at createTSError (D:\\upwork orders\\Tudva\\abdullah-latest\\backend\\node_modules\\.pnpm\\ts-node@10.9.2_@types+node@22.13.8_typescript@5.8.2\\node_modules\\ts-node\\src\\index.ts:859:12)\n    at reportTSError (D:\\upwork orders\\Tudva\\abdullah-latest\\backend\\node_modules\\.pnpm\\ts-node@10.9.2_@types+node@22.13.8_typescript@5.8.2\\node_modules\\ts-node\\src\\index.ts:863:19)\n    at getOutput (D:\\upwork orders\\Tudva\\abdullah-latest\\backend\\node_modules\\.pnpm\\ts-node@10.9.2_@types+node@22.13.8_typescript@5.8.2\\node_modules\\ts-node\\src\\index.ts:1077:36)\n    at Object.compile (D:\\upwork orders\\Tudva\\abdullah-latest\\backend\\node_modules\\.pnpm\\ts-node@10.9.2_@types+node@22.13.8_typescript@5.8.2\\node_modules\\ts-node\\src\\index.ts:1433:41)\n    at Module.m._compile (D:\\upwork orders\\Tudva\\abdullah-latest\\backend\\node_modules\\.pnpm\\ts-node@10.9.2_@types+node@22.13.8_typescript@5.8.2\\node_modules\\ts-node\\src\\index.ts:1617:30)\n    at Module._extensions..js (node:internal/modules/cjs/loader:1416:10)\n    at Object.require.extensions.<computed> [as .ts] (D:\\upwork orders\\Tudva\\abdullah-latest\\backend\\node_modules\\.pnpm\\ts-node@10.9.2_@types+node@22.13.8_typescript@5.8.2\\node_modules\\ts-node\\src\\index.ts:1621:12)\n    at Module.load (node:internal/modules/cjs/loader:1208:32)\n    at Function.Module._load (node:internal/modules/cjs/loader:1024:12)\n    at Module.require (node:internal/modules/cjs/loader:1233:19)","timestamp":"2025-04-03 23:50:59","trace":[{"column":12,"file":"D:\\upwork orders\\Tudva\\abdullah-latest\\backend\\node_modules\\.pnpm\\ts-node@10.9.2_@types+node@22.13.8_typescript@5.8.2\\node_modules\\ts-node\\src\\index.ts","function":"createTSError","line":859,"method":null,"native":false},{"column":19,"file":"D:\\upwork orders\\Tudva\\abdullah-latest\\backend\\node_modules\\.pnpm\\ts-node@10.9.2_@types+node@22.13.8_typescript@5.8.2\\node_modules\\ts-node\\src\\index.ts","function":"reportTSError","line":863,"method":null,"native":false},{"column":36,"file":"D:\\upwork orders\\Tudva\\abdullah-latest\\backend\\node_modules\\.pnpm\\ts-node@10.9.2_@types+node@22.13.8_typescript@5.8.2\\node_modules\\ts-node\\src\\index.ts","function":"getOutput","line":1077,"method":null,"native":false},{"column":41,"file":"D:\\upwork orders\\Tudva\\abdullah-latest\\backend\\node_modules\\.pnpm\\ts-node@10.9.2_@types+node@22.13.8_typescript@5.8.2\\node_modules\\ts-node\\src\\index.ts","function":"Object.compile","line":1433,"method":"compile","native":false},{"column":30,"file":"D:\\upwork orders\\Tudva\\abdullah-latest\\backend\\node_modules\\.pnpm\\ts-node@10.9.2_@types+node@22.13.8_typescript@5.8.2\\node_modules\\ts-node\\src\\index.ts","function":"Module.m._compile","line":1617,"method":"_compile","native":false},{"column":10,"file":"node:internal/modules/cjs/loader","function":"Module._extensions..js","line":1416,"method":".js","native":false},{"column":12,"file":"D:\\upwork orders\\Tudva\\abdullah-latest\\backend\\node_modules\\.pnpm\\ts-node@10.9.2_@types+node@22.13.8_typescript@5.8.2\\node_modules\\ts-node\\src\\index.ts","function":"Object.require.extensions.<computed> [as .ts]","line":1621,"method":"ts]","native":false},{"column":32,"file":"node:internal/modules/cjs/loader","function":"Module.load","line":1208,"method":"load","native":false},{"column":12,"file":"node:internal/modules/cjs/loader","function":"Module._load","line":1024,"method":"_load","native":false},{"column":19,"file":"node:internal/modules/cjs/loader","function":"Module.require","line":1233,"method":"require","native":false}]}
{"date":"Thu Apr 03 2025 23:51:33 GMT+0500 (Pakistan Standard Time)","error":{"diagnosticCodes":[7016]},"exception":true,"level":"error","message":"uncaughtException: ⨯ Unable to compile TypeScript:\n\u001b[96msrc/middleware/validation.middleware.ts\u001b[0m:\u001b[93m4\u001b[0m:\u001b[93m26\u001b[0m - \u001b[91merror\u001b[0m\u001b[90m TS7016: \u001b[0mCould not find a declaration file for module 'sanitize-html'. 'D:/upwork orders/Tudva/abdullah-latest/backend/node_modules/.pnpm/sanitize-html@2.14.0/node_modules/sanitize-html/index.js' implicitly has an 'any' type.\r\n  Try `npm i --save-dev @types/sanitize-html` if it exists or add a new declaration (.d.ts) file containing `declare module 'sanitize-html';`\r\n\r\n\u001b[7m4\u001b[0m import sanitizeHtml from 'sanitize-html';\r\n\u001b[7m \u001b[0m \u001b[91m                         ~~~~~~~~~~~~~~~\u001b[0m\r\n\nTSError: ⨯ Unable to compile TypeScript:\n\u001b[96msrc/middleware/validation.middleware.ts\u001b[0m:\u001b[93m4\u001b[0m:\u001b[93m26\u001b[0m - \u001b[91merror\u001b[0m\u001b[90m TS7016: \u001b[0mCould not find a declaration file for module 'sanitize-html'. 'D:/upwork orders/Tudva/abdullah-latest/backend/node_modules/.pnpm/sanitize-html@2.14.0/node_modules/sanitize-html/index.js' implicitly has an 'any' type.\r\n  Try `npm i --save-dev @types/sanitize-html` if it exists or add a new declaration (.d.ts) file containing `declare module 'sanitize-html';`\r\n\r\n\u001b[7m4\u001b[0m import sanitizeHtml from 'sanitize-html';\r\n\u001b[7m \u001b[0m \u001b[91m                         ~~~~~~~~~~~~~~~\u001b[0m\r\n\n    at createTSError (D:\\upwork orders\\Tudva\\abdullah-latest\\backend\\node_modules\\.pnpm\\ts-node@10.9.2_@types+node@22.13.8_typescript@5.8.2\\node_modules\\ts-node\\src\\index.ts:859:12)\n    at reportTSError (D:\\upwork orders\\Tudva\\abdullah-latest\\backend\\node_modules\\.pnpm\\ts-node@10.9.2_@types+node@22.13.8_typescript@5.8.2\\node_modules\\ts-node\\src\\index.ts:863:19)\n    at getOutput (D:\\upwork orders\\Tudva\\abdullah-latest\\backend\\node_modules\\.pnpm\\ts-node@10.9.2_@types+node@22.13.8_typescript@5.8.2\\node_modules\\ts-node\\src\\index.ts:1077:36)\n    at Object.compile (D:\\upwork orders\\Tudva\\abdullah-latest\\backend\\node_modules\\.pnpm\\ts-node@10.9.2_@types+node@22.13.8_typescript@5.8.2\\node_modules\\ts-node\\src\\index.ts:1433:41)\n    at Module.m._compile (D:\\upwork orders\\Tudva\\abdullah-latest\\backend\\node_modules\\.pnpm\\ts-node@10.9.2_@types+node@22.13.8_typescript@5.8.2\\node_modules\\ts-node\\src\\index.ts:1617:30)\n    at Module._extensions..js (node:internal/modules/cjs/loader:1416:10)\n    at Object.require.extensions.<computed> [as .ts] (D:\\upwork orders\\Tudva\\abdullah-latest\\backend\\node_modules\\.pnpm\\ts-node@10.9.2_@types+node@22.13.8_typescript@5.8.2\\node_modules\\ts-node\\src\\index.ts:1621:12)\n    at Module.load (node:internal/modules/cjs/loader:1208:32)\n    at Function.Module._load (node:internal/modules/cjs/loader:1024:12)\n    at Module.require (node:internal/modules/cjs/loader:1233:19)","os":{"loadavg":[0,0,0],"uptime":864515.406},"process":{"argv":["D:\\upwork orders\\Tudva\\abdullah-latest\\backend\\node_modules\\ts-node\\dist\\bin.js","D:\\upwork orders\\Tudva\\abdullah-latest\\backend\\src\\server.ts"],"cwd":"D:\\upwork orders\\Tudva\\abdullah-latest\\backend","execPath":"C:\\Program Files\\nodejs\\node.exe","gid":null,"memoryUsage":{"arrayBuffers":4711713,"external":7575241,"heapTotal":228933632,"heapUsed":194502904,"rss":272756736},"pid":9424,"uid":null,"version":"v20.15.1"},"stack":"TSError: ⨯ Unable to compile TypeScript:\n\u001b[96msrc/middleware/validation.middleware.ts\u001b[0m:\u001b[93m4\u001b[0m:\u001b[93m26\u001b[0m - \u001b[91merror\u001b[0m\u001b[90m TS7016: \u001b[0mCould not find a declaration file for module 'sanitize-html'. 'D:/upwork orders/Tudva/abdullah-latest/backend/node_modules/.pnpm/sanitize-html@2.14.0/node_modules/sanitize-html/index.js' implicitly has an 'any' type.\r\n  Try `npm i --save-dev @types/sanitize-html` if it exists or add a new declaration (.d.ts) file containing `declare module 'sanitize-html';`\r\n\r\n\u001b[7m4\u001b[0m import sanitizeHtml from 'sanitize-html';\r\n\u001b[7m \u001b[0m \u001b[91m                         ~~~~~~~~~~~~~~~\u001b[0m\r\n\n    at createTSError (D:\\upwork orders\\Tudva\\abdullah-latest\\backend\\node_modules\\.pnpm\\ts-node@10.9.2_@types+node@22.13.8_typescript@5.8.2\\node_modules\\ts-node\\src\\index.ts:859:12)\n    at reportTSError (D:\\upwork orders\\Tudva\\abdullah-latest\\backend\\node_modules\\.pnpm\\ts-node@10.9.2_@types+node@22.13.8_typescript@5.8.2\\node_modules\\ts-node\\src\\index.ts:863:19)\n    at getOutput (D:\\upwork orders\\Tudva\\abdullah-latest\\backend\\node_modules\\.pnpm\\ts-node@10.9.2_@types+node@22.13.8_typescript@5.8.2\\node_modules\\ts-node\\src\\index.ts:1077:36)\n    at Object.compile (D:\\upwork orders\\Tudva\\abdullah-latest\\backend\\node_modules\\.pnpm\\ts-node@10.9.2_@types+node@22.13.8_typescript@5.8.2\\node_modules\\ts-node\\src\\index.ts:1433:41)\n    at Module.m._compile (D:\\upwork orders\\Tudva\\abdullah-latest\\backend\\node_modules\\.pnpm\\ts-node@10.9.2_@types+node@22.13.8_typescript@5.8.2\\node_modules\\ts-node\\src\\index.ts:1617:30)\n    at Module._extensions..js (node:internal/modules/cjs/loader:1416:10)\n    at Object.require.extensions.<computed> [as .ts] (D:\\upwork orders\\Tudva\\abdullah-latest\\backend\\node_modules\\.pnpm\\ts-node@10.9.2_@types+node@22.13.8_typescript@5.8.2\\node_modules\\ts-node\\src\\index.ts:1621:12)\n    at Module.load (node:internal/modules/cjs/loader:1208:32)\n    at Function.Module._load (node:internal/modules/cjs/loader:1024:12)\n    at Module.require (node:internal/modules/cjs/loader:1233:19)","timestamp":"2025-04-03 23:51:33","trace":[{"column":12,"file":"D:\\upwork orders\\Tudva\\abdullah-latest\\backend\\node_modules\\.pnpm\\ts-node@10.9.2_@types+node@22.13.8_typescript@5.8.2\\node_modules\\ts-node\\src\\index.ts","function":"createTSError","line":859,"method":null,"native":false},{"column":19,"file":"D:\\upwork orders\\Tudva\\abdullah-latest\\backend\\node_modules\\.pnpm\\ts-node@10.9.2_@types+node@22.13.8_typescript@5.8.2\\node_modules\\ts-node\\src\\index.ts","function":"reportTSError","line":863,"method":null,"native":false},{"column":36,"file":"D:\\upwork orders\\Tudva\\abdullah-latest\\backend\\node_modules\\.pnpm\\ts-node@10.9.2_@types+node@22.13.8_typescript@5.8.2\\node_modules\\ts-node\\src\\index.ts","function":"getOutput","line":1077,"method":null,"native":false},{"column":41,"file":"D:\\upwork orders\\Tudva\\abdullah-latest\\backend\\node_modules\\.pnpm\\ts-node@10.9.2_@types+node@22.13.8_typescript@5.8.2\\node_modules\\ts-node\\src\\index.ts","function":"Object.compile","line":1433,"method":"compile","native":false},{"column":30,"file":"D:\\upwork orders\\Tudva\\abdullah-latest\\backend\\node_modules\\.pnpm\\ts-node@10.9.2_@types+node@22.13.8_typescript@5.8.2\\node_modules\\ts-node\\src\\index.ts","function":"Module.m._compile","line":1617,"method":"_compile","native":false},{"column":10,"file":"node:internal/modules/cjs/loader","function":"Module._extensions..js","line":1416,"method":".js","native":false},{"column":12,"file":"D:\\upwork orders\\Tudva\\abdullah-latest\\backend\\node_modules\\.pnpm\\ts-node@10.9.2_@types+node@22.13.8_typescript@5.8.2\\node_modules\\ts-node\\src\\index.ts","function":"Object.require.extensions.<computed> [as .ts]","line":1621,"method":"ts]","native":false},{"column":32,"file":"node:internal/modules/cjs/loader","function":"Module.load","line":1208,"method":"load","native":false},{"column":12,"file":"node:internal/modules/cjs/loader","function":"Module._load","line":1024,"method":"_load","native":false},{"column":19,"file":"node:internal/modules/cjs/loader","function":"Module.require","line":1233,"method":"require","native":false}]}
{"date":"Thu Apr 03 2025 23:52:34 GMT+0500 (Pakistan Standard Time)","error":{"diagnosticCodes":[7016]},"exception":true,"level":"error","message":"uncaughtException: ⨯ Unable to compile TypeScript:\n\u001b[96msrc/middleware/validation.middleware.ts\u001b[0m:\u001b[93m4\u001b[0m:\u001b[93m26\u001b[0m - \u001b[91merror\u001b[0m\u001b[90m TS7016: \u001b[0mCould not find a declaration file for module 'sanitize-html'. 'D:/upwork orders/Tudva/abdullah-latest/backend/node_modules/.pnpm/sanitize-html@2.14.0/node_modules/sanitize-html/index.js' implicitly has an 'any' type.\r\n  Try `npm i --save-dev @types/sanitize-html` if it exists or add a new declaration (.d.ts) file containing `declare module 'sanitize-html';`\r\n\r\n\u001b[7m4\u001b[0m import sanitizeHtml from 'sanitize-html';\r\n\u001b[7m \u001b[0m \u001b[91m                         ~~~~~~~~~~~~~~~\u001b[0m\r\n\nTSError: ⨯ Unable to compile TypeScript:\n\u001b[96msrc/middleware/validation.middleware.ts\u001b[0m:\u001b[93m4\u001b[0m:\u001b[93m26\u001b[0m - \u001b[91merror\u001b[0m\u001b[90m TS7016: \u001b[0mCould not find a declaration file for module 'sanitize-html'. 'D:/upwork orders/Tudva/abdullah-latest/backend/node_modules/.pnpm/sanitize-html@2.14.0/node_modules/sanitize-html/index.js' implicitly has an 'any' type.\r\n  Try `npm i --save-dev @types/sanitize-html` if it exists or add a new declaration (.d.ts) file containing `declare module 'sanitize-html';`\r\n\r\n\u001b[7m4\u001b[0m import sanitizeHtml from 'sanitize-html';\r\n\u001b[7m \u001b[0m \u001b[91m                         ~~~~~~~~~~~~~~~\u001b[0m\r\n\n    at createTSError (D:\\upwork orders\\Tudva\\abdullah-latest\\backend\\node_modules\\.pnpm\\ts-node@10.9.2_@types+node@22.13.8_typescript@5.8.2\\node_modules\\ts-node\\src\\index.ts:859:12)\n    at reportTSError (D:\\upwork orders\\Tudva\\abdullah-latest\\backend\\node_modules\\.pnpm\\ts-node@10.9.2_@types+node@22.13.8_typescript@5.8.2\\node_modules\\ts-node\\src\\index.ts:863:19)\n    at getOutput (D:\\upwork orders\\Tudva\\abdullah-latest\\backend\\node_modules\\.pnpm\\ts-node@10.9.2_@types+node@22.13.8_typescript@5.8.2\\node_modules\\ts-node\\src\\index.ts:1077:36)\n    at Object.compile (D:\\upwork orders\\Tudva\\abdullah-latest\\backend\\node_modules\\.pnpm\\ts-node@10.9.2_@types+node@22.13.8_typescript@5.8.2\\node_modules\\ts-node\\src\\index.ts:1433:41)\n    at Module.m._compile (D:\\upwork orders\\Tudva\\abdullah-latest\\backend\\node_modules\\.pnpm\\ts-node@10.9.2_@types+node@22.13.8_typescript@5.8.2\\node_modules\\ts-node\\src\\index.ts:1617:30)\n    at Module._extensions..js (node:internal/modules/cjs/loader:1416:10)\n    at Object.require.extensions.<computed> [as .ts] (D:\\upwork orders\\Tudva\\abdullah-latest\\backend\\node_modules\\.pnpm\\ts-node@10.9.2_@types+node@22.13.8_typescript@5.8.2\\node_modules\\ts-node\\src\\index.ts:1621:12)\n    at Module.load (node:internal/modules/cjs/loader:1208:32)\n    at Function.Module._load (node:internal/modules/cjs/loader:1024:12)\n    at Module.require (node:internal/modules/cjs/loader:1233:19)","os":{"loadavg":[0,0,0],"uptime":864576.062},"process":{"argv":["D:\\upwork orders\\Tudva\\abdullah-latest\\backend\\node_modules\\ts-node\\dist\\bin.js","D:\\upwork orders\\Tudva\\abdullah-latest\\backend\\src\\server.ts"],"cwd":"D:\\upwork orders\\Tudva\\abdullah-latest\\backend","execPath":"C:\\Program Files\\nodejs\\node.exe","gid":null,"memoryUsage":{"arrayBuffers":4793763,"external":8714649,"heapTotal":262672384,"heapUsed":229662488,"rss":310333440},"pid":23360,"uid":null,"version":"v20.15.1"},"stack":"TSError: ⨯ Unable to compile TypeScript:\n\u001b[96msrc/middleware/validation.middleware.ts\u001b[0m:\u001b[93m4\u001b[0m:\u001b[93m26\u001b[0m - \u001b[91merror\u001b[0m\u001b[90m TS7016: \u001b[0mCould not find a declaration file for module 'sanitize-html'. 'D:/upwork orders/Tudva/abdullah-latest/backend/node_modules/.pnpm/sanitize-html@2.14.0/node_modules/sanitize-html/index.js' implicitly has an 'any' type.\r\n  Try `npm i --save-dev @types/sanitize-html` if it exists or add a new declaration (.d.ts) file containing `declare module 'sanitize-html';`\r\n\r\n\u001b[7m4\u001b[0m import sanitizeHtml from 'sanitize-html';\r\n\u001b[7m \u001b[0m \u001b[91m                         ~~~~~~~~~~~~~~~\u001b[0m\r\n\n    at createTSError (D:\\upwork orders\\Tudva\\abdullah-latest\\backend\\node_modules\\.pnpm\\ts-node@10.9.2_@types+node@22.13.8_typescript@5.8.2\\node_modules\\ts-node\\src\\index.ts:859:12)\n    at reportTSError (D:\\upwork orders\\Tudva\\abdullah-latest\\backend\\node_modules\\.pnpm\\ts-node@10.9.2_@types+node@22.13.8_typescript@5.8.2\\node_modules\\ts-node\\src\\index.ts:863:19)\n    at getOutput (D:\\upwork orders\\Tudva\\abdullah-latest\\backend\\node_modules\\.pnpm\\ts-node@10.9.2_@types+node@22.13.8_typescript@5.8.2\\node_modules\\ts-node\\src\\index.ts:1077:36)\n    at Object.compile (D:\\upwork orders\\Tudva\\abdullah-latest\\backend\\node_modules\\.pnpm\\ts-node@10.9.2_@types+node@22.13.8_typescript@5.8.2\\node_modules\\ts-node\\src\\index.ts:1433:41)\n    at Module.m._compile (D:\\upwork orders\\Tudva\\abdullah-latest\\backend\\node_modules\\.pnpm\\ts-node@10.9.2_@types+node@22.13.8_typescript@5.8.2\\node_modules\\ts-node\\src\\index.ts:1617:30)\n    at Module._extensions..js (node:internal/modules/cjs/loader:1416:10)\n    at Object.require.extensions.<computed> [as .ts] (D:\\upwork orders\\Tudva\\abdullah-latest\\backend\\node_modules\\.pnpm\\ts-node@10.9.2_@types+node@22.13.8_typescript@5.8.2\\node_modules\\ts-node\\src\\index.ts:1621:12)\n    at Module.load (node:internal/modules/cjs/loader:1208:32)\n    at Function.Module._load (node:internal/modules/cjs/loader:1024:12)\n    at Module.require (node:internal/modules/cjs/loader:1233:19)","timestamp":"2025-04-03 23:52:34","trace":[{"column":12,"file":"D:\\upwork orders\\Tudva\\abdullah-latest\\backend\\node_modules\\.pnpm\\ts-node@10.9.2_@types+node@22.13.8_typescript@5.8.2\\node_modules\\ts-node\\src\\index.ts","function":"createTSError","line":859,"method":null,"native":false},{"column":19,"file":"D:\\upwork orders\\Tudva\\abdullah-latest\\backend\\node_modules\\.pnpm\\ts-node@10.9.2_@types+node@22.13.8_typescript@5.8.2\\node_modules\\ts-node\\src\\index.ts","function":"reportTSError","line":863,"method":null,"native":false},{"column":36,"file":"D:\\upwork orders\\Tudva\\abdullah-latest\\backend\\node_modules\\.pnpm\\ts-node@10.9.2_@types+node@22.13.8_typescript@5.8.2\\node_modules\\ts-node\\src\\index.ts","function":"getOutput","line":1077,"method":null,"native":false},{"column":41,"file":"D:\\upwork orders\\Tudva\\abdullah-latest\\backend\\node_modules\\.pnpm\\ts-node@10.9.2_@types+node@22.13.8_typescript@5.8.2\\node_modules\\ts-node\\src\\index.ts","function":"Object.compile","line":1433,"method":"compile","native":false},{"column":30,"file":"D:\\upwork orders\\Tudva\\abdullah-latest\\backend\\node_modules\\.pnpm\\ts-node@10.9.2_@types+node@22.13.8_typescript@5.8.2\\node_modules\\ts-node\\src\\index.ts","function":"Module.m._compile","line":1617,"method":"_compile","native":false},{"column":10,"file":"node:internal/modules/cjs/loader","function":"Module._extensions..js","line":1416,"method":".js","native":false},{"column":12,"file":"D:\\upwork orders\\Tudva\\abdullah-latest\\backend\\node_modules\\.pnpm\\ts-node@10.9.2_@types+node@22.13.8_typescript@5.8.2\\node_modules\\ts-node\\src\\index.ts","function":"Object.require.extensions.<computed> [as .ts]","line":1621,"method":"ts]","native":false},{"column":32,"file":"node:internal/modules/cjs/loader","function":"Module.load","line":1208,"method":"load","native":false},{"column":12,"file":"node:internal/modules/cjs/loader","function":"Module._load","line":1024,"method":"_load","native":false},{"column":19,"file":"node:internal/modules/cjs/loader","function":"Module.require","line":1233,"method":"require","native":false}]}
{"date":"Thu Apr 03 2025 23:52:45 GMT+0500 (Pakistan Standard Time)","error":{"diagnosticCodes":[7016]},"exception":true,"level":"error","message":"uncaughtException: ⨯ Unable to compile TypeScript:\n\u001b[96msrc/middleware/validation.middleware.ts\u001b[0m:\u001b[93m4\u001b[0m:\u001b[93m26\u001b[0m - \u001b[91merror\u001b[0m\u001b[90m TS7016: \u001b[0mCould not find a declaration file for module 'sanitize-html'. 'D:/upwork orders/Tudva/abdullah-latest/backend/node_modules/.pnpm/sanitize-html@2.14.0/node_modules/sanitize-html/index.js' implicitly has an 'any' type.\r\n  Try `npm i --save-dev @types/sanitize-html` if it exists or add a new declaration (.d.ts) file containing `declare module 'sanitize-html';`\r\n\r\n\u001b[7m4\u001b[0m import sanitizeHtml from 'sanitize-html';\r\n\u001b[7m \u001b[0m \u001b[91m                         ~~~~~~~~~~~~~~~\u001b[0m\r\n\nTSError: ⨯ Unable to compile TypeScript:\n\u001b[96msrc/middleware/validation.middleware.ts\u001b[0m:\u001b[93m4\u001b[0m:\u001b[93m26\u001b[0m - \u001b[91merror\u001b[0m\u001b[90m TS7016: \u001b[0mCould not find a declaration file for module 'sanitize-html'. 'D:/upwork orders/Tudva/abdullah-latest/backend/node_modules/.pnpm/sanitize-html@2.14.0/node_modules/sanitize-html/index.js' implicitly has an 'any' type.\r\n  Try `npm i --save-dev @types/sanitize-html` if it exists or add a new declaration (.d.ts) file containing `declare module 'sanitize-html';`\r\n\r\n\u001b[7m4\u001b[0m import sanitizeHtml from 'sanitize-html';\r\n\u001b[7m \u001b[0m \u001b[91m                         ~~~~~~~~~~~~~~~\u001b[0m\r\n\n    at createTSError (D:\\upwork orders\\Tudva\\abdullah-latest\\backend\\node_modules\\.pnpm\\ts-node@10.9.2_@types+node@22.13.8_typescript@5.8.2\\node_modules\\ts-node\\src\\index.ts:859:12)\n    at reportTSError (D:\\upwork orders\\Tudva\\abdullah-latest\\backend\\node_modules\\.pnpm\\ts-node@10.9.2_@types+node@22.13.8_typescript@5.8.2\\node_modules\\ts-node\\src\\index.ts:863:19)\n    at getOutput (D:\\upwork orders\\Tudva\\abdullah-latest\\backend\\node_modules\\.pnpm\\ts-node@10.9.2_@types+node@22.13.8_typescript@5.8.2\\node_modules\\ts-node\\src\\index.ts:1077:36)\n    at Object.compile (D:\\upwork orders\\Tudva\\abdullah-latest\\backend\\node_modules\\.pnpm\\ts-node@10.9.2_@types+node@22.13.8_typescript@5.8.2\\node_modules\\ts-node\\src\\index.ts:1433:41)\n    at Module.m._compile (D:\\upwork orders\\Tudva\\abdullah-latest\\backend\\node_modules\\.pnpm\\ts-node@10.9.2_@types+node@22.13.8_typescript@5.8.2\\node_modules\\ts-node\\src\\index.ts:1617:30)\n    at Module._extensions..js (node:internal/modules/cjs/loader:1416:10)\n    at Object.require.extensions.<computed> [as .ts] (D:\\upwork orders\\Tudva\\abdullah-latest\\backend\\node_modules\\.pnpm\\ts-node@10.9.2_@types+node@22.13.8_typescript@5.8.2\\node_modules\\ts-node\\src\\index.ts:1621:12)\n    at Module.load (node:internal/modules/cjs/loader:1208:32)\n    at Function.Module._load (node:internal/modules/cjs/loader:1024:12)\n    at Module.require (node:internal/modules/cjs/loader:1233:19)","os":{"loadavg":[0,0,0],"uptime":864587.125},"process":{"argv":["D:\\upwork orders\\Tudva\\abdullah-latest\\backend\\node_modules\\ts-node\\dist\\bin.js","D:\\upwork orders\\Tudva\\abdullah-latest\\backend\\src\\server.ts"],"cwd":"D:\\upwork orders\\Tudva\\abdullah-latest\\backend","execPath":"C:\\Program Files\\nodejs\\node.exe","gid":null,"memoryUsage":{"arrayBuffers":4719913,"external":7578922,"heapTotal":242040832,"heapUsed":212078480,"rss":283033600},"pid":8920,"uid":null,"version":"v20.15.1"},"stack":"TSError: ⨯ Unable to compile TypeScript:\n\u001b[96msrc/middleware/validation.middleware.ts\u001b[0m:\u001b[93m4\u001b[0m:\u001b[93m26\u001b[0m - \u001b[91merror\u001b[0m\u001b[90m TS7016: \u001b[0mCould not find a declaration file for module 'sanitize-html'. 'D:/upwork orders/Tudva/abdullah-latest/backend/node_modules/.pnpm/sanitize-html@2.14.0/node_modules/sanitize-html/index.js' implicitly has an 'any' type.\r\n  Try `npm i --save-dev @types/sanitize-html` if it exists or add a new declaration (.d.ts) file containing `declare module 'sanitize-html';`\r\n\r\n\u001b[7m4\u001b[0m import sanitizeHtml from 'sanitize-html';\r\n\u001b[7m \u001b[0m \u001b[91m                         ~~~~~~~~~~~~~~~\u001b[0m\r\n\n    at createTSError (D:\\upwork orders\\Tudva\\abdullah-latest\\backend\\node_modules\\.pnpm\\ts-node@10.9.2_@types+node@22.13.8_typescript@5.8.2\\node_modules\\ts-node\\src\\index.ts:859:12)\n    at reportTSError (D:\\upwork orders\\Tudva\\abdullah-latest\\backend\\node_modules\\.pnpm\\ts-node@10.9.2_@types+node@22.13.8_typescript@5.8.2\\node_modules\\ts-node\\src\\index.ts:863:19)\n    at getOutput (D:\\upwork orders\\Tudva\\abdullah-latest\\backend\\node_modules\\.pnpm\\ts-node@10.9.2_@types+node@22.13.8_typescript@5.8.2\\node_modules\\ts-node\\src\\index.ts:1077:36)\n    at Object.compile (D:\\upwork orders\\Tudva\\abdullah-latest\\backend\\node_modules\\.pnpm\\ts-node@10.9.2_@types+node@22.13.8_typescript@5.8.2\\node_modules\\ts-node\\src\\index.ts:1433:41)\n    at Module.m._compile (D:\\upwork orders\\Tudva\\abdullah-latest\\backend\\node_modules\\.pnpm\\ts-node@10.9.2_@types+node@22.13.8_typescript@5.8.2\\node_modules\\ts-node\\src\\index.ts:1617:30)\n    at Module._extensions..js (node:internal/modules/cjs/loader:1416:10)\n    at Object.require.extensions.<computed> [as .ts] (D:\\upwork orders\\Tudva\\abdullah-latest\\backend\\node_modules\\.pnpm\\ts-node@10.9.2_@types+node@22.13.8_typescript@5.8.2\\node_modules\\ts-node\\src\\index.ts:1621:12)\n    at Module.load (node:internal/modules/cjs/loader:1208:32)\n    at Function.Module._load (node:internal/modules/cjs/loader:1024:12)\n    at Module.require (node:internal/modules/cjs/loader:1233:19)","timestamp":"2025-04-03 23:52:45","trace":[{"column":12,"file":"D:\\upwork orders\\Tudva\\abdullah-latest\\backend\\node_modules\\.pnpm\\ts-node@10.9.2_@types+node@22.13.8_typescript@5.8.2\\node_modules\\ts-node\\src\\index.ts","function":"createTSError","line":859,"method":null,"native":false},{"column":19,"file":"D:\\upwork orders\\Tudva\\abdullah-latest\\backend\\node_modules\\.pnpm\\ts-node@10.9.2_@types+node@22.13.8_typescript@5.8.2\\node_modules\\ts-node\\src\\index.ts","function":"reportTSError","line":863,"method":null,"native":false},{"column":36,"file":"D:\\upwork orders\\Tudva\\abdullah-latest\\backend\\node_modules\\.pnpm\\ts-node@10.9.2_@types+node@22.13.8_typescript@5.8.2\\node_modules\\ts-node\\src\\index.ts","function":"getOutput","line":1077,"method":null,"native":false},{"column":41,"file":"D:\\upwork orders\\Tudva\\abdullah-latest\\backend\\node_modules\\.pnpm\\ts-node@10.9.2_@types+node@22.13.8_typescript@5.8.2\\node_modules\\ts-node\\src\\index.ts","function":"Object.compile","line":1433,"method":"compile","native":false},{"column":30,"file":"D:\\upwork orders\\Tudva\\abdullah-latest\\backend\\node_modules\\.pnpm\\ts-node@10.9.2_@types+node@22.13.8_typescript@5.8.2\\node_modules\\ts-node\\src\\index.ts","function":"Module.m._compile","line":1617,"method":"_compile","native":false},{"column":10,"file":"node:internal/modules/cjs/loader","function":"Module._extensions..js","line":1416,"method":".js","native":false},{"column":12,"file":"D:\\upwork orders\\Tudva\\abdullah-latest\\backend\\node_modules\\.pnpm\\ts-node@10.9.2_@types+node@22.13.8_typescript@5.8.2\\node_modules\\ts-node\\src\\index.ts","function":"Object.require.extensions.<computed> [as .ts]","line":1621,"method":"ts]","native":false},{"column":32,"file":"node:internal/modules/cjs/loader","function":"Module.load","line":1208,"method":"load","native":false},{"column":12,"file":"node:internal/modules/cjs/loader","function":"Module._load","line":1024,"method":"_load","native":false},{"column":19,"file":"node:internal/modules/cjs/loader","function":"Module.require","line":1233,"method":"require","native":false}]}
{"date":"Thu Apr 03 2025 23:53:15 GMT+0500 (Pakistan Standard Time)","error":{"diagnosticCodes":[7016]},"exception":true,"level":"error","message":"uncaughtException: ⨯ Unable to compile TypeScript:\n\u001b[96msrc/middleware/validation.middleware.ts\u001b[0m:\u001b[93m4\u001b[0m:\u001b[93m26\u001b[0m - \u001b[91merror\u001b[0m\u001b[90m TS7016: \u001b[0mCould not find a declaration file for module 'sanitize-html'. 'D:/upwork orders/Tudva/abdullah-latest/backend/node_modules/.pnpm/sanitize-html@2.14.0/node_modules/sanitize-html/index.js' implicitly has an 'any' type.\r\n  Try `npm i --save-dev @types/sanitize-html` if it exists or add a new declaration (.d.ts) file containing `declare module 'sanitize-html';`\r\n\r\n\u001b[7m4\u001b[0m import sanitizeHtml from 'sanitize-html';\r\n\u001b[7m \u001b[0m \u001b[91m                         ~~~~~~~~~~~~~~~\u001b[0m\r\n\nTSError: ⨯ Unable to compile TypeScript:\n\u001b[96msrc/middleware/validation.middleware.ts\u001b[0m:\u001b[93m4\u001b[0m:\u001b[93m26\u001b[0m - \u001b[91merror\u001b[0m\u001b[90m TS7016: \u001b[0mCould not find a declaration file for module 'sanitize-html'. 'D:/upwork orders/Tudva/abdullah-latest/backend/node_modules/.pnpm/sanitize-html@2.14.0/node_modules/sanitize-html/index.js' implicitly has an 'any' type.\r\n  Try `npm i --save-dev @types/sanitize-html` if it exists or add a new declaration (.d.ts) file containing `declare module 'sanitize-html';`\r\n\r\n\u001b[7m4\u001b[0m import sanitizeHtml from 'sanitize-html';\r\n\u001b[7m \u001b[0m \u001b[91m                         ~~~~~~~~~~~~~~~\u001b[0m\r\n\n    at createTSError (D:\\upwork orders\\Tudva\\abdullah-latest\\backend\\node_modules\\.pnpm\\ts-node@10.9.2_@types+node@22.13.8_typescript@5.8.2\\node_modules\\ts-node\\src\\index.ts:859:12)\n    at reportTSError (D:\\upwork orders\\Tudva\\abdullah-latest\\backend\\node_modules\\.pnpm\\ts-node@10.9.2_@types+node@22.13.8_typescript@5.8.2\\node_modules\\ts-node\\src\\index.ts:863:19)\n    at getOutput (D:\\upwork orders\\Tudva\\abdullah-latest\\backend\\node_modules\\.pnpm\\ts-node@10.9.2_@types+node@22.13.8_typescript@5.8.2\\node_modules\\ts-node\\src\\index.ts:1077:36)\n    at Object.compile (D:\\upwork orders\\Tudva\\abdullah-latest\\backend\\node_modules\\.pnpm\\ts-node@10.9.2_@types+node@22.13.8_typescript@5.8.2\\node_modules\\ts-node\\src\\index.ts:1433:41)\n    at Module.m._compile (D:\\upwork orders\\Tudva\\abdullah-latest\\backend\\node_modules\\.pnpm\\ts-node@10.9.2_@types+node@22.13.8_typescript@5.8.2\\node_modules\\ts-node\\src\\index.ts:1617:30)\n    at Module._extensions..js (node:internal/modules/cjs/loader:1416:10)\n    at Object.require.extensions.<computed> [as .ts] (D:\\upwork orders\\Tudva\\abdullah-latest\\backend\\node_modules\\.pnpm\\ts-node@10.9.2_@types+node@22.13.8_typescript@5.8.2\\node_modules\\ts-node\\src\\index.ts:1621:12)\n    at Module.load (node:internal/modules/cjs/loader:1208:32)\n    at Function.Module._load (node:internal/modules/cjs/loader:1024:12)\n    at Module.require (node:internal/modules/cjs/loader:1233:19)","os":{"loadavg":[0,0,0],"uptime":864617.625},"process":{"argv":["D:\\upwork orders\\Tudva\\abdullah-latest\\backend\\node_modules\\ts-node\\dist\\bin.js","D:\\upwork orders\\Tudva\\abdullah-latest\\backend\\src\\server.ts"],"cwd":"D:\\upwork orders\\Tudva\\abdullah-latest\\backend","execPath":"C:\\Program Files\\nodejs\\node.exe","gid":null,"memoryUsage":{"arrayBuffers":4793675,"external":8714561,"heapTotal":264769536,"heapUsed":236818784,"rss":312365056},"pid":25524,"uid":null,"version":"v20.15.1"},"stack":"TSError: ⨯ Unable to compile TypeScript:\n\u001b[96msrc/middleware/validation.middleware.ts\u001b[0m:\u001b[93m4\u001b[0m:\u001b[93m26\u001b[0m - \u001b[91merror\u001b[0m\u001b[90m TS7016: \u001b[0mCould not find a declaration file for module 'sanitize-html'. 'D:/upwork orders/Tudva/abdullah-latest/backend/node_modules/.pnpm/sanitize-html@2.14.0/node_modules/sanitize-html/index.js' implicitly has an 'any' type.\r\n  Try `npm i --save-dev @types/sanitize-html` if it exists or add a new declaration (.d.ts) file containing `declare module 'sanitize-html';`\r\n\r\n\u001b[7m4\u001b[0m import sanitizeHtml from 'sanitize-html';\r\n\u001b[7m \u001b[0m \u001b[91m                         ~~~~~~~~~~~~~~~\u001b[0m\r\n\n    at createTSError (D:\\upwork orders\\Tudva\\abdullah-latest\\backend\\node_modules\\.pnpm\\ts-node@10.9.2_@types+node@22.13.8_typescript@5.8.2\\node_modules\\ts-node\\src\\index.ts:859:12)\n    at reportTSError (D:\\upwork orders\\Tudva\\abdullah-latest\\backend\\node_modules\\.pnpm\\ts-node@10.9.2_@types+node@22.13.8_typescript@5.8.2\\node_modules\\ts-node\\src\\index.ts:863:19)\n    at getOutput (D:\\upwork orders\\Tudva\\abdullah-latest\\backend\\node_modules\\.pnpm\\ts-node@10.9.2_@types+node@22.13.8_typescript@5.8.2\\node_modules\\ts-node\\src\\index.ts:1077:36)\n    at Object.compile (D:\\upwork orders\\Tudva\\abdullah-latest\\backend\\node_modules\\.pnpm\\ts-node@10.9.2_@types+node@22.13.8_typescript@5.8.2\\node_modules\\ts-node\\src\\index.ts:1433:41)\n    at Module.m._compile (D:\\upwork orders\\Tudva\\abdullah-latest\\backend\\node_modules\\.pnpm\\ts-node@10.9.2_@types+node@22.13.8_typescript@5.8.2\\node_modules\\ts-node\\src\\index.ts:1617:30)\n    at Module._extensions..js (node:internal/modules/cjs/loader:1416:10)\n    at Object.require.extensions.<computed> [as .ts] (D:\\upwork orders\\Tudva\\abdullah-latest\\backend\\node_modules\\.pnpm\\ts-node@10.9.2_@types+node@22.13.8_typescript@5.8.2\\node_modules\\ts-node\\src\\index.ts:1621:12)\n    at Module.load (node:internal/modules/cjs/loader:1208:32)\n    at Function.Module._load (node:internal/modules/cjs/loader:1024:12)\n    at Module.require (node:internal/modules/cjs/loader:1233:19)","timestamp":"2025-04-03 23:53:15","trace":[{"column":12,"file":"D:\\upwork orders\\Tudva\\abdullah-latest\\backend\\node_modules\\.pnpm\\ts-node@10.9.2_@types+node@22.13.8_typescript@5.8.2\\node_modules\\ts-node\\src\\index.ts","function":"createTSError","line":859,"method":null,"native":false},{"column":19,"file":"D:\\upwork orders\\Tudva\\abdullah-latest\\backend\\node_modules\\.pnpm\\ts-node@10.9.2_@types+node@22.13.8_typescript@5.8.2\\node_modules\\ts-node\\src\\index.ts","function":"reportTSError","line":863,"method":null,"native":false},{"column":36,"file":"D:\\upwork orders\\Tudva\\abdullah-latest\\backend\\node_modules\\.pnpm\\ts-node@10.9.2_@types+node@22.13.8_typescript@5.8.2\\node_modules\\ts-node\\src\\index.ts","function":"getOutput","line":1077,"method":null,"native":false},{"column":41,"file":"D:\\upwork orders\\Tudva\\abdullah-latest\\backend\\node_modules\\.pnpm\\ts-node@10.9.2_@types+node@22.13.8_typescript@5.8.2\\node_modules\\ts-node\\src\\index.ts","function":"Object.compile","line":1433,"method":"compile","native":false},{"column":30,"file":"D:\\upwork orders\\Tudva\\abdullah-latest\\backend\\node_modules\\.pnpm\\ts-node@10.9.2_@types+node@22.13.8_typescript@5.8.2\\node_modules\\ts-node\\src\\index.ts","function":"Module.m._compile","line":1617,"method":"_compile","native":false},{"column":10,"file":"node:internal/modules/cjs/loader","function":"Module._extensions..js","line":1416,"method":".js","native":false},{"column":12,"file":"D:\\upwork orders\\Tudva\\abdullah-latest\\backend\\node_modules\\.pnpm\\ts-node@10.9.2_@types+node@22.13.8_typescript@5.8.2\\node_modules\\ts-node\\src\\index.ts","function":"Object.require.extensions.<computed> [as .ts]","line":1621,"method":"ts]","native":false},{"column":32,"file":"node:internal/modules/cjs/loader","function":"Module.load","line":1208,"method":"load","native":false},{"column":12,"file":"node:internal/modules/cjs/loader","function":"Module._load","line":1024,"method":"_load","native":false},{"column":19,"file":"node:internal/modules/cjs/loader","function":"Module.require","line":1233,"method":"require","native":false}]}
